2025-4-16 11:23:42 - log: Load engine in C:\ProgramData\cocos\editors\Creator\3.8.5\resources\resources\3d\engine
2025-4-16 11:23:43 - log: Profile changed: engine (modules.includeModules: 2d,animation,audio,base,custom-pipeline,dragon-bones,gfx-webgl,gfx-webgl2,intersection-2d,particle-2d,physics-2d-box2d,profiler,spine,tiled-map,tween,ui,video,webview)
2025-4-16 11:23:43 - log: Register native engine in C:\ProgramData\cocos\editors\Creator\3.8.5\resources\resources\3d\engine\native
2025-4-16 11:23:43 - log: Request namespace: device-list
2025-4-16 11:23:54 - log: [Scene] meshopt wasm decoder initialized
2025-4-16 11:23:54 - log: [Scene] [box2d]:box2d wasm lib loaded.
2025-4-16 11:23:54 - log: [Scene] [bullet]:bullet wasm lib loaded.
2025-4-16 11:23:54 - log: [Scene] [PHYSICS]: using builtin.
2025-4-16 11:23:54 - log: [Scene] Cocos Creator v3.8.5
2025-4-16 11:23:54 - log: [Scene] Using custom pipeline: Builtin
2025-4-16 11:23:55 - log: [Scene] [PHYSICS2D]: switch from box2d-wasm to box2d.
2025-4-16 11:28:36 - warn: [Assets] Please set the application in {preferences} -> {program} -> {scriptEditor} to better open the scriptWarn: [Assets] Please set the application in {preferences} -> {program} -> {scriptEditor} to better open the script
    at console.warn (C:\ProgramData\cocos\editors\Creator\3.8.5\resources\app.asar\node_modules\@sentry\src\instrument\console.ts:40:20)
    at NewConsole.warn (C:\ProgramData\cocos\editors\Creator\3.8.5\resources\app.asar\builtin\asset-db\dist\worker\console.ccc:1:1510)
    at findVsCode (C:\ProgramData\cocos\editors\Creator\3.8.5\resources\app.asar\modules\engine-extensions\extensions\engine-extends\dist\handler\utils.ccc:1:3546)
    at Object.openCode [as open] (C:\ProgramData\cocos\editors\Creator\3.8.5\resources\app.asar\modules\engine-extensions\extensions\engine-extends\dist\handler\utils.ccc:1:3282)
    at Ipc.<anonymous> (C:\ProgramData\cocos\editors\Creator\3.8.5\resources\app.asar\builtin\asset-db\dist\worker\ipc.ccc:1:530)
2025-4-16 11:36:54 - warn: [Assets] Please set the application in {preferences} -> {program} -> {scriptEditor} to better open the scriptWarn: [Assets] Please set the application in {preferences} -> {program} -> {scriptEditor} to better open the script
    at console.warn (C:\ProgramData\cocos\editors\Creator\3.8.5\resources\app.asar\node_modules\@sentry\src\instrument\console.ts:40:20)
    at NewConsole.warn (C:\ProgramData\cocos\editors\Creator\3.8.5\resources\app.asar\builtin\asset-db\dist\worker\console.ccc:1:1510)
    at findVsCode (C:\ProgramData\cocos\editors\Creator\3.8.5\resources\app.asar\modules\engine-extensions\extensions\engine-extends\dist\handler\utils.ccc:1:3546)
    at Object.openCode [as open] (C:\ProgramData\cocos\editors\Creator\3.8.5\resources\app.asar\modules\engine-extensions\extensions\engine-extends\dist\handler\utils.ccc:1:3282)
    at Ipc.<anonymous> (C:\ProgramData\cocos\editors\Creator\3.8.5\resources\app.asar\builtin\asset-db\dist\worker\ipc.ccc:1:530)
