12:52:47.033 debug: 2025/4/23 12:52:47
12:52:47.034 debug: Project: C:\Users\Administrator\MahjongDenfense
12:52:47.034 debug: Targets: editor,preview
12:52:47.057 debug: Incremental file seems great.
12:52:47.059 debug: Engine path: C:\ProgramData\cocos\editors\Creator\3.8.5\resources\resources\3d\engine
12:52:47.093 debug: Initializing target [Editor]
12:52:47.094 debug: Loading cache
12:52:47.098 debug: Loading cache costs 3.722300000001269ms.
12:52:47.099 debug: Engine features shipped in editor: base,gfx-webgl,gfx-webgl2,gfx-empty,gfx-webgpu,3d,animation,skeletal-animation,2d,ui,particle,particle-2d,physics-framework,physics-2d-framework,physics-2d-box2d-wasm,intersection-2d,primitive,profiler,occlusion-query,geometry-renderer,debug-renderer,audio,video,xr,light-probe,terrain,webview,tween,tiled-map,vendor-google,spine,dragon-bones,marionette,procedural-animation,custom-pipeline,custom-pipeline-builtin-scripts,custom-pipeline-post-process,legacy-pipeline,websocket,websocket-server,meshopt
12:52:47.100 debug: Our import map(foo:/bar): {
  "imports": {
    "cc": "cce:/internal/x/cc"
  }
}
12:52:47.100 debug: Initializing target [Preview]
12:52:47.101 debug: Loading cache
12:52:47.105 debug: Loading cache costs 4.113499999999476ms.
12:52:47.105 debug: Our import map(foo:/bar): {
  "imports": {
    "cc": "cce:/internal/x/cc"
  }
}
12:52:47.163 debug: Sync engine features: 2d,animation,audio,base,custom-pipeline,dragon-bones,gfx-webgl,gfx-webgl2,intersection-2d,particle-2d,physics-2d-box2d,profiler,spine,tiled-map,tween,ui,video,webview
12:52:47.169 debug: Reset databases. Enumerated domains: [
  {
    "root": "db://internal/",
    "physical": "C:\\ProgramData\\cocos\\editors\\Creator\\3.8.5\\resources\\resources\\3d\\engine\\editor\\assets"
  },
  {
    "root": "db://assets/",
    "physical": "C:\\Users\\Administrator\\MahjongDenfense\\assets"
  }
]
12:52:47.169 debug: Our import map(foo:/bar): {
  "imports": {
    "cc": "cce:/internal/x/cc",
    "db://internal/": "file:///C:/ProgramData/cocos/editors/Creator/3.8.5/resources/resources/3d/engine/editor/assets/",
    "db://assets/": "file:///C:/Users/Administrator/MahjongDenfense/assets/"
  }
}
12:52:47.172 debug: Our import map(foo:/bar): {
  "imports": {
    "cc": "cce:/internal/x/cc",
    "db://internal/": "file:///C:/ProgramData/cocos/editors/Creator/3.8.5/resources/resources/3d/engine/editor/assets/",
    "db://assets/": "file:///C:/Users/Administrator/MahjongDenfense/assets/"
  }
}
12:52:47.175 debug: Pulling asset-db.
12:52:47.183 debug: Fetch asset-db cost: 8.232099999999264ms.
12:52:47.186 debug: Build iteration starts.
Number of accumulated asset changes: 9
Feature changed: false
12:52:47.186 debug: Target(editor) build started.
12:52:47.194 debug: Detected change: cce:/internal/x/cc. Last mtime: Thu Jan 01 1970 08:00:06 GMT+0800 (中国标准时间), Current mtime: Thu Jan 01 1970 08:00:10 GMT+0800 (中国标准时间)
12:52:47.194 debug: Inspect cce:/internal/x/cc
12:52:47.311 debug: transform url: 'cce:/internal/x/cc' costs: 116.60 ms
12:52:47.316 debug: Resolve cce:/internal/x/cc-fu/base from cce:/internal/x/cc as external dependency cce:/internal/x/cc-fu/base.
12:52:47.316 debug: Resolve cce:/internal/x/cc-fu/gfx-webgl from cce:/internal/x/cc as external dependency cce:/internal/x/cc-fu/gfx-webgl.
12:52:47.316 debug: Resolve cce:/internal/x/cc-fu/gfx-webgl2 from cce:/internal/x/cc as external dependency cce:/internal/x/cc-fu/gfx-webgl2.
12:52:47.316 debug: Resolve cce:/internal/x/cc-fu/gfx-empty from cce:/internal/x/cc as external dependency cce:/internal/x/cc-fu/gfx-empty.
12:52:47.316 debug: Resolve cce:/internal/x/cc-fu/gfx-webgpu from cce:/internal/x/cc as external dependency cce:/internal/x/cc-fu/gfx-webgpu.
12:52:47.316 debug: Resolve cce:/internal/x/cc-fu/3d from cce:/internal/x/cc as external dependency cce:/internal/x/cc-fu/3d.
12:52:47.316 debug: Resolve cce:/internal/x/cc-fu/animation from cce:/internal/x/cc as external dependency cce:/internal/x/cc-fu/animation.
12:52:47.316 debug: Resolve cce:/internal/x/cc-fu/skeletal-animation from cce:/internal/x/cc as external dependency cce:/internal/x/cc-fu/skeletal-animation.
12:52:47.316 debug: Resolve cce:/internal/x/cc-fu/2d from cce:/internal/x/cc as external dependency cce:/internal/x/cc-fu/2d.
12:52:47.317 debug: Resolve cce:/internal/x/cc-fu/sorting from cce:/internal/x/cc as external dependency cce:/internal/x/cc-fu/sorting.
12:52:47.317 debug: Resolve cce:/internal/x/cc-fu/ui from cce:/internal/x/cc as external dependency cce:/internal/x/cc-fu/ui.
12:52:47.317 debug: Resolve cce:/internal/x/cc-fu/particle from cce:/internal/x/cc as external dependency cce:/internal/x/cc-fu/particle.
12:52:47.317 debug: Resolve cce:/internal/x/cc-fu/particle-2d from cce:/internal/x/cc as external dependency cce:/internal/x/cc-fu/particle-2d.
12:52:47.317 debug: Resolve cce:/internal/x/cc-fu/physics-framework from cce:/internal/x/cc as external dependency cce:/internal/x/cc-fu/physics-framework.
12:52:47.317 debug: Resolve cce:/internal/x/cc-fu/physics-2d-framework from cce:/internal/x/cc as external dependency cce:/internal/x/cc-fu/physics-2d-framework.
12:52:47.317 debug: Resolve cce:/internal/x/cc-fu/physics-2d-box2d-wasm from cce:/internal/x/cc as external dependency cce:/internal/x/cc-fu/physics-2d-box2d-wasm.
12:52:47.317 debug: Resolve cce:/internal/x/cc-fu/intersection-2d from cce:/internal/x/cc as external dependency cce:/internal/x/cc-fu/intersection-2d.
12:52:47.317 debug: Resolve cce:/internal/x/cc-fu/primitive from cce:/internal/x/cc as external dependency cce:/internal/x/cc-fu/primitive.
12:52:47.317 debug: Resolve cce:/internal/x/cc-fu/profiler from cce:/internal/x/cc as external dependency cce:/internal/x/cc-fu/profiler.
12:52:47.317 debug: Resolve cce:/internal/x/cc-fu/geometry-renderer from cce:/internal/x/cc as external dependency cce:/internal/x/cc-fu/geometry-renderer.
12:52:47.317 debug: Resolve cce:/internal/x/cc-fu/audio from cce:/internal/x/cc as external dependency cce:/internal/x/cc-fu/audio.
12:52:47.317 debug: Resolve cce:/internal/x/cc-fu/video from cce:/internal/x/cc as external dependency cce:/internal/x/cc-fu/video.
12:52:47.317 debug: Resolve cce:/internal/x/cc-fu/xr from cce:/internal/x/cc as external dependency cce:/internal/x/cc-fu/xr.
12:52:47.317 debug: Resolve cce:/internal/x/cc-fu/light-probe from cce:/internal/x/cc as external dependency cce:/internal/x/cc-fu/light-probe.
12:52:47.317 debug: Resolve cce:/internal/x/cc-fu/terrain from cce:/internal/x/cc as external dependency cce:/internal/x/cc-fu/terrain.
12:52:47.317 debug: Resolve cce:/internal/x/cc-fu/webview from cce:/internal/x/cc as external dependency cce:/internal/x/cc-fu/webview.
12:52:47.317 debug: Resolve cce:/internal/x/cc-fu/tween from cce:/internal/x/cc as external dependency cce:/internal/x/cc-fu/tween.
12:52:47.317 debug: Resolve cce:/internal/x/cc-fu/tiled-map from cce:/internal/x/cc as external dependency cce:/internal/x/cc-fu/tiled-map.
12:52:47.317 debug: Resolve cce:/internal/x/cc-fu/vendor-google from cce:/internal/x/cc as external dependency cce:/internal/x/cc-fu/vendor-google.
12:52:47.317 debug: Resolve cce:/internal/x/cc-fu/spine from cce:/internal/x/cc as external dependency cce:/internal/x/cc-fu/spine.
12:52:47.317 debug: Resolve cce:/internal/x/cc-fu/dragon-bones from cce:/internal/x/cc as external dependency cce:/internal/x/cc-fu/dragon-bones.
12:52:47.317 debug: Resolve cce:/internal/x/cc-fu/custom-pipeline from cce:/internal/x/cc as external dependency cce:/internal/x/cc-fu/custom-pipeline.
12:52:47.317 debug: Resolve cce:/internal/x/cc-fu/custom-pipeline-post-process from cce:/internal/x/cc as external dependency cce:/internal/x/cc-fu/custom-pipeline-post-process.
12:52:47.317 debug: Resolve cce:/internal/x/cc-fu/legacy-pipeline from cce:/internal/x/cc as external dependency cce:/internal/x/cc-fu/legacy-pipeline.
12:52:47.317 debug: Detected change: cce:/internal/x/prerequisite-imports. Last mtime: Thu Jan 01 1970 09:22:58 GMT+0800 (中国标准时间), Current mtime: Thu Jan 01 1970 08:00:10 GMT+0800 (中国标准时间)
12:52:47.317 debug: Inspect cce:/internal/x/prerequisite-imports
12:52:47.393 debug: transform url: 'cce:/internal/x/prerequisite-imports' costs: 75.10 ms
12:52:47.402 debug: Resolve file:///C:/ProgramData/cocos/editors/Creator/3.8.5/resources/resources/3d/engine/editor/assets/default_renderpipeline/builtin-dof-pass.ts from cce:/internal/x/prerequisite-imports as file:///C:/ProgramData/cocos/editors/Creator/3.8.5/resources/resources/3d/engine/editor/assets/default_renderpipeline/builtin-dof-pass.ts.
12:52:47.404 debug: Resolve file:///C:/ProgramData/cocos/editors/Creator/3.8.5/resources/resources/3d/engine/editor/assets/default_renderpipeline/builtin-pipeline-pass.ts from cce:/internal/x/prerequisite-imports as file:///C:/ProgramData/cocos/editors/Creator/3.8.5/resources/resources/3d/engine/editor/assets/default_renderpipeline/builtin-pipeline-pass.ts.
12:52:47.406 debug: Resolve file:///C:/ProgramData/cocos/editors/Creator/3.8.5/resources/resources/3d/engine/editor/assets/default_renderpipeline/builtin-pipeline-settings.ts from cce:/internal/x/prerequisite-imports as file:///C:/ProgramData/cocos/editors/Creator/3.8.5/resources/resources/3d/engine/editor/assets/default_renderpipeline/builtin-pipeline-settings.ts.
12:52:47.407 debug: Resolve file:///C:/ProgramData/cocos/editors/Creator/3.8.5/resources/resources/3d/engine/editor/assets/default_renderpipeline/builtin-pipeline-types.ts from cce:/internal/x/prerequisite-imports as file:///C:/ProgramData/cocos/editors/Creator/3.8.5/resources/resources/3d/engine/editor/assets/default_renderpipeline/builtin-pipeline-types.ts.
12:52:47.408 debug: Resolve file:///C:/ProgramData/cocos/editors/Creator/3.8.5/resources/resources/3d/engine/editor/assets/default_renderpipeline/builtin-pipeline.ts from cce:/internal/x/prerequisite-imports as file:///C:/ProgramData/cocos/editors/Creator/3.8.5/resources/resources/3d/engine/editor/assets/default_renderpipeline/builtin-pipeline.ts.
12:52:47.409 debug: Resolve file:///C:/ProgramData/cocos/editors/Creator/3.8.5/resources/resources/3d/engine/editor/assets/tools/debug-view-runtime-control.ts from cce:/internal/x/prerequisite-imports as file:///C:/ProgramData/cocos/editors/Creator/3.8.5/resources/resources/3d/engine/editor/assets/tools/debug-view-runtime-control.ts.
12:52:47.410 debug: Resolve file:///C:/Users/Administrator/MahjongDenfense/assets/scripts/GameManager.ts from cce:/internal/x/prerequisite-imports as file:///C:/Users/Administrator/MahjongDenfense/assets/scripts/GameManager.ts.
12:52:47.411 debug: Resolve file:///C:/Users/Administrator/MahjongDenfense/assets/scripts/MahjongTile.ts from cce:/internal/x/prerequisite-imports as file:///C:/Users/Administrator/MahjongDenfense/assets/scripts/MahjongTile.ts.
12:52:47.412 debug: Resolve file:///C:/Users/Administrator/MahjongDenfense/assets/scripts/Monster.ts from cce:/internal/x/prerequisite-imports as file:///C:/Users/Administrator/MahjongDenfense/assets/scripts/Monster.ts.
12:52:47.412 debug: Resolve cce:/internal/code-quality/cr.mjs from file:///C:/ProgramData/cocos/editors/Creator/3.8.5/resources/resources/3d/engine/editor/assets/default_renderpipeline/builtin-dof-pass.ts as cce:/internal/code-quality/cr.mjs.
12:52:47.413 debug: Detected change: cce:/internal/code-quality/cr.mjs. Last mtime: Tue Apr 22 2025 16:07:14 GMT+0800 (中国标准时间), Current mtime: Wed Apr 23 2025 12:52:36 GMT+0800 (中国标准时间)
12:52:47.413 debug: Inspect cce:/internal/code-quality/cr.mjs
12:52:47.435 debug: transform url: 'cce:/internal/code-quality/cr.mjs' costs: 22.30 ms
12:52:47.439 debug: Resolve cc from file:///C:/ProgramData/cocos/editors/Creator/3.8.5/resources/resources/3d/engine/editor/assets/default_renderpipeline/builtin-dof-pass.ts as cce:/internal/x/cc.
12:52:47.439 debug: Resolve cc from file:///C:/ProgramData/cocos/editors/Creator/3.8.5/resources/resources/3d/engine/editor/assets/default_renderpipeline/builtin-dof-pass.ts as cce:/internal/x/cc.
12:52:47.439 debug: Resolve cc from file:///C:/ProgramData/cocos/editors/Creator/3.8.5/resources/resources/3d/engine/editor/assets/default_renderpipeline/builtin-dof-pass.ts as cce:/internal/x/cc.
12:52:47.439 debug: Resolve cc/env from file:///C:/ProgramData/cocos/editors/Creator/3.8.5/resources/resources/3d/engine/editor/assets/default_renderpipeline/builtin-dof-pass.ts as external dependency cc/env.
12:52:47.440 debug: Resolve ./builtin-pipeline-settings from file:///C:/ProgramData/cocos/editors/Creator/3.8.5/resources/resources/3d/engine/editor/assets/default_renderpipeline/builtin-dof-pass.ts as file:///C:/ProgramData/cocos/editors/Creator/3.8.5/resources/resources/3d/engine/editor/assets/default_renderpipeline/builtin-pipeline-settings.ts.
12:52:47.441 debug: Resolve ./builtin-pipeline-pass from file:///C:/ProgramData/cocos/editors/Creator/3.8.5/resources/resources/3d/engine/editor/assets/default_renderpipeline/builtin-dof-pass.ts as file:///C:/ProgramData/cocos/editors/Creator/3.8.5/resources/resources/3d/engine/editor/assets/default_renderpipeline/builtin-pipeline-pass.ts.
12:52:47.442 debug: Resolve ./builtin-pipeline from file:///C:/ProgramData/cocos/editors/Creator/3.8.5/resources/resources/3d/engine/editor/assets/default_renderpipeline/builtin-dof-pass.ts as file:///C:/ProgramData/cocos/editors/Creator/3.8.5/resources/resources/3d/engine/editor/assets/default_renderpipeline/builtin-pipeline.ts.
12:52:47.442 debug: Resolve cce:/internal/code-quality/cr.mjs from file:///C:/ProgramData/cocos/editors/Creator/3.8.5/resources/resources/3d/engine/editor/assets/default_renderpipeline/builtin-pipeline-settings.ts as cce:/internal/code-quality/cr.mjs.
12:52:47.443 debug: Resolve cc from file:///C:/ProgramData/cocos/editors/Creator/3.8.5/resources/resources/3d/engine/editor/assets/default_renderpipeline/builtin-pipeline-settings.ts as cce:/internal/x/cc.
12:52:47.443 debug: Resolve cc from file:///C:/ProgramData/cocos/editors/Creator/3.8.5/resources/resources/3d/engine/editor/assets/default_renderpipeline/builtin-pipeline-settings.ts as cce:/internal/x/cc.
12:52:47.443 debug: Resolve cc from file:///C:/ProgramData/cocos/editors/Creator/3.8.5/resources/resources/3d/engine/editor/assets/default_renderpipeline/builtin-pipeline-settings.ts as cce:/internal/x/cc.
12:52:47.443 debug: Resolve cc/env from file:///C:/ProgramData/cocos/editors/Creator/3.8.5/resources/resources/3d/engine/editor/assets/default_renderpipeline/builtin-pipeline-settings.ts as external dependency cc/env.
12:52:47.444 debug: Resolve ./builtin-pipeline-types from file:///C:/ProgramData/cocos/editors/Creator/3.8.5/resources/resources/3d/engine/editor/assets/default_renderpipeline/builtin-pipeline-settings.ts as file:///C:/ProgramData/cocos/editors/Creator/3.8.5/resources/resources/3d/engine/editor/assets/default_renderpipeline/builtin-pipeline-types.ts.
12:52:47.444 debug: Resolve cc from file:///C:/ProgramData/cocos/editors/Creator/3.8.5/resources/resources/3d/engine/editor/assets/default_renderpipeline/builtin-pipeline-types.ts as cce:/internal/x/cc.
12:52:47.444 debug: Resolve cc from file:///C:/ProgramData/cocos/editors/Creator/3.8.5/resources/resources/3d/engine/editor/assets/default_renderpipeline/builtin-pipeline-types.ts as cce:/internal/x/cc.
12:52:47.444 debug: Resolve cc from file:///C:/ProgramData/cocos/editors/Creator/3.8.5/resources/resources/3d/engine/editor/assets/default_renderpipeline/builtin-pipeline-types.ts as cce:/internal/x/cc.
12:52:47.444 debug: Resolve cce:/internal/code-quality/cr.mjs from file:///C:/ProgramData/cocos/editors/Creator/3.8.5/resources/resources/3d/engine/editor/assets/default_renderpipeline/builtin-pipeline-pass.ts as cce:/internal/code-quality/cr.mjs.
12:52:47.444 debug: Resolve cc from file:///C:/ProgramData/cocos/editors/Creator/3.8.5/resources/resources/3d/engine/editor/assets/default_renderpipeline/builtin-pipeline-pass.ts as cce:/internal/x/cc.
12:52:47.444 debug: Resolve cc from file:///C:/ProgramData/cocos/editors/Creator/3.8.5/resources/resources/3d/engine/editor/assets/default_renderpipeline/builtin-pipeline-pass.ts as cce:/internal/x/cc.
12:52:47.444 debug: Resolve cc from file:///C:/ProgramData/cocos/editors/Creator/3.8.5/resources/resources/3d/engine/editor/assets/default_renderpipeline/builtin-pipeline-pass.ts as cce:/internal/x/cc.
12:52:47.445 debug: Resolve ./builtin-pipeline-settings from file:///C:/ProgramData/cocos/editors/Creator/3.8.5/resources/resources/3d/engine/editor/assets/default_renderpipeline/builtin-pipeline-pass.ts as file:///C:/ProgramData/cocos/editors/Creator/3.8.5/resources/resources/3d/engine/editor/assets/default_renderpipeline/builtin-pipeline-settings.ts.
12:52:47.445 debug: Resolve cc/env from file:///C:/ProgramData/cocos/editors/Creator/3.8.5/resources/resources/3d/engine/editor/assets/default_renderpipeline/builtin-pipeline-pass.ts as external dependency cc/env.
12:52:47.446 debug: Resolve cce:/internal/code-quality/cr.mjs from file:///C:/ProgramData/cocos/editors/Creator/3.8.5/resources/resources/3d/engine/editor/assets/default_renderpipeline/builtin-pipeline.ts as cce:/internal/code-quality/cr.mjs.
12:52:47.446 debug: Resolve cc from file:///C:/ProgramData/cocos/editors/Creator/3.8.5/resources/resources/3d/engine/editor/assets/default_renderpipeline/builtin-pipeline.ts as cce:/internal/x/cc.
12:52:47.446 debug: Resolve cc from file:///C:/ProgramData/cocos/editors/Creator/3.8.5/resources/resources/3d/engine/editor/assets/default_renderpipeline/builtin-pipeline.ts as cce:/internal/x/cc.
12:52:47.446 debug: Resolve cc from file:///C:/ProgramData/cocos/editors/Creator/3.8.5/resources/resources/3d/engine/editor/assets/default_renderpipeline/builtin-pipeline.ts as cce:/internal/x/cc.
12:52:47.446 debug: Resolve cc/env from file:///C:/ProgramData/cocos/editors/Creator/3.8.5/resources/resources/3d/engine/editor/assets/default_renderpipeline/builtin-pipeline.ts as external dependency cc/env.
12:52:47.448 debug: Resolve ./builtin-pipeline-types from file:///C:/ProgramData/cocos/editors/Creator/3.8.5/resources/resources/3d/engine/editor/assets/default_renderpipeline/builtin-pipeline.ts as file:///C:/ProgramData/cocos/editors/Creator/3.8.5/resources/resources/3d/engine/editor/assets/default_renderpipeline/builtin-pipeline-types.ts.
12:52:47.448 debug: Resolve cc from file:///C:/ProgramData/cocos/editors/Creator/3.8.5/resources/resources/3d/engine/editor/assets/tools/debug-view-runtime-control.ts as cce:/internal/x/cc.
12:52:47.448 debug: Resolve cc from file:///C:/ProgramData/cocos/editors/Creator/3.8.5/resources/resources/3d/engine/editor/assets/tools/debug-view-runtime-control.ts as cce:/internal/x/cc.
12:52:47.448 debug: Resolve cc from file:///C:/ProgramData/cocos/editors/Creator/3.8.5/resources/resources/3d/engine/editor/assets/tools/debug-view-runtime-control.ts as cce:/internal/x/cc.
12:52:47.448 debug: Resolve cce:/internal/code-quality/cr.mjs from file:///C:/Users/Administrator/MahjongDenfense/assets/scripts/GameManager.ts as cce:/internal/code-quality/cr.mjs.
12:52:47.448 debug: Resolve cc from file:///C:/Users/Administrator/MahjongDenfense/assets/scripts/GameManager.ts as cce:/internal/x/cc.
12:52:47.448 debug: Resolve cc from file:///C:/Users/Administrator/MahjongDenfense/assets/scripts/GameManager.ts as cce:/internal/x/cc.
12:52:47.448 debug: Resolve cc from file:///C:/Users/Administrator/MahjongDenfense/assets/scripts/GameManager.ts as cce:/internal/x/cc.
12:52:47.449 debug: Resolve ./MahjongTile from file:///C:/Users/Administrator/MahjongDenfense/assets/scripts/GameManager.ts as file:///C:/Users/Administrator/MahjongDenfense/assets/scripts/MahjongTile.ts.
12:52:47.449 debug: Resolve cc from file:///C:/Users/Administrator/MahjongDenfense/assets/scripts/MahjongTile.ts as cce:/internal/x/cc.
12:52:47.449 debug: Resolve cc from file:///C:/Users/Administrator/MahjongDenfense/assets/scripts/MahjongTile.ts as cce:/internal/x/cc.
12:52:47.449 debug: Resolve cc from file:///C:/Users/Administrator/MahjongDenfense/assets/scripts/MahjongTile.ts as cce:/internal/x/cc.
12:52:47.449 debug: Resolve cc from file:///C:/Users/Administrator/MahjongDenfense/assets/scripts/Monster.ts as cce:/internal/x/cc.
12:52:47.449 debug: Resolve cc from file:///C:/Users/Administrator/MahjongDenfense/assets/scripts/Monster.ts as cce:/internal/x/cc.
12:52:47.449 debug: Resolve cc from file:///C:/Users/Administrator/MahjongDenfense/assets/scripts/Monster.ts as cce:/internal/x/cc.
12:52:47.472 debug: Target(editor) ends with cost 286.01300000000083ms.
12:52:47.473 debug: Target(preview) build started.
12:52:47.476 debug: Detected change: cce:/internal/x/cc. Last mtime: Thu Jan 01 1970 08:00:06 GMT+0800 (中国标准时间), Current mtime: Thu Jan 01 1970 08:00:10 GMT+0800 (中国标准时间)
12:52:47.476 debug: Inspect cce:/internal/x/cc
12:52:47.536 debug: transform url: 'cce:/internal/x/cc' costs: 59.00 ms
12:52:47.538 debug: Resolve cce:/internal/x/cc-fu/2d from cce:/internal/x/cc as external dependency cce:/internal/x/cc-fu/2d.
12:52:47.539 debug: Resolve cce:/internal/x/cc-fu/sorting from cce:/internal/x/cc as external dependency cce:/internal/x/cc-fu/sorting.
12:52:47.539 debug: Resolve cce:/internal/x/cc-fu/animation from cce:/internal/x/cc as external dependency cce:/internal/x/cc-fu/animation.
12:52:47.539 debug: Resolve cce:/internal/x/cc-fu/audio from cce:/internal/x/cc as external dependency cce:/internal/x/cc-fu/audio.
12:52:47.539 debug: Resolve cce:/internal/x/cc-fu/base from cce:/internal/x/cc as external dependency cce:/internal/x/cc-fu/base.
12:52:47.539 debug: Resolve cce:/internal/x/cc-fu/custom-pipeline from cce:/internal/x/cc as external dependency cce:/internal/x/cc-fu/custom-pipeline.
12:52:47.539 debug: Resolve cce:/internal/x/cc-fu/dragon-bones from cce:/internal/x/cc as external dependency cce:/internal/x/cc-fu/dragon-bones.
12:52:47.539 debug: Resolve cce:/internal/x/cc-fu/gfx-webgl from cce:/internal/x/cc as external dependency cce:/internal/x/cc-fu/gfx-webgl.
12:52:47.539 debug: Resolve cce:/internal/x/cc-fu/gfx-webgl2 from cce:/internal/x/cc as external dependency cce:/internal/x/cc-fu/gfx-webgl2.
12:52:47.540 debug: Resolve cce:/internal/x/cc-fu/intersection-2d from cce:/internal/x/cc as external dependency cce:/internal/x/cc-fu/intersection-2d.
12:52:47.540 debug: Resolve cce:/internal/x/cc-fu/particle-2d from cce:/internal/x/cc as external dependency cce:/internal/x/cc-fu/particle-2d.
12:52:47.540 debug: Resolve cce:/internal/x/cc-fu/physics-2d-box2d from cce:/internal/x/cc as external dependency cce:/internal/x/cc-fu/physics-2d-box2d.
12:52:47.540 debug: Resolve cce:/internal/x/cc-fu/physics-2d-framework from cce:/internal/x/cc as external dependency cce:/internal/x/cc-fu/physics-2d-framework.
12:52:47.540 debug: Resolve cce:/internal/x/cc-fu/profiler from cce:/internal/x/cc as external dependency cce:/internal/x/cc-fu/profiler.
12:52:47.540 debug: Resolve cce:/internal/x/cc-fu/spine from cce:/internal/x/cc as external dependency cce:/internal/x/cc-fu/spine.
12:52:47.540 debug: Resolve cce:/internal/x/cc-fu/tiled-map from cce:/internal/x/cc as external dependency cce:/internal/x/cc-fu/tiled-map.
12:52:47.540 debug: Resolve cce:/internal/x/cc-fu/tween from cce:/internal/x/cc as external dependency cce:/internal/x/cc-fu/tween.
12:52:47.540 debug: Resolve cce:/internal/x/cc-fu/ui from cce:/internal/x/cc as external dependency cce:/internal/x/cc-fu/ui.
12:52:47.540 debug: Resolve cce:/internal/x/cc-fu/video from cce:/internal/x/cc as external dependency cce:/internal/x/cc-fu/video.
12:52:47.540 debug: Resolve cce:/internal/x/cc-fu/webview from cce:/internal/x/cc as external dependency cce:/internal/x/cc-fu/webview.
12:52:47.541 debug: Detected change: cce:/internal/x/prerequisite-imports. Last mtime: Thu Jan 01 1970 09:22:58 GMT+0800 (中国标准时间), Current mtime: Thu Jan 01 1970 08:00:11 GMT+0800 (中国标准时间)
12:52:47.541 debug: Inspect cce:/internal/x/prerequisite-imports
12:52:47.571 debug: transform url: 'cce:/internal/x/prerequisite-imports' costs: 30.30 ms
12:52:47.575 debug: Resolve file:///C:/ProgramData/cocos/editors/Creator/3.8.5/resources/resources/3d/engine/editor/assets/default_renderpipeline/builtin-dof-pass.ts from cce:/internal/x/prerequisite-imports as file:///C:/ProgramData/cocos/editors/Creator/3.8.5/resources/resources/3d/engine/editor/assets/default_renderpipeline/builtin-dof-pass.ts.
12:52:47.576 debug: Resolve file:///C:/ProgramData/cocos/editors/Creator/3.8.5/resources/resources/3d/engine/editor/assets/default_renderpipeline/builtin-pipeline-pass.ts from cce:/internal/x/prerequisite-imports as file:///C:/ProgramData/cocos/editors/Creator/3.8.5/resources/resources/3d/engine/editor/assets/default_renderpipeline/builtin-pipeline-pass.ts.
12:52:47.578 debug: Resolve file:///C:/ProgramData/cocos/editors/Creator/3.8.5/resources/resources/3d/engine/editor/assets/default_renderpipeline/builtin-pipeline-settings.ts from cce:/internal/x/prerequisite-imports as file:///C:/ProgramData/cocos/editors/Creator/3.8.5/resources/resources/3d/engine/editor/assets/default_renderpipeline/builtin-pipeline-settings.ts.
12:52:47.579 debug: Resolve file:///C:/ProgramData/cocos/editors/Creator/3.8.5/resources/resources/3d/engine/editor/assets/default_renderpipeline/builtin-pipeline-types.ts from cce:/internal/x/prerequisite-imports as file:///C:/ProgramData/cocos/editors/Creator/3.8.5/resources/resources/3d/engine/editor/assets/default_renderpipeline/builtin-pipeline-types.ts.
12:52:47.580 debug: Resolve file:///C:/ProgramData/cocos/editors/Creator/3.8.5/resources/resources/3d/engine/editor/assets/default_renderpipeline/builtin-pipeline.ts from cce:/internal/x/prerequisite-imports as file:///C:/ProgramData/cocos/editors/Creator/3.8.5/resources/resources/3d/engine/editor/assets/default_renderpipeline/builtin-pipeline.ts.
12:52:47.581 debug: Resolve file:///C:/ProgramData/cocos/editors/Creator/3.8.5/resources/resources/3d/engine/editor/assets/tools/debug-view-runtime-control.ts from cce:/internal/x/prerequisite-imports as file:///C:/ProgramData/cocos/editors/Creator/3.8.5/resources/resources/3d/engine/editor/assets/tools/debug-view-runtime-control.ts.
12:52:47.582 debug: Resolve file:///C:/Users/Administrator/MahjongDenfense/assets/scripts/GameManager.ts from cce:/internal/x/prerequisite-imports as file:///C:/Users/Administrator/MahjongDenfense/assets/scripts/GameManager.ts.
12:52:47.582 debug: Resolve file:///C:/Users/Administrator/MahjongDenfense/assets/scripts/MahjongTile.ts from cce:/internal/x/prerequisite-imports as file:///C:/Users/Administrator/MahjongDenfense/assets/scripts/MahjongTile.ts.
12:52:47.583 debug: Resolve file:///C:/Users/Administrator/MahjongDenfense/assets/scripts/Monster.ts from cce:/internal/x/prerequisite-imports as file:///C:/Users/Administrator/MahjongDenfense/assets/scripts/Monster.ts.
12:52:47.583 debug: Resolve cce:/internal/code-quality/cr.mjs from file:///C:/ProgramData/cocos/editors/Creator/3.8.5/resources/resources/3d/engine/editor/assets/default_renderpipeline/builtin-dof-pass.ts as cce:/internal/code-quality/cr.mjs.
12:52:47.583 debug: Detected change: cce:/internal/code-quality/cr.mjs. Last mtime: Tue Apr 22 2025 16:07:14 GMT+0800 (中国标准时间), Current mtime: Wed Apr 23 2025 12:52:36 GMT+0800 (中国标准时间)
12:52:47.583 debug: Inspect cce:/internal/code-quality/cr.mjs
12:52:47.612 debug: transform url: 'cce:/internal/code-quality/cr.mjs' costs: 28.40 ms
12:52:47.617 debug: Resolve cc from file:///C:/ProgramData/cocos/editors/Creator/3.8.5/resources/resources/3d/engine/editor/assets/default_renderpipeline/builtin-dof-pass.ts as cce:/internal/x/cc.
12:52:47.617 debug: Resolve cc from file:///C:/ProgramData/cocos/editors/Creator/3.8.5/resources/resources/3d/engine/editor/assets/default_renderpipeline/builtin-dof-pass.ts as cce:/internal/x/cc.
12:52:47.618 debug: Resolve cc from file:///C:/ProgramData/cocos/editors/Creator/3.8.5/resources/resources/3d/engine/editor/assets/default_renderpipeline/builtin-dof-pass.ts as cce:/internal/x/cc.
12:52:47.618 debug: Resolve cc/env from file:///C:/ProgramData/cocos/editors/Creator/3.8.5/resources/resources/3d/engine/editor/assets/default_renderpipeline/builtin-dof-pass.ts as external dependency cc/env.
12:52:47.620 debug: Resolve ./builtin-pipeline-settings from file:///C:/ProgramData/cocos/editors/Creator/3.8.5/resources/resources/3d/engine/editor/assets/default_renderpipeline/builtin-dof-pass.ts as file:///C:/ProgramData/cocos/editors/Creator/3.8.5/resources/resources/3d/engine/editor/assets/default_renderpipeline/builtin-pipeline-settings.ts.
12:52:47.622 debug: Resolve ./builtin-pipeline-pass from file:///C:/ProgramData/cocos/editors/Creator/3.8.5/resources/resources/3d/engine/editor/assets/default_renderpipeline/builtin-dof-pass.ts as file:///C:/ProgramData/cocos/editors/Creator/3.8.5/resources/resources/3d/engine/editor/assets/default_renderpipeline/builtin-pipeline-pass.ts.
12:52:47.623 debug: Resolve ./builtin-pipeline from file:///C:/ProgramData/cocos/editors/Creator/3.8.5/resources/resources/3d/engine/editor/assets/default_renderpipeline/builtin-dof-pass.ts as file:///C:/ProgramData/cocos/editors/Creator/3.8.5/resources/resources/3d/engine/editor/assets/default_renderpipeline/builtin-pipeline.ts.
12:52:47.624 debug: Resolve cce:/internal/code-quality/cr.mjs from file:///C:/ProgramData/cocos/editors/Creator/3.8.5/resources/resources/3d/engine/editor/assets/default_renderpipeline/builtin-pipeline-settings.ts as cce:/internal/code-quality/cr.mjs.
12:52:47.624 debug: Resolve cc from file:///C:/ProgramData/cocos/editors/Creator/3.8.5/resources/resources/3d/engine/editor/assets/default_renderpipeline/builtin-pipeline-settings.ts as cce:/internal/x/cc.
12:52:47.624 debug: Resolve cc from file:///C:/ProgramData/cocos/editors/Creator/3.8.5/resources/resources/3d/engine/editor/assets/default_renderpipeline/builtin-pipeline-settings.ts as cce:/internal/x/cc.
12:52:47.624 debug: Resolve cc from file:///C:/ProgramData/cocos/editors/Creator/3.8.5/resources/resources/3d/engine/editor/assets/default_renderpipeline/builtin-pipeline-settings.ts as cce:/internal/x/cc.
12:52:47.624 debug: Resolve cc/env from file:///C:/ProgramData/cocos/editors/Creator/3.8.5/resources/resources/3d/engine/editor/assets/default_renderpipeline/builtin-pipeline-settings.ts as external dependency cc/env.
12:52:47.626 debug: Resolve ./builtin-pipeline-types from file:///C:/ProgramData/cocos/editors/Creator/3.8.5/resources/resources/3d/engine/editor/assets/default_renderpipeline/builtin-pipeline-settings.ts as file:///C:/ProgramData/cocos/editors/Creator/3.8.5/resources/resources/3d/engine/editor/assets/default_renderpipeline/builtin-pipeline-types.ts.
12:52:47.626 debug: Resolve cc from file:///C:/ProgramData/cocos/editors/Creator/3.8.5/resources/resources/3d/engine/editor/assets/default_renderpipeline/builtin-pipeline-types.ts as cce:/internal/x/cc.
12:52:47.626 debug: Resolve cc from file:///C:/ProgramData/cocos/editors/Creator/3.8.5/resources/resources/3d/engine/editor/assets/default_renderpipeline/builtin-pipeline-types.ts as cce:/internal/x/cc.
12:52:47.626 debug: Resolve cc from file:///C:/ProgramData/cocos/editors/Creator/3.8.5/resources/resources/3d/engine/editor/assets/default_renderpipeline/builtin-pipeline-types.ts as cce:/internal/x/cc.
12:52:47.627 debug: Resolve cce:/internal/code-quality/cr.mjs from file:///C:/ProgramData/cocos/editors/Creator/3.8.5/resources/resources/3d/engine/editor/assets/default_renderpipeline/builtin-pipeline-pass.ts as cce:/internal/code-quality/cr.mjs.
12:52:47.627 debug: Resolve cc from file:///C:/ProgramData/cocos/editors/Creator/3.8.5/resources/resources/3d/engine/editor/assets/default_renderpipeline/builtin-pipeline-pass.ts as cce:/internal/x/cc.
12:52:47.627 debug: Resolve cc from file:///C:/ProgramData/cocos/editors/Creator/3.8.5/resources/resources/3d/engine/editor/assets/default_renderpipeline/builtin-pipeline-pass.ts as cce:/internal/x/cc.
12:52:47.627 debug: Resolve cc from file:///C:/ProgramData/cocos/editors/Creator/3.8.5/resources/resources/3d/engine/editor/assets/default_renderpipeline/builtin-pipeline-pass.ts as cce:/internal/x/cc.
12:52:47.629 debug: Resolve ./builtin-pipeline-settings from file:///C:/ProgramData/cocos/editors/Creator/3.8.5/resources/resources/3d/engine/editor/assets/default_renderpipeline/builtin-pipeline-pass.ts as file:///C:/ProgramData/cocos/editors/Creator/3.8.5/resources/resources/3d/engine/editor/assets/default_renderpipeline/builtin-pipeline-settings.ts.
12:52:47.629 debug: Resolve cc/env from file:///C:/ProgramData/cocos/editors/Creator/3.8.5/resources/resources/3d/engine/editor/assets/default_renderpipeline/builtin-pipeline-pass.ts as external dependency cc/env.
12:52:47.629 debug: Resolve cce:/internal/code-quality/cr.mjs from file:///C:/ProgramData/cocos/editors/Creator/3.8.5/resources/resources/3d/engine/editor/assets/default_renderpipeline/builtin-pipeline.ts as cce:/internal/code-quality/cr.mjs.
12:52:47.629 debug: Resolve cc from file:///C:/ProgramData/cocos/editors/Creator/3.8.5/resources/resources/3d/engine/editor/assets/default_renderpipeline/builtin-pipeline.ts as cce:/internal/x/cc.
12:52:47.629 debug: Resolve cc from file:///C:/ProgramData/cocos/editors/Creator/3.8.5/resources/resources/3d/engine/editor/assets/default_renderpipeline/builtin-pipeline.ts as cce:/internal/x/cc.
12:52:47.629 debug: Resolve cc from file:///C:/ProgramData/cocos/editors/Creator/3.8.5/resources/resources/3d/engine/editor/assets/default_renderpipeline/builtin-pipeline.ts as cce:/internal/x/cc.
12:52:47.629 debug: Resolve cc/env from file:///C:/ProgramData/cocos/editors/Creator/3.8.5/resources/resources/3d/engine/editor/assets/default_renderpipeline/builtin-pipeline.ts as external dependency cc/env.
12:52:47.631 debug: Resolve ./builtin-pipeline-types from file:///C:/ProgramData/cocos/editors/Creator/3.8.5/resources/resources/3d/engine/editor/assets/default_renderpipeline/builtin-pipeline.ts as file:///C:/ProgramData/cocos/editors/Creator/3.8.5/resources/resources/3d/engine/editor/assets/default_renderpipeline/builtin-pipeline-types.ts.
12:52:47.631 debug: Resolve cc from file:///C:/ProgramData/cocos/editors/Creator/3.8.5/resources/resources/3d/engine/editor/assets/tools/debug-view-runtime-control.ts as cce:/internal/x/cc.
12:52:47.631 debug: Resolve cc from file:///C:/ProgramData/cocos/editors/Creator/3.8.5/resources/resources/3d/engine/editor/assets/tools/debug-view-runtime-control.ts as cce:/internal/x/cc.
12:52:47.632 debug: Resolve cc from file:///C:/ProgramData/cocos/editors/Creator/3.8.5/resources/resources/3d/engine/editor/assets/tools/debug-view-runtime-control.ts as cce:/internal/x/cc.
12:52:47.632 debug: Resolve cce:/internal/code-quality/cr.mjs from file:///C:/Users/Administrator/MahjongDenfense/assets/scripts/GameManager.ts as cce:/internal/code-quality/cr.mjs.
12:52:47.632 debug: Resolve cc from file:///C:/Users/Administrator/MahjongDenfense/assets/scripts/GameManager.ts as cce:/internal/x/cc.
12:52:47.632 debug: Resolve cc from file:///C:/Users/Administrator/MahjongDenfense/assets/scripts/GameManager.ts as cce:/internal/x/cc.
12:52:47.632 debug: Resolve cc from file:///C:/Users/Administrator/MahjongDenfense/assets/scripts/GameManager.ts as cce:/internal/x/cc.
12:52:47.632 debug: Resolve ./MahjongTile from file:///C:/Users/Administrator/MahjongDenfense/assets/scripts/GameManager.ts as file:///C:/Users/Administrator/MahjongDenfense/assets/scripts/MahjongTile.ts.
12:52:47.633 debug: Resolve cc from file:///C:/Users/Administrator/MahjongDenfense/assets/scripts/MahjongTile.ts as cce:/internal/x/cc.
12:52:47.633 debug: Resolve cc from file:///C:/Users/Administrator/MahjongDenfense/assets/scripts/MahjongTile.ts as cce:/internal/x/cc.
12:52:47.633 debug: Resolve cc from file:///C:/Users/Administrator/MahjongDenfense/assets/scripts/MahjongTile.ts as cce:/internal/x/cc.
12:52:47.633 debug: Resolve cc from file:///C:/Users/Administrator/MahjongDenfense/assets/scripts/Monster.ts as cce:/internal/x/cc.
12:52:47.633 debug: Resolve cc from file:///C:/Users/Administrator/MahjongDenfense/assets/scripts/Monster.ts as cce:/internal/x/cc.
12:52:47.633 debug: Resolve cc from file:///C:/Users/Administrator/MahjongDenfense/assets/scripts/Monster.ts as cce:/internal/x/cc.
12:52:47.649 debug: Target(preview) ends with cost 176.0084999999999ms.
12:52:49.516 debug: Pulling asset-db.
12:52:49.942 debug: Fetch asset-db cost: 425.34650000000147ms.
12:52:49.943 debug: Build iteration starts.
Number of accumulated asset changes: 9
Feature changed: false
12:52:49.943 debug: Target(editor) build started.
12:52:49.949 debug: Detected change: cce:/internal/x/prerequisite-imports. Last mtime: Thu Jan 01 1970 08:00:10 GMT+0800 (中国标准时间), Current mtime: Thu Jan 01 1970 08:00:13 GMT+0800 (中国标准时间)
12:52:49.950 debug: Inspect cce:/internal/x/prerequisite-imports
12:52:49.979 debug: transform url: 'cce:/internal/x/prerequisite-imports' costs: 29.20 ms
12:52:49.982 debug: Resolve file:///C:/ProgramData/cocos/editors/Creator/3.8.5/resources/resources/3d/engine/editor/assets/default_renderpipeline/builtin-dof-pass.ts from cce:/internal/x/prerequisite-imports as file:///C:/ProgramData/cocos/editors/Creator/3.8.5/resources/resources/3d/engine/editor/assets/default_renderpipeline/builtin-dof-pass.ts.
12:52:49.983 debug: Resolve file:///C:/ProgramData/cocos/editors/Creator/3.8.5/resources/resources/3d/engine/editor/assets/default_renderpipeline/builtin-pipeline-pass.ts from cce:/internal/x/prerequisite-imports as file:///C:/ProgramData/cocos/editors/Creator/3.8.5/resources/resources/3d/engine/editor/assets/default_renderpipeline/builtin-pipeline-pass.ts.
12:52:49.985 debug: Resolve file:///C:/ProgramData/cocos/editors/Creator/3.8.5/resources/resources/3d/engine/editor/assets/default_renderpipeline/builtin-pipeline-settings.ts from cce:/internal/x/prerequisite-imports as file:///C:/ProgramData/cocos/editors/Creator/3.8.5/resources/resources/3d/engine/editor/assets/default_renderpipeline/builtin-pipeline-settings.ts.
12:52:49.986 debug: Resolve file:///C:/ProgramData/cocos/editors/Creator/3.8.5/resources/resources/3d/engine/editor/assets/default_renderpipeline/builtin-pipeline-types.ts from cce:/internal/x/prerequisite-imports as file:///C:/ProgramData/cocos/editors/Creator/3.8.5/resources/resources/3d/engine/editor/assets/default_renderpipeline/builtin-pipeline-types.ts.
12:52:49.987 debug: Resolve file:///C:/ProgramData/cocos/editors/Creator/3.8.5/resources/resources/3d/engine/editor/assets/default_renderpipeline/builtin-pipeline.ts from cce:/internal/x/prerequisite-imports as file:///C:/ProgramData/cocos/editors/Creator/3.8.5/resources/resources/3d/engine/editor/assets/default_renderpipeline/builtin-pipeline.ts.
12:52:49.987 debug: Resolve file:///C:/ProgramData/cocos/editors/Creator/3.8.5/resources/resources/3d/engine/editor/assets/tools/debug-view-runtime-control.ts from cce:/internal/x/prerequisite-imports as file:///C:/ProgramData/cocos/editors/Creator/3.8.5/resources/resources/3d/engine/editor/assets/tools/debug-view-runtime-control.ts.
12:52:49.988 debug: Resolve file:///C:/Users/Administrator/MahjongDenfense/assets/scripts/GameManager.ts from cce:/internal/x/prerequisite-imports as file:///C:/Users/Administrator/MahjongDenfense/assets/scripts/GameManager.ts.
12:52:49.988 debug: Resolve file:///C:/Users/Administrator/MahjongDenfense/assets/scripts/MahjongTile.ts from cce:/internal/x/prerequisite-imports as file:///C:/Users/Administrator/MahjongDenfense/assets/scripts/MahjongTile.ts.
12:52:49.989 debug: Resolve file:///C:/Users/Administrator/MahjongDenfense/assets/scripts/Monster.ts from cce:/internal/x/prerequisite-imports as file:///C:/Users/Administrator/MahjongDenfense/assets/scripts/Monster.ts.
12:52:50.008 debug: Target(editor) ends with cost 64.32359999999971ms.
12:52:50.008 debug: Target(preview) build started.
12:52:50.013 debug: Detected change: cce:/internal/x/prerequisite-imports. Last mtime: Thu Jan 01 1970 08:00:11 GMT+0800 (中国标准时间), Current mtime: Thu Jan 01 1970 08:00:13 GMT+0800 (中国标准时间)
12:52:50.013 debug: Inspect cce:/internal/x/prerequisite-imports
12:52:50.033 debug: transform url: 'cce:/internal/x/prerequisite-imports' costs: 20.50 ms
12:52:50.038 debug: Resolve file:///C:/ProgramData/cocos/editors/Creator/3.8.5/resources/resources/3d/engine/editor/assets/default_renderpipeline/builtin-dof-pass.ts from cce:/internal/x/prerequisite-imports as file:///C:/ProgramData/cocos/editors/Creator/3.8.5/resources/resources/3d/engine/editor/assets/default_renderpipeline/builtin-dof-pass.ts.
12:52:50.040 debug: Resolve file:///C:/ProgramData/cocos/editors/Creator/3.8.5/resources/resources/3d/engine/editor/assets/default_renderpipeline/builtin-pipeline-pass.ts from cce:/internal/x/prerequisite-imports as file:///C:/ProgramData/cocos/editors/Creator/3.8.5/resources/resources/3d/engine/editor/assets/default_renderpipeline/builtin-pipeline-pass.ts.
12:52:50.042 debug: Resolve file:///C:/ProgramData/cocos/editors/Creator/3.8.5/resources/resources/3d/engine/editor/assets/default_renderpipeline/builtin-pipeline-settings.ts from cce:/internal/x/prerequisite-imports as file:///C:/ProgramData/cocos/editors/Creator/3.8.5/resources/resources/3d/engine/editor/assets/default_renderpipeline/builtin-pipeline-settings.ts.
12:52:50.043 debug: Resolve file:///C:/ProgramData/cocos/editors/Creator/3.8.5/resources/resources/3d/engine/editor/assets/default_renderpipeline/builtin-pipeline-types.ts from cce:/internal/x/prerequisite-imports as file:///C:/ProgramData/cocos/editors/Creator/3.8.5/resources/resources/3d/engine/editor/assets/default_renderpipeline/builtin-pipeline-types.ts.
12:52:50.044 debug: Resolve file:///C:/ProgramData/cocos/editors/Creator/3.8.5/resources/resources/3d/engine/editor/assets/default_renderpipeline/builtin-pipeline.ts from cce:/internal/x/prerequisite-imports as file:///C:/ProgramData/cocos/editors/Creator/3.8.5/resources/resources/3d/engine/editor/assets/default_renderpipeline/builtin-pipeline.ts.
12:52:50.046 debug: Resolve file:///C:/ProgramData/cocos/editors/Creator/3.8.5/resources/resources/3d/engine/editor/assets/tools/debug-view-runtime-control.ts from cce:/internal/x/prerequisite-imports as file:///C:/ProgramData/cocos/editors/Creator/3.8.5/resources/resources/3d/engine/editor/assets/tools/debug-view-runtime-control.ts.
12:52:50.047 debug: Resolve file:///C:/Users/Administrator/MahjongDenfense/assets/scripts/GameManager.ts from cce:/internal/x/prerequisite-imports as file:///C:/Users/Administrator/MahjongDenfense/assets/scripts/GameManager.ts.
12:52:50.047 debug: Resolve file:///C:/Users/Administrator/MahjongDenfense/assets/scripts/MahjongTile.ts from cce:/internal/x/prerequisite-imports as file:///C:/Users/Administrator/MahjongDenfense/assets/scripts/MahjongTile.ts.
12:52:50.047 debug: Resolve file:///C:/Users/Administrator/MahjongDenfense/assets/scripts/Monster.ts from cce:/internal/x/prerequisite-imports as file:///C:/Users/Administrator/MahjongDenfense/assets/scripts/Monster.ts.
12:52:50.064 debug: Target(preview) ends with cost 55.84070000000065ms.
