2025-4-16 11:23:46-debug: start **** info
2025-4-16 11:23:47-log: Cannot access game frame or container.
2025-4-16 11:23:47-debug: asset-db:require-engine-code (699ms)
2025-4-16 11:23:47-log: meshopt wasm decoder initialized
2025-4-16 11:23:47-log: [box2d]:box2d wasm lib loaded.
2025-4-16 11:23:47-log: [bullet]:bullet wasm lib loaded.
2025-4-16 11:23:47-log: Using legacy pipeline
2025-4-16 11:23:47-log: Forward render pipeline initialized.
2025-4-16 11:23:47-debug: [Assets Memory track]: asset-db-plugin-register: programming start:80.23MB, end 83.52MB, increase: 3.30MB
2025-4-16 11:23:48-debug: [Assets Memory track]: asset-db-plugin-register: builder start:83.55MB, end 195.27MB, increase: 111.72MB
2025-4-16 11:23:47-debug: [Assets Memory track]: asset-db:worker-init: initEngine start:30.95MB, end 79.35MB, increase: 48.40MB
2025-4-16 11:23:47-log: Cocos Creator v3.8.5
2025-4-16 11:23:48-debug: [Assets Memory track]: asset-db:worker-init: initPlugin start:79.37MB, end 198.74MB, increase: 119.37MB
2025-4-16 11:23:48-debug: [Assets Memory track]: asset-db-plugin-register: project start:80.08MB, end 198.71MB, increase: 118.63MB
2025-4-16 11:23:48-debug: [Assets Memory track]: asset-db-plugin-register: engine-extends start:195.52MB, end 198.64MB, increase: 3.13MB
2025-4-16 11:23:48-debug: run package(im-plugin) handler(enable) start
2025-4-16 11:23:48-debug: run package(placeholder) handler(enable) start
2025-4-16 11:23:48-debug: run package(im-plugin) handler(enable) success!
2025-4-16 11:23:48-debug: run package(placeholder) handler(enable) success!
2025-4-16 11:23:48-debug: asset-db:worker-init: initPlugin (1161ms)
2025-4-16 11:23:48-debug: [Assets Memory track]: asset-db:worker-init start:30.94MB, end 198.95MB, increase: 168.01MB
2025-4-16 11:23:48-debug: Run asset db hook engine-extends:beforePreStart ...
2025-4-16 11:23:48-debug: Run asset db hook programming:beforePreStart ...
2025-4-16 11:23:48-debug: Run asset db hook engine-extends:beforePreStart success!
2025-4-16 11:23:48-debug: Run asset db hook programming:beforePreStart success!
2025-4-16 11:23:50-debug: asset-db:worker-init (4083ms)
2025-4-16 11:23:50-debug: asset-db-hook-programming-beforePreStart (1827ms)
2025-4-16 11:23:50-debug: asset-db-hook-engine-extends-beforePreStart (1828ms)
2025-4-16 11:23:51-debug: Preimport db internal success
2025-4-16 11:23:51-debug: Preimport db assets success
2025-4-16 11:23:51-debug: Run asset db hook programming:afterPreStart ...
2025-4-16 11:23:51-debug: starting packer-driver...
2025-4-16 11:23:52-debug: initialize scripting environment...
2025-4-16 11:23:52-debug: [[Executor]] prepare before lock
2025-4-16 11:23:52-debug: Set detail map pack:///resolution-detail-map.json: {}
2025-4-16 11:23:52-debug: [[Executor]] prepare after unlock
2025-4-16 11:23:52-debug: Run asset db hook programming:afterPreStart success!
2025-4-16 11:23:52-debug: Run asset db hook engine-extends:afterPreStart ...
2025-4-16 11:23:52-debug: Run asset db hook engine-extends:afterPreStart success!
2025-4-16 11:23:52-debug: [Assets Memory track]: asset-db:worker-init: preStart start:198.97MB, end 200.66MB, increase: 1.70MB
2025-4-16 11:23:52-debug: Start up the 'internal' database...
2025-4-16 11:23:53-debug: asset-db-hook-programming-afterPreStart (1782ms)
2025-4-16 11:23:53-debug: asset-db:worker-effect-data-processing (1037ms)
2025-4-16 11:23:53-debug: asset-db-hook-engine-extends-afterPreStart (1037ms)
2025-4-16 11:23:53-debug: [Assets Memory track]: asset-db:worker-startup-database[internal] start:199.05MB, end 211.55MB, increase: 12.50MB
2025-4-16 11:23:53-debug: Start up the 'assets' database...
2025-4-16 11:23:54-debug: asset-db:worker-startup-database[internal] (5199ms)
2025-4-16 11:23:54-debug: [Assets Memory track]: asset-db:worker-init: startup start:200.67MB, end 214.05MB, increase: 13.37MB
2025-4-16 11:23:54-debug: lazy register asset handler *
2025-4-16 11:23:54-debug: lazy register asset handler directory
2025-4-16 11:23:54-debug: lazy register asset handler text
2025-4-16 11:23:54-debug: lazy register asset handler json
2025-4-16 11:23:54-debug: lazy register asset handler spine-data
2025-4-16 11:23:54-debug: [Assets Memory track]: asset-db:worker-startup-database[assets] start:198.59MB, end 214.03MB, increase: 15.44MB
2025-4-16 11:23:54-debug: lazy register asset handler dragonbones
2025-4-16 11:23:54-debug: lazy register asset handler dragonbones-atlas
2025-4-16 11:23:54-debug: lazy register asset handler javascript
2025-4-16 11:23:54-debug: lazy register asset handler typescript
2025-4-16 11:23:54-debug: lazy register asset handler terrain
2025-4-16 11:23:54-debug: lazy register asset handler prefab
2025-4-16 11:23:54-debug: lazy register asset handler scene
2025-4-16 11:23:54-debug: lazy register asset handler buffer
2025-4-16 11:23:54-debug: lazy register asset handler sprite-frame
2025-4-16 11:23:54-debug: lazy register asset handler tiled-map
2025-4-16 11:23:54-debug: lazy register asset handler sign-image
2025-4-16 11:23:54-debug: lazy register asset handler image
2025-4-16 11:23:54-debug: lazy register asset handler alpha-image
2025-4-16 11:23:54-debug: lazy register asset handler texture
2025-4-16 11:23:54-debug: lazy register asset handler render-texture
2025-4-16 11:23:54-debug: lazy register asset handler texture-cube-face
2025-4-16 11:23:54-debug: lazy register asset handler erp-texture-cube
2025-4-16 11:23:54-debug: lazy register asset handler rt-sprite-frame
2025-4-16 11:23:54-debug: lazy register asset handler texture-cube
2025-4-16 11:23:54-debug: lazy register asset handler gltf-animation
2025-4-16 11:23:54-debug: lazy register asset handler gltf
2025-4-16 11:23:54-debug: lazy register asset handler gltf-skeleton
2025-4-16 11:23:54-debug: lazy register asset handler gltf-scene
2025-4-16 11:23:54-debug: lazy register asset handler gltf-mesh
2025-4-16 11:23:54-debug: lazy register asset handler gltf-embeded-image
2025-4-16 11:23:54-debug: lazy register asset handler gltf-material
2025-4-16 11:23:54-debug: lazy register asset handler material
2025-4-16 11:23:54-debug: lazy register asset handler physics-material
2025-4-16 11:23:54-debug: lazy register asset handler audio-clip
2025-4-16 11:23:54-debug: lazy register asset handler fbx
2025-4-16 11:23:54-debug: lazy register asset handler effect-header
2025-4-16 11:23:54-debug: lazy register asset handler animation-clip
2025-4-16 11:23:54-debug: lazy register asset handler effect
2025-4-16 11:23:54-debug: lazy register asset handler animation-graph
2025-4-16 11:23:54-debug: lazy register asset handler ttf-font
2025-4-16 11:23:54-debug: lazy register asset handler animation-mask
2025-4-16 11:23:54-debug: lazy register asset handler animation-graph-variant
2025-4-16 11:23:54-debug: lazy register asset handler bitmap-font
2025-4-16 11:23:54-debug: lazy register asset handler particle
2025-4-16 11:23:54-debug: lazy register asset handler sprite-atlas
2025-4-16 11:23:54-debug: lazy register asset handler auto-atlas
2025-4-16 11:23:54-debug: lazy register asset handler render-pipeline
2025-4-16 11:23:54-debug: lazy register asset handler render-stage
2025-4-16 11:23:54-debug: lazy register asset handler instantiation-material
2025-4-16 11:23:54-debug: lazy register asset handler label-atlas
2025-4-16 11:23:54-debug: lazy register asset handler instantiation-mesh
2025-4-16 11:23:54-debug: lazy register asset handler instantiation-skeleton
2025-4-16 11:23:54-debug: lazy register asset handler instantiation-animation
2025-4-16 11:23:54-debug: lazy register asset handler video-clip
2025-4-16 11:23:54-debug: lazy register asset handler render-flow
2025-4-16 11:23:54-debug: asset-db:worker-startup-database[assets] (2510ms)
2025-4-16 11:23:54-debug: asset-db:start-database (5263ms)
2025-4-16 11:23:54-debug: asset-db:ready (10373ms)
2025-4-16 11:23:54-debug: init worker message success
2025-4-16 11:23:54-debug: builder:worker-init (402ms)
2025-4-16 11:23:54-debug: [Build Memory track]: builder:worker-init start:213.72MB, end 170.49MB, increase: -44260.75KB
2025-4-16 11:23:54-debug: programming:execute-script (410ms)
2025-4-16 11:26:59-debug: Query all assets info in project
2025-4-16 11:26:59-debug: init custom config: keepNodeUuid: false, useCache: true
2025-4-16 11:26:59-debug: Query asset bundle start, progress: 0%
2025-4-16 11:26:59-debug: // ---- build task Query asset bundle ----
2025-4-16 11:26:59-debug:   Number of all scenes: 1
2025-4-16 11:26:59-debug:   Number of all scripts: 10
2025-4-16 11:26:59-debug: Query preload assets/scripts from cc.config.json: 60f7195c-ec2a-45eb-ba94-8955f60e81d0,1c02ae6f-4492-4915-b8f8-7492a3b1e4cd,810e96e4-e456-4468-9b59-f4e8f39732c0,efe8e2a3-eace-427b-b4f1-cb8a937ec77d,e9aa9a3e-5b2b-4ac7-a2c7-073de2b2b24f,8bbdbcdd-5cd4-4100-b6d5-b7c9625b6107,50f4348b-c883-4e2f-8f11-ce233b859fa1,fda095cb-831d-4601-ad94-846013963de8,f92806d7-1768-443f-afe8-12bcde84d0f0,dd3a144d-ab7f-41f0-82b8-2e43a090d496,f0416e68-0200-4b77-a926-4f9d16e494da,970b0598-bcb0-4714-91fb-2e81440dccd8,bcd64cc6-2dd9-43f6-abbe-66318d332032,d930590d-bb92-4cc8-8bd1-23cd027f9edf,a3cd009f-0ab0-420d-9278-b9fdab939bbc,6a2d0734-bd9e-4ddf-946e-caa52498cb75,c27215d8-6835-4b68-bfbb-bdeac6100c04,b5d6115f-0370-4d7c-aad3-c194cc71cf98,871c3b6c-7379-419d-bda3-794b239ab90d,ff9b0199-ce04-4cfe-86cc-6c719f08d6e4,de1c2107-70c8-4021-8459-6399f24d01c6,cbf30902-517f-40dc-af90-a550bac27cf1
2025-4-16 11:26:59-debug:   Number of other assets: 532
2025-4-16 11:26:59-debug: run build task Query asset bundle success in 13 ms√, progress: 5%
2025-4-16 11:26:59-debug: // ---- build task Query asset bundle ---- (13ms)
2025-4-16 11:26:59-debug: [Build Memory track]: Query asset bundle start:165.74MB, end 166.21MB, increase: 477.35KB
2025-4-16 11:26:59-debug: Query asset bundle start, progress: 5%
2025-4-16 11:26:59-debug: // ---- build task Query asset bundle ----
2025-4-16 11:26:59-debug: // ---- build task Query asset bundle ---- (2ms)
2025-4-16 11:26:59-debug: [Build Memory track]: Query asset bundle start:166.24MB, end 166.38MB, increase: 135.53KB
2025-4-16 11:26:59-debug: run build task Query asset bundle success in 2 ms√, progress: 10%
2025-4-16 11:26:59-debug: // ---- build task Sort some build options to settings.json ----
2025-4-16 11:26:59-debug: Sort some build options to settings.json start, progress: 10%
2025-4-16 11:26:59-debug: // ---- build task Sort some build options to settings.json ---- (1ms)
2025-4-16 11:26:59-debug: [Build Memory track]: Sort some build options to settings.json start:166.41MB, end 166.44MB, increase: 30.87KB
2025-4-16 11:26:59-debug: Fill script data to settings start, progress: 12%
2025-4-16 11:26:59-debug: // ---- build task Fill script data to settings ----
2025-4-16 11:26:59-debug: run build task Sort some build options to settings.json success in 1 ms√, progress: 12%
2025-4-16 11:26:59-debug: run build task Fill script data to settings success in 1 ms√, progress: 13%
2025-4-16 11:26:59-debug: [Build Memory track]: Fill script data to settings start:166.48MB, end 166.51MB, increase: 31.38KB
2025-4-16 11:26:59-debug: // ---- build task Sort some build options to settings.json ----
2025-4-16 11:26:59-debug: Sort some build options to settings.json start, progress: 13%
2025-4-16 11:26:59-debug: // ---- build task Fill script data to settings ---- (1ms)
2025-4-16 11:26:59-debug: [Build Memory track]: Sort some build options to settings.json start:166.55MB, end 165.90MB, increase: -661.00KB
2025-4-16 11:26:59-debug: run build task Sort some build options to settings.json success in 7 ms√, progress: 15%
2025-4-16 11:26:59-debug: // ---- build task Sort some build options to settings.json ---- (7ms)
2025-4-16 11:27:50-debug: refresh db internal success
2025-4-16 11:27:50-debug: refresh db assets success
2025-4-16 11:27:50-debug: Run asset db hook engine-extends:afterRefresh ...
2025-4-16 11:27:50-debug: Run asset db hook engine-extends:afterRefresh success!
2025-4-16 11:27:50-debug: asset-db:refresh-all-database (129ms)
2025-4-16 11:27:50-debug: asset-db:worker-effect-data-processing (1ms)
2025-4-16 11:27:50-debug: asset-db-hook-engine-extends-afterRefresh (2ms)
2025-4-16 11:28:31-debug: refresh db internal success
2025-4-16 11:28:31-debug: refresh db assets success
2025-4-16 11:28:31-debug: Run asset db hook engine-extends:afterRefresh ...
2025-4-16 11:28:31-debug: Run asset db hook engine-extends:afterRefresh success!
2025-4-16 11:28:31-debug: asset-db:refresh-all-database (67ms)
2025-4-16 11:28:31-debug: asset-db-hook-engine-extends-afterRefresh (1ms)
2025-4-16 11:28:35-debug: refresh db internal success
2025-4-16 11:28:35-debug: refresh db assets success
2025-4-16 11:28:35-debug: Run asset db hook engine-extends:afterRefresh success!
2025-4-16 11:28:35-debug: Run asset db hook engine-extends:afterRefresh ...
2025-4-16 11:28:35-debug: asset-db:refresh-all-database (74ms)
2025-4-16 11:28:35-debug: asset-db:worker-effect-data-processing (1ms)
2025-4-16 11:28:35-debug: asset-db-hook-engine-extends-afterRefresh (2ms)
2025-4-16 11:28:36-warn: Please set the application in {preferences} -> {program} -> {scriptEditor} to better open the script
2025-4-16 11:36:50-debug: refresh db internal success
2025-4-16 11:36:50-debug: refresh db assets success
2025-4-16 11:36:50-debug: Run asset db hook engine-extends:afterRefresh ...
2025-4-16 11:36:50-debug: Run asset db hook engine-extends:afterRefresh success!
2025-4-16 11:36:50-debug: asset-db:refresh-all-database (70ms)
2025-4-16 11:36:50-debug: asset-db:worker-effect-data-processing (1ms)
2025-4-16 11:36:50-debug: asset-db-hook-engine-extends-afterRefresh (1ms)
2025-4-16 11:36:54-warn: Please set the application in {preferences} -> {program} -> {scriptEditor} to better open the script
2025-4-16 11:41:06-debug: refresh db internal success
2025-4-16 11:41:06-debug: refresh db assets success
2025-4-16 11:41:06-debug: Run asset db hook engine-extends:afterRefresh ...
2025-4-16 11:41:06-debug: Run asset db hook engine-extends:afterRefresh success!
2025-4-16 11:41:06-debug: asset-db:refresh-all-database (67ms)
2025-4-16 11:41:06-debug: asset-db:worker-effect-data-processing (1ms)
2025-4-16 11:41:06-debug: asset-db-hook-engine-extends-afterRefresh (1ms)
2025-4-16 23:21:49-debug: refresh db internal success
2025-4-16 23:21:49-debug: refresh db assets success
2025-4-16 23:21:49-debug: Run asset db hook engine-extends:afterRefresh ...
2025-4-16 23:21:49-debug: Run asset db hook engine-extends:afterRefresh success!
2025-4-16 23:21:49-debug: asset-db:refresh-all-database (368ms)
2025-4-16 23:21:49-debug: asset-db:worker-effect-data-processing (9ms)
2025-4-16 23:21:49-debug: asset-db-hook-engine-extends-afterRefresh (11ms)
2025-4-16 23:21:53-debug: %cImport%c: C:\Users\Administrator\MahjongDenfense\assets\scene\MainScene.scenebackground: #aaff85; color: #000;color: #000;
2025-4-16 23:21:53-debug: asset-db:reimport-asset7319cee2-ed1c-451c-b7d4-4d1f84c46d5d (48ms)
