2025-4-15 12:00:15-debug: start **** info
2025-4-15 12:00:16-log: Cannot access game frame or container.
2025-4-15 12:00:16-debug: asset-db:require-engine-code (966ms)
2025-4-15 12:00:17-log: meshopt wasm decoder initialized
2025-4-15 12:00:17-log: [bullet]:bullet wasm lib loaded.
2025-4-15 12:00:17-log: [box2d]:box2d wasm lib loaded.
2025-4-15 12:00:17-log: Cocos Creator v3.8.5
2025-4-15 12:00:17-log: Using legacy pipeline
2025-4-15 12:00:17-log: Forward render pipeline initialized.
2025-4-15 12:00:17-debug: [Assets Memory track]: asset-db-plugin-register: programming start:80.25MB, end 83.54MB, increase: 3.29MB
2025-4-15 12:00:18-debug: [Assets Memory track]: asset-db-plugin-register: engine-extends start:195.82MB, end 198.95MB, increase: 3.13MB
2025-4-15 12:00:17-debug: [Assets Memory track]: asset-db:worker-init: initEngine start:31.00MB, end 79.38MB, increase: 48.38MB
2025-4-15 12:00:18-debug: [Assets Memory track]: asset-db-plugin-register: project start:80.10MB, end 199.02MB, increase: 118.92MB
2025-4-15 12:00:18-debug: [Assets Memory track]: asset-db-plugin-register: builder start:83.57MB, end 195.57MB, increase: 112.01MB
2025-4-15 12:00:18-debug: [Assets Memory track]: asset-db:worker-init: initPlugin start:79.40MB, end 199.05MB, increase: 119.65MB
2025-4-15 12:00:18-debug: asset-db:worker-init: initPlugin (1229ms)
2025-4-15 12:00:18-debug: Run asset db hook programming:beforePreStart ...
2025-4-15 12:00:18-debug: [Assets Memory track]: asset-db:worker-init start:30.99MB, end 199.16MB, increase: 168.17MB
2025-4-15 12:00:18-debug: Run asset db hook programming:beforePreStart success!
2025-4-15 12:00:18-debug: Run asset db hook engine-extends:beforePreStart ...
2025-4-15 12:00:18-debug: Run asset db hook engine-extends:beforePreStart success!
2025-4-15 12:00:20-debug: asset-db:worker-init (4503ms)
2025-4-15 12:00:20-debug: asset-db-hook-programming-beforePreStart (1983ms)
2025-4-15 12:00:20-debug: asset-db-hook-engine-extends-beforePreStart (1983ms)
2025-4-15 12:00:21-debug: Preimport db internal success
2025-4-15 12:00:21-debug: %cImport%c: C:\Users\Administrator\MahjongDenfense\assets\scripts\MahjongTile.tsbackground: #aaff85; color: #000;color: #000;
2025-4-15 12:00:21-debug: Preimport db assets success
2025-4-15 12:00:21-debug: Run asset db hook programming:afterPreStart ...
2025-4-15 12:00:21-debug: starting packer-driver...
2025-4-15 12:00:22-debug: initialize scripting environment...
2025-4-15 12:00:22-debug: [[Executor]] prepare before lock
2025-4-15 12:00:22-debug: Set detail map pack:///resolution-detail-map.json: {}
2025-4-15 12:00:22-debug: [[Executor]] prepare after unlock
2025-4-15 12:00:22-debug: Run asset db hook programming:afterPreStart success!
2025-4-15 12:00:22-debug: Run asset db hook engine-extends:afterPreStart ...
2025-4-15 12:00:22-debug: Start up the 'internal' database...
2025-4-15 12:00:22-debug: Run asset db hook engine-extends:afterPreStart success!
2025-4-15 12:00:23-debug: asset-db-hook-programming-afterPreStart (2063ms)
2025-4-15 12:00:23-debug: asset-db:worker-effect-data-processing (1126ms)
2025-4-15 12:00:23-debug: asset-db-hook-engine-extends-afterPreStart (1126ms)
2025-4-15 12:00:23-debug: Start up the 'assets' database...
2025-4-15 12:00:24-debug: asset-db:worker-startup-database[internal] (5971ms)
2025-4-15 12:00:24-debug: lazy register asset handler *
2025-4-15 12:00:24-debug: lazy register asset handler directory
2025-4-15 12:00:24-debug: lazy register asset handler spine-data
2025-4-15 12:00:24-debug: lazy register asset handler json
2025-4-15 12:00:24-debug: lazy register asset handler terrain
2025-4-15 12:00:24-debug: lazy register asset handler dragonbones-atlas
2025-4-15 12:00:24-debug: lazy register asset handler text
2025-4-15 12:00:24-debug: lazy register asset handler javascript
2025-4-15 12:00:24-debug: lazy register asset handler typescript
2025-4-15 12:00:24-debug: lazy register asset handler prefab
2025-4-15 12:00:24-debug: lazy register asset handler sprite-frame
2025-4-15 12:00:24-debug: lazy register asset handler scene
2025-4-15 12:00:24-debug: lazy register asset handler tiled-map
2025-4-15 12:00:24-debug: lazy register asset handler image
2025-4-15 12:00:24-debug: lazy register asset handler buffer
2025-4-15 12:00:24-debug: lazy register asset handler dragonbones
2025-4-15 12:00:24-debug: lazy register asset handler texture
2025-4-15 12:00:24-debug: lazy register asset handler sign-image
2025-4-15 12:00:24-debug: lazy register asset handler alpha-image
2025-4-15 12:00:24-debug: lazy register asset handler erp-texture-cube
2025-4-15 12:00:24-debug: lazy register asset handler render-texture
2025-4-15 12:00:24-debug: lazy register asset handler texture-cube-face
2025-4-15 12:00:24-debug: lazy register asset handler gltf
2025-4-15 12:00:24-debug: lazy register asset handler rt-sprite-frame
2025-4-15 12:00:24-debug: lazy register asset handler gltf-animation
2025-4-15 12:00:24-debug: lazy register asset handler gltf-mesh
2025-4-15 12:00:24-debug: lazy register asset handler gltf-skeleton
2025-4-15 12:00:24-debug: lazy register asset handler gltf-scene
2025-4-15 12:00:24-debug: lazy register asset handler gltf-embeded-image
2025-4-15 12:00:24-debug: lazy register asset handler fbx
2025-4-15 12:00:24-debug: lazy register asset handler gltf-material
2025-4-15 12:00:24-debug: lazy register asset handler physics-material
2025-4-15 12:00:24-debug: lazy register asset handler material
2025-4-15 12:00:24-debug: lazy register asset handler effect-header
2025-4-15 12:00:24-debug: lazy register asset handler effect
2025-4-15 12:00:24-debug: lazy register asset handler animation-clip
2025-4-15 12:00:24-debug: lazy register asset handler animation-graph
2025-4-15 12:00:24-debug: lazy register asset handler animation-graph-variant
2025-4-15 12:00:24-debug: lazy register asset handler texture-cube
2025-4-15 12:00:24-debug: lazy register asset handler animation-mask
2025-4-15 12:00:24-debug: lazy register asset handler ttf-font
2025-4-15 12:00:24-debug: lazy register asset handler audio-clip
2025-4-15 12:00:24-debug: lazy register asset handler bitmap-font
2025-4-15 12:00:24-debug: lazy register asset handler sprite-atlas
2025-4-15 12:00:24-debug: lazy register asset handler particle
2025-4-15 12:00:24-debug: lazy register asset handler label-atlas
2025-4-15 12:00:24-debug: lazy register asset handler render-pipeline
2025-4-15 12:00:24-debug: lazy register asset handler render-flow
2025-4-15 12:00:24-debug: lazy register asset handler render-stage
2025-4-15 12:00:24-debug: lazy register asset handler instantiation-material
2025-4-15 12:00:24-debug: lazy register asset handler instantiation-mesh
2025-4-15 12:00:24-debug: lazy register asset handler instantiation-animation
2025-4-15 12:00:24-debug: lazy register asset handler instantiation-skeleton
2025-4-15 12:00:24-debug: lazy register asset handler auto-atlas
2025-4-15 12:00:24-debug: lazy register asset handler video-clip
2025-4-15 12:00:24-debug: asset-db:start-database (6047ms)
2025-4-15 12:00:24-debug: asset-db:worker-startup-database[assets] (3016ms)
2025-4-15 12:00:24-debug: asset-db:ready (12027ms)
2025-4-15 12:00:24-debug: init worker message success
2025-4-15 12:00:24-debug: programming:execute-script (-3ms)
2025-4-15 12:00:24-debug: [Build Memory track]: builder:worker-init start:161.09MB, end 168.95MB, increase: 7.85MB
2025-4-15 12:00:24-debug: builder:worker-init (428ms)
2025-4-15 12:53:18-debug: refresh db internal success
2025-4-15 12:53:18-debug: refresh db assets success
2025-4-15 12:53:18-debug: Run asset db hook engine-extends:afterRefresh ...
2025-4-15 12:53:18-debug: Run asset db hook engine-extends:afterRefresh success!
2025-4-15 12:53:18-debug: asset-db:worker-effect-data-processing (7ms)
2025-4-15 12:53:18-debug: asset-db:refresh-all-database (228ms)
2025-4-15 12:53:18-debug: asset-db-hook-engine-extends-afterRefresh (7ms)
2025-4-15 12:53:24-debug: Query all assets info in project
2025-4-15 12:53:24-debug: init custom config: keepNodeUuid: false, useCache: true
2025-4-15 12:53:24-debug: Query asset bundle start, progress: 0%
2025-4-15 12:53:24-debug: // ---- build task Query asset bundle ----
2025-4-15 12:53:24-debug:   Number of all scripts: 10
2025-4-15 12:53:24-debug:   Number of other assets: 532
2025-4-15 12:53:24-debug: Query preload assets/scripts from cc.config.json: 60f7195c-ec2a-45eb-ba94-8955f60e81d0,1c02ae6f-4492-4915-b8f8-7492a3b1e4cd,810e96e4-e456-4468-9b59-f4e8f39732c0,efe8e2a3-eace-427b-b4f1-cb8a937ec77d,e9aa9a3e-5b2b-4ac7-a2c7-073de2b2b24f,8bbdbcdd-5cd4-4100-b6d5-b7c9625b6107,50f4348b-c883-4e2f-8f11-ce233b859fa1,fda095cb-831d-4601-ad94-846013963de8,f92806d7-1768-443f-afe8-12bcde84d0f0,dd3a144d-ab7f-41f0-82b8-2e43a090d496,f0416e68-0200-4b77-a926-4f9d16e494da,970b0598-bcb0-4714-91fb-2e81440dccd8,bcd64cc6-2dd9-43f6-abbe-66318d332032,d930590d-bb92-4cc8-8bd1-23cd027f9edf,a3cd009f-0ab0-420d-9278-b9fdab939bbc,6a2d0734-bd9e-4ddf-946e-caa52498cb75,c27215d8-6835-4b68-bfbb-bdeac6100c04,b5d6115f-0370-4d7c-aad3-c194cc71cf98,871c3b6c-7379-419d-bda3-794b239ab90d,ff9b0199-ce04-4cfe-86cc-6c719f08d6e4,de1c2107-70c8-4021-8459-6399f24d01c6,cbf30902-517f-40dc-af90-a550bac27cf1
2025-4-15 12:53:24-debug:   Number of all scenes: 1
2025-4-15 12:53:24-debug: // ---- build task Query asset bundle ---- (15ms)
2025-4-15 12:53:24-debug: [Build Memory track]: Query asset bundle start:167.12MB, end 167.56MB, increase: 450.74KB
2025-4-15 12:53:24-debug: // ---- build task Query asset bundle ----
2025-4-15 12:53:24-debug: run build task Query asset bundle success in 15 ms√, progress: 5%
2025-4-15 12:53:24-debug: Query asset bundle start, progress: 5%
2025-4-15 12:53:24-debug: // ---- build task Query asset bundle ---- (4ms)
2025-4-15 12:53:24-debug: run build task Query asset bundle success in 4 ms√, progress: 10%
2025-4-15 12:53:24-debug: // ---- build task Sort some build options to settings.json ----
2025-4-15 12:53:24-debug: Sort some build options to settings.json start, progress: 10%
2025-4-15 12:53:24-debug: [Build Memory track]: Query asset bundle start:167.60MB, end 167.73MB, increase: 134.71KB
2025-4-15 12:53:24-debug: // ---- build task Sort some build options to settings.json ---- (2ms)
2025-4-15 12:53:24-debug: [Build Memory track]: Sort some build options to settings.json start:167.76MB, end 167.80MB, increase: 31.38KB
2025-4-15 12:53:24-debug: run build task Sort some build options to settings.json success in 2 ms√, progress: 12%
2025-4-15 12:53:24-debug: Fill script data to settings start, progress: 12%
2025-4-15 12:53:24-debug: // ---- build task Fill script data to settings ----
2025-4-15 12:53:24-debug: // ---- build task Fill script data to settings ---- (2ms)
2025-4-15 12:53:24-debug: run build task Fill script data to settings success in 2 ms√, progress: 13%
2025-4-15 12:53:24-debug: [Build Memory track]: Fill script data to settings start:167.83MB, end 167.86MB, increase: 31.65KB
2025-4-15 12:53:24-debug: Sort some build options to settings.json start, progress: 13%
2025-4-15 12:53:24-debug: // ---- build task Sort some build options to settings.json ----
2025-4-15 12:53:24-debug: // ---- build task Sort some build options to settings.json ---- (8ms)
2025-4-15 12:53:24-debug: run build task Sort some build options to settings.json success in 8 ms√, progress: 15%
2025-4-15 12:53:24-debug: [Build Memory track]: Sort some build options to settings.json start:167.90MB, end 167.33MB, increase: -579.21KB
2025-4-15 12:55:19-debug: refresh db internal success
2025-4-15 12:55:19-debug: refresh db assets success
2025-4-15 12:55:19-debug: Run asset db hook engine-extends:afterRefresh ...
2025-4-15 12:55:19-debug: Run asset db hook engine-extends:afterRefresh success!
2025-4-15 12:55:19-debug: asset-db:refresh-all-database (90ms)
2025-4-15 12:55:19-debug: asset-db:worker-effect-data-processing (1ms)
2025-4-15 12:55:19-debug: asset-db-hook-engine-extends-afterRefresh (1ms)
2025-4-15 12:55:22-warn: Please set the application in {preferences} -> {program} -> {scriptEditor} to better open the script
2025-4-15 12:59:39-debug: refresh db internal success
2025-4-15 12:59:39-debug: %cImport%c: C:\Users\Administrator\MahjongDenfense\assets\scripts\MahjongTile.tsbackground: #aaff85; color: #000;color: #000;
2025-4-15 12:59:39-debug: refresh db assets success
2025-4-15 12:59:39-debug: Run asset db hook engine-extends:afterRefresh ...
2025-4-15 12:59:39-debug: Run asset db hook engine-extends:afterRefresh success!
2025-4-15 12:59:39-debug: asset-db:refresh-all-database (75ms)
2025-4-15 12:59:39-debug: asset-db:worker-effect-data-processing (1ms)
2025-4-15 12:59:39-debug: asset-db-hook-engine-extends-afterRefresh (1ms)
2025-4-15 12:59:41-debug: Query all assets info in project
2025-4-15 12:59:41-debug: init custom config: keepNodeUuid: false, useCache: true
2025-4-15 12:59:41-debug: Query asset bundle start, progress: 0%
2025-4-15 12:59:41-debug: // ---- build task Query asset bundle ----
2025-4-15 12:59:41-debug: Query preload assets/scripts from cc.config.json: 60f7195c-ec2a-45eb-ba94-8955f60e81d0,1c02ae6f-4492-4915-b8f8-7492a3b1e4cd,810e96e4-e456-4468-9b59-f4e8f39732c0,efe8e2a3-eace-427b-b4f1-cb8a937ec77d,e9aa9a3e-5b2b-4ac7-a2c7-073de2b2b24f,8bbdbcdd-5cd4-4100-b6d5-b7c9625b6107,50f4348b-c883-4e2f-8f11-ce233b859fa1,fda095cb-831d-4601-ad94-846013963de8,f92806d7-1768-443f-afe8-12bcde84d0f0,dd3a144d-ab7f-41f0-82b8-2e43a090d496,f0416e68-0200-4b77-a926-4f9d16e494da,970b0598-bcb0-4714-91fb-2e81440dccd8,bcd64cc6-2dd9-43f6-abbe-66318d332032,d930590d-bb92-4cc8-8bd1-23cd027f9edf,a3cd009f-0ab0-420d-9278-b9fdab939bbc,6a2d0734-bd9e-4ddf-946e-caa52498cb75,c27215d8-6835-4b68-bfbb-bdeac6100c04,b5d6115f-0370-4d7c-aad3-c194cc71cf98,871c3b6c-7379-419d-bda3-794b239ab90d,ff9b0199-ce04-4cfe-86cc-6c719f08d6e4,de1c2107-70c8-4021-8459-6399f24d01c6,cbf30902-517f-40dc-af90-a550bac27cf1
2025-4-15 12:59:41-debug:   Number of all scenes: 1
2025-4-15 12:59:41-debug:   Number of other assets: 532
2025-4-15 12:59:41-debug: // ---- build task Query asset bundle ---- (9ms)
2025-4-15 12:59:41-debug: run build task Query asset bundle success in 9 ms√, progress: 5%
2025-4-15 12:59:41-debug: [Build Memory track]: Query asset bundle start:170.90MB, end 170.65MB, increase: -256.11KB
2025-4-15 12:59:41-debug:   Number of all scripts: 10
2025-4-15 12:59:41-debug: Query asset bundle start, progress: 5%
2025-4-15 12:59:41-debug: // ---- build task Query asset bundle ----
2025-4-15 12:59:41-debug: // ---- build task Query asset bundle ---- (6ms)
2025-4-15 12:59:41-debug: run build task Query asset bundle success in 6 ms√, progress: 10%
2025-4-15 12:59:41-debug: // ---- build task Sort some build options to settings.json ----
2025-4-15 12:59:41-debug: Sort some build options to settings.json start, progress: 10%
2025-4-15 12:59:41-debug: [Build Memory track]: Query asset bundle start:170.68MB, end 170.80MB, increase: 122.85KB
2025-4-15 12:59:41-debug: run build task Sort some build options to settings.json success in 2 ms√, progress: 12%
2025-4-15 12:59:41-debug: [Build Memory track]: Sort some build options to settings.json start:170.84MB, end 170.89MB, increase: 46.75KB
2025-4-15 12:59:41-debug: // ---- build task Sort some build options to settings.json ---- (2ms)
2025-4-15 12:59:41-debug: Fill script data to settings start, progress: 12%
2025-4-15 12:59:41-debug: // ---- build task Fill script data to settings ----
2025-4-15 12:59:41-debug: [Build Memory track]: Fill script data to settings start:170.92MB, end 170.96MB, increase: 37.95KB
2025-4-15 12:59:41-debug: Sort some build options to settings.json start, progress: 13%
2025-4-15 12:59:41-debug: // ---- build task Sort some build options to settings.json ----
2025-4-15 12:59:41-debug: run build task Fill script data to settings success in 4 ms√, progress: 13%
2025-4-15 12:59:41-debug: // ---- build task Fill script data to settings ---- (4ms)
2025-4-15 12:59:41-debug: // ---- build task Sort some build options to settings.json ---- (7ms)
2025-4-15 12:59:41-debug: run build task Sort some build options to settings.json success in 7 ms√, progress: 15%
2025-4-15 12:59:41-debug: [Build Memory track]: Sort some build options to settings.json start:171.00MB, end 171.13MB, increase: 138.50KB
2025-4-15 13:06:41-debug: refresh db internal success
2025-4-15 13:06:41-debug: refresh db assets success
2025-4-15 13:06:41-debug: Run asset db hook engine-extends:afterRefresh ...
2025-4-15 13:06:41-debug: Run asset db hook engine-extends:afterRefresh success!
2025-4-15 13:06:41-debug: asset-db:refresh-all-database (66ms)
2025-4-15 13:55:57-debug: refresh db internal success
2025-4-15 13:55:57-debug: refresh db assets success
2025-4-15 13:55:57-debug: Run asset db hook engine-extends:afterRefresh ...
2025-4-15 13:55:57-debug: Run asset db hook engine-extends:afterRefresh success!
2025-4-15 13:55:57-debug: asset-db:refresh-all-database (104ms)
2025-4-15 13:55:57-debug: asset-db:worker-effect-data-processing (1ms)
2025-4-15 13:55:57-debug: asset-db-hook-engine-extends-afterRefresh (2ms)
2025-4-15 14:02:43-debug: refresh db internal success
2025-4-15 14:02:43-debug: refresh db assets success
2025-4-15 14:02:43-debug: Run asset db hook engine-extends:afterRefresh ...
2025-4-15 14:02:43-debug: Run asset db hook engine-extends:afterRefresh success!
2025-4-15 14:02:43-debug: asset-db:refresh-all-database (106ms)
2025-4-15 14:02:43-debug: asset-db:worker-effect-data-processing (1ms)
2025-4-15 14:02:43-debug: asset-db-hook-engine-extends-afterRefresh (1ms)
2025-4-15 15:01:23-debug: refresh db internal success
2025-4-15 15:01:23-debug: %cImport%c: C:\Users\Administrator\MahjongDenfense\assets\scripts\MahjongTile.tsbackground: #aaff85; color: #000;color: #000;
2025-4-15 15:01:23-debug: refresh db assets success
2025-4-15 15:01:23-debug: Run asset db hook engine-extends:afterRefresh success!
2025-4-15 15:01:23-debug: Run asset db hook engine-extends:afterRefresh ...
2025-4-15 15:01:23-debug: asset-db:worker-effect-data-processing (2ms)
2025-4-15 15:01:23-debug: asset-db:refresh-all-database (95ms)
2025-4-15 15:01:23-debug: asset-db-hook-engine-extends-afterRefresh (3ms)
2025-4-15 15:01:24-debug: Query all assets info in project
2025-4-15 15:01:24-debug: init custom config: keepNodeUuid: false, useCache: true
2025-4-15 15:01:24-debug: Query asset bundle start, progress: 0%
2025-4-15 15:01:24-debug: // ---- build task Query asset bundle ----
2025-4-15 15:01:24-debug: Query preload assets/scripts from cc.config.json: 60f7195c-ec2a-45eb-ba94-8955f60e81d0,1c02ae6f-4492-4915-b8f8-7492a3b1e4cd,810e96e4-e456-4468-9b59-f4e8f39732c0,efe8e2a3-eace-427b-b4f1-cb8a937ec77d,e9aa9a3e-5b2b-4ac7-a2c7-073de2b2b24f,8bbdbcdd-5cd4-4100-b6d5-b7c9625b6107,50f4348b-c883-4e2f-8f11-ce233b859fa1,fda095cb-831d-4601-ad94-846013963de8,f92806d7-1768-443f-afe8-12bcde84d0f0,dd3a144d-ab7f-41f0-82b8-2e43a090d496,f0416e68-0200-4b77-a926-4f9d16e494da,970b0598-bcb0-4714-91fb-2e81440dccd8,bcd64cc6-2dd9-43f6-abbe-66318d332032,d930590d-bb92-4cc8-8bd1-23cd027f9edf,a3cd009f-0ab0-420d-9278-b9fdab939bbc,6a2d0734-bd9e-4ddf-946e-caa52498cb75,c27215d8-6835-4b68-bfbb-bdeac6100c04,b5d6115f-0370-4d7c-aad3-c194cc71cf98,871c3b6c-7379-419d-bda3-794b239ab90d,ff9b0199-ce04-4cfe-86cc-6c719f08d6e4,de1c2107-70c8-4021-8459-6399f24d01c6,cbf30902-517f-40dc-af90-a550bac27cf1
2025-4-15 15:01:24-debug:   Number of all scenes: 1
2025-4-15 15:01:24-debug:   Number of all scripts: 10
2025-4-15 15:01:24-debug:   Number of other assets: 532
2025-4-15 15:01:24-debug: // ---- build task Query asset bundle ---- (14ms)
2025-4-15 15:01:24-debug: run build task Query asset bundle success in 14 ms√, progress: 5%
2025-4-15 15:01:24-debug: // ---- build task Query asset bundle ----
2025-4-15 15:01:24-debug: [Build Memory track]: Query asset bundle start:175.87MB, end 176.31MB, increase: 449.09KB
2025-4-15 15:01:24-debug: Query asset bundle start, progress: 5%
2025-4-15 15:01:24-debug: // ---- build task Query asset bundle ---- (4ms)
2025-4-15 15:01:24-debug: [Build Memory track]: Query asset bundle start:176.35MB, end 176.48MB, increase: 135.53KB
2025-4-15 15:01:24-debug: // ---- build task Sort some build options to settings.json ----
2025-4-15 15:01:24-debug: Sort some build options to settings.json start, progress: 10%
2025-4-15 15:01:24-debug: run build task Query asset bundle success in 4 ms√, progress: 10%
2025-4-15 15:01:24-debug: // ---- build task Sort some build options to settings.json ---- (2ms)
2025-4-15 15:01:24-debug: run build task Sort some build options to settings.json success in 2 ms√, progress: 12%
2025-4-15 15:01:24-debug: [Build Memory track]: Sort some build options to settings.json start:176.51MB, end 176.54MB, increase: 31.57KB
2025-4-15 15:01:24-debug: // ---- build task Fill script data to settings ----
2025-4-15 15:01:24-debug: Fill script data to settings start, progress: 12%
2025-4-15 15:01:24-debug: // ---- build task Fill script data to settings ---- (1ms)
2025-4-15 15:01:24-debug: run build task Fill script data to settings success in 1 ms√, progress: 13%
2025-4-15 15:01:24-debug: // ---- build task Sort some build options to settings.json ----
2025-4-15 15:01:24-debug: [Build Memory track]: Fill script data to settings start:176.58MB, end 176.61MB, increase: 30.91KB
2025-4-15 15:01:24-debug: Sort some build options to settings.json start, progress: 13%
2025-4-15 15:01:24-debug: // ---- build task Sort some build options to settings.json ---- (5ms)
2025-4-15 15:01:24-debug: run build task Sort some build options to settings.json success in 5 ms√, progress: 15%
2025-4-15 15:01:24-debug: [Build Memory track]: Sort some build options to settings.json start:176.64MB, end 176.79MB, increase: 150.49KB
2025-4-15 15:03:11-debug: refresh db internal success
2025-4-15 15:03:11-debug: refresh db assets success
2025-4-15 15:03:11-debug: Run asset db hook engine-extends:afterRefresh ...
2025-4-15 15:03:11-debug: Run asset db hook engine-extends:afterRefresh success!
2025-4-15 15:03:11-debug: asset-db:refresh-all-database (63ms)
2025-4-15 15:03:11-debug: asset-db-hook-engine-extends-afterRefresh (1ms)
2025-4-15 15:03:11-debug: asset-db:worker-effect-data-processing (1ms)
2025-4-15 15:05:59-debug: refresh db internal success
2025-4-15 15:05:59-debug: %cImport%c: C:\Users\Administrator\MahjongDenfense\assets\scripts\MahjongTile.tsbackground: #aaff85; color: #000;color: #000;
2025-4-15 15:05:59-debug: Run asset db hook engine-extends:afterRefresh ...
2025-4-15 15:05:59-debug: refresh db assets success
2025-4-15 15:05:59-debug: Run asset db hook engine-extends:afterRefresh success!
2025-4-15 15:05:59-debug: asset-db:worker-effect-data-processing (1ms)
2025-4-15 15:05:59-debug: asset-db-hook-engine-extends-afterRefresh (2ms)
2025-4-15 15:05:59-debug: asset-db:refresh-all-database (93ms)
2025-4-15 15:06:00-debug: Query all assets info in project
2025-4-15 15:06:00-debug: init custom config: keepNodeUuid: false, useCache: true
2025-4-15 15:06:00-debug: Query asset bundle start, progress: 0%
2025-4-15 15:06:00-debug: // ---- build task Query asset bundle ----
2025-4-15 15:06:00-debug: Query preload assets/scripts from cc.config.json: 60f7195c-ec2a-45eb-ba94-8955f60e81d0,1c02ae6f-4492-4915-b8f8-7492a3b1e4cd,810e96e4-e456-4468-9b59-f4e8f39732c0,efe8e2a3-eace-427b-b4f1-cb8a937ec77d,e9aa9a3e-5b2b-4ac7-a2c7-073de2b2b24f,8bbdbcdd-5cd4-4100-b6d5-b7c9625b6107,50f4348b-c883-4e2f-8f11-ce233b859fa1,fda095cb-831d-4601-ad94-846013963de8,f92806d7-1768-443f-afe8-12bcde84d0f0,dd3a144d-ab7f-41f0-82b8-2e43a090d496,f0416e68-0200-4b77-a926-4f9d16e494da,970b0598-bcb0-4714-91fb-2e81440dccd8,bcd64cc6-2dd9-43f6-abbe-66318d332032,d930590d-bb92-4cc8-8bd1-23cd027f9edf,a3cd009f-0ab0-420d-9278-b9fdab939bbc,6a2d0734-bd9e-4ddf-946e-caa52498cb75,c27215d8-6835-4b68-bfbb-bdeac6100c04,b5d6115f-0370-4d7c-aad3-c194cc71cf98,871c3b6c-7379-419d-bda3-794b239ab90d,ff9b0199-ce04-4cfe-86cc-6c719f08d6e4,de1c2107-70c8-4021-8459-6399f24d01c6,cbf30902-517f-40dc-af90-a550bac27cf1
2025-4-15 15:06:00-debug:   Number of all scripts: 10
2025-4-15 15:06:00-debug:   Number of other assets: 532
2025-4-15 15:06:00-debug:   Number of all scenes: 1
2025-4-15 15:06:00-debug: // ---- build task Query asset bundle ---- (9ms)
2025-4-15 15:06:00-debug: run build task Query asset bundle success in 9 ms√, progress: 5%
2025-4-15 15:06:00-debug: [Build Memory track]: Query asset bundle start:179.12MB, end 179.46MB, increase: 347.27KB
2025-4-15 15:06:00-debug: Query asset bundle start, progress: 5%
2025-4-15 15:06:00-debug: // ---- build task Query asset bundle ----
2025-4-15 15:06:00-debug: // ---- build task Query asset bundle ---- (1ms)
2025-4-15 15:06:00-debug: run build task Query asset bundle success in 1 ms√, progress: 10%
2025-4-15 15:06:00-debug: // ---- build task Sort some build options to settings.json ----
2025-4-15 15:06:00-debug: [Build Memory track]: Query asset bundle start:179.48MB, end 179.59MB, increase: 114.72KB
2025-4-15 15:06:00-debug: Sort some build options to settings.json start, progress: 10%
2025-4-15 15:06:00-debug: run build task Sort some build options to settings.json success in 1 ms√, progress: 12%
2025-4-15 15:06:00-debug: [Build Memory track]: Sort some build options to settings.json start:179.62MB, end 179.10MB, increase: -531.82KB
2025-4-15 15:06:00-debug: // ---- build task Fill script data to settings ----
2025-4-15 15:06:00-debug: // ---- build task Sort some build options to settings.json ---- (1ms)
2025-4-15 15:06:00-debug: Fill script data to settings start, progress: 12%
2025-4-15 15:06:00-debug: // ---- build task Fill script data to settings ---- (1ms)
2025-4-15 15:06:00-debug: run build task Fill script data to settings success in 1 ms√, progress: 13%
2025-4-15 15:06:00-debug: // ---- build task Sort some build options to settings.json ----
2025-4-15 15:06:00-debug: [Build Memory track]: Fill script data to settings start:179.13MB, end 179.15MB, increase: 25.79KB
2025-4-15 15:06:00-debug: Sort some build options to settings.json start, progress: 13%
2025-4-15 15:06:00-debug: // ---- build task Sort some build options to settings.json ---- (4ms)
2025-4-15 15:06:00-debug: run build task Sort some build options to settings.json success in 4 ms√, progress: 15%
2025-4-15 15:06:00-debug: [Build Memory track]: Sort some build options to settings.json start:179.18MB, end 179.33MB, increase: 148.29KB
2025-4-15 15:07:30-debug: refresh db internal success
2025-4-15 15:07:30-debug: refresh db assets success
2025-4-15 15:07:30-debug: Run asset db hook engine-extends:afterRefresh ...
2025-4-15 15:07:30-debug: Run asset db hook engine-extends:afterRefresh success!
2025-4-15 15:07:30-debug: asset-db:refresh-all-database (85ms)
2025-4-15 15:10:23-debug: refresh db internal success
2025-4-15 15:10:23-debug: refresh db assets success
2025-4-15 15:10:23-debug: Run asset db hook engine-extends:afterRefresh ...
2025-4-15 15:10:23-debug: Run asset db hook engine-extends:afterRefresh success!
2025-4-15 15:10:23-debug: asset-db:refresh-all-database (189ms)
2025-4-15 15:10:23-debug: asset-db:worker-effect-data-processing (25ms)
2025-4-15 15:10:23-debug: asset-db-hook-engine-extends-afterRefresh (25ms)
2025-4-15 15:11:47-debug: refresh db internal success
2025-4-15 15:11:47-debug: %cImport%c: C:\Users\Administrator\MahjongDenfense\assets\scripts\MahjongTile.tsbackground: #aaff85; color: #000;color: #000;
2025-4-15 15:11:47-debug: refresh db assets success
2025-4-15 15:11:47-debug: Run asset db hook engine-extends:afterRefresh ...
2025-4-15 15:11:47-debug: Run asset db hook engine-extends:afterRefresh success!
2025-4-15 15:11:47-debug: asset-db:refresh-all-database (190ms)
2025-4-15 15:11:47-debug: asset-db:worker-effect-data-processing (1ms)
2025-4-15 15:11:47-debug: asset-db-hook-engine-extends-afterRefresh (1ms)
2025-4-15 15:11:48-debug: Query all assets info in project
2025-4-15 15:11:48-debug: init custom config: keepNodeUuid: false, useCache: true
2025-4-15 15:11:48-debug: Query asset bundle start, progress: 0%
2025-4-15 15:11:48-debug: // ---- build task Query asset bundle ----
2025-4-15 15:11:48-debug: Query preload assets/scripts from cc.config.json: 60f7195c-ec2a-45eb-ba94-8955f60e81d0,1c02ae6f-4492-4915-b8f8-7492a3b1e4cd,810e96e4-e456-4468-9b59-f4e8f39732c0,efe8e2a3-eace-427b-b4f1-cb8a937ec77d,e9aa9a3e-5b2b-4ac7-a2c7-073de2b2b24f,8bbdbcdd-5cd4-4100-b6d5-b7c9625b6107,50f4348b-c883-4e2f-8f11-ce233b859fa1,fda095cb-831d-4601-ad94-846013963de8,f92806d7-1768-443f-afe8-12bcde84d0f0,dd3a144d-ab7f-41f0-82b8-2e43a090d496,f0416e68-0200-4b77-a926-4f9d16e494da,970b0598-bcb0-4714-91fb-2e81440dccd8,bcd64cc6-2dd9-43f6-abbe-66318d332032,d930590d-bb92-4cc8-8bd1-23cd027f9edf,a3cd009f-0ab0-420d-9278-b9fdab939bbc,6a2d0734-bd9e-4ddf-946e-caa52498cb75,c27215d8-6835-4b68-bfbb-bdeac6100c04,b5d6115f-0370-4d7c-aad3-c194cc71cf98,871c3b6c-7379-419d-bda3-794b239ab90d,ff9b0199-ce04-4cfe-86cc-6c719f08d6e4,de1c2107-70c8-4021-8459-6399f24d01c6,cbf30902-517f-40dc-af90-a550bac27cf1
2025-4-15 15:11:48-debug:   Number of other assets: 532
2025-4-15 15:11:48-debug:   Number of all scripts: 10
2025-4-15 15:11:48-debug: // ---- build task Query asset bundle ---- (13ms)
2025-4-15 15:11:48-debug: run build task Query asset bundle success in 13 ms√, progress: 5%
2025-4-15 15:11:48-debug:   Number of all scenes: 1
2025-4-15 15:11:48-debug: [Build Memory track]: Query asset bundle start:167.90MB, end 167.64MB, increase: -261.40KB
2025-4-15 15:11:48-debug: Query asset bundle start, progress: 5%
2025-4-15 15:11:48-debug: // ---- build task Query asset bundle ----
2025-4-15 15:11:48-debug: // ---- build task Query asset bundle ---- (2ms)
2025-4-15 15:11:48-debug: run build task Query asset bundle success in 2 ms√, progress: 10%
2025-4-15 15:11:48-debug: // ---- build task Sort some build options to settings.json ----
2025-4-15 15:11:48-debug: [Build Memory track]: Query asset bundle start:167.67MB, end 167.78MB, increase: 117.46KB
2025-4-15 15:11:48-debug: Sort some build options to settings.json start, progress: 10%
2025-4-15 15:11:48-debug: // ---- build task Sort some build options to settings.json ---- (2ms)
2025-4-15 15:11:48-debug: [Build Memory track]: Sort some build options to settings.json start:167.81MB, end 167.84MB, increase: 25.73KB
2025-4-15 15:11:48-debug: // ---- build task Fill script data to settings ----
2025-4-15 15:11:48-debug: run build task Sort some build options to settings.json success in 2 ms√, progress: 12%
2025-4-15 15:11:48-debug: Fill script data to settings start, progress: 12%
2025-4-15 15:11:48-debug: // ---- build task Fill script data to settings ---- (1ms)
2025-4-15 15:11:48-debug: run build task Fill script data to settings success in 1 ms√, progress: 13%
2025-4-15 15:11:48-debug: [Build Memory track]: Fill script data to settings start:167.86MB, end 167.89MB, increase: 27.32KB
2025-4-15 15:11:48-debug: Sort some build options to settings.json start, progress: 13%
2025-4-15 15:11:48-debug: // ---- build task Sort some build options to settings.json ----
2025-4-15 15:11:48-debug: // ---- build task Sort some build options to settings.json ---- (4ms)
2025-4-15 15:11:48-debug: [Build Memory track]: Sort some build options to settings.json start:167.92MB, end 168.06MB, increase: 142.84KB
2025-4-15 15:11:48-debug: run build task Sort some build options to settings.json success in 4 ms√, progress: 15%
2025-4-15 15:55:51-debug: refresh db internal success
2025-4-15 15:55:51-debug: refresh db assets success
2025-4-15 15:55:51-debug: Run asset db hook engine-extends:afterRefresh ...
2025-4-15 15:55:51-debug: Run asset db hook engine-extends:afterRefresh success!
2025-4-15 15:55:51-debug: asset-db:refresh-all-database (92ms)
2025-4-15 15:55:51-debug: asset-db:worker-effect-data-processing (1ms)
2025-4-15 15:55:51-debug: asset-db-hook-engine-extends-afterRefresh (2ms)
2025-4-15 15:57:40-debug: refresh db internal success
2025-4-15 15:57:40-debug: refresh db assets success
2025-4-15 15:57:40-debug: Run asset db hook engine-extends:afterRefresh ...
2025-4-15 15:57:40-debug: Run asset db hook engine-extends:afterRefresh success!
2025-4-15 15:57:40-debug: asset-db:refresh-all-database (64ms)
2025-4-15 15:57:40-debug: asset-db:worker-effect-data-processing (1ms)
2025-4-15 15:57:40-debug: asset-db-hook-engine-extends-afterRefresh (1ms)
2025-4-15 15:57:55-debug: refresh db internal success
2025-4-15 15:57:55-debug: Run asset db hook engine-extends:afterRefresh ...
2025-4-15 15:57:55-debug: Run asset db hook engine-extends:afterRefresh success!
2025-4-15 15:57:55-debug: refresh db assets success
2025-4-15 15:57:55-debug: asset-db:refresh-all-database (69ms)
2025-4-15 15:57:55-debug: asset-db-hook-engine-extends-afterRefresh (1ms)
2025-4-15 15:58:17-debug: refresh db internal success
2025-4-15 15:58:17-debug: %cImport%c: C:\Users\Administrator\MahjongDenfense\assets\scripts\MahjongTile.tsbackground: #aaff85; color: #000;color: #000;
2025-4-15 15:58:17-debug: refresh db assets success
2025-4-15 15:58:17-debug: Run asset db hook engine-extends:afterRefresh ...
2025-4-15 15:58:17-debug: Run asset db hook engine-extends:afterRefresh success!
2025-4-15 15:58:17-debug: asset-db:refresh-all-database (91ms)
2025-4-15 15:58:17-debug: asset-db:worker-effect-data-processing (4ms)
2025-4-15 15:58:17-debug: asset-db-hook-engine-extends-afterRefresh (4ms)
2025-4-15 15:58:18-debug: Query all assets info in project
2025-4-15 15:58:18-debug: init custom config: keepNodeUuid: false, useCache: true
2025-4-15 15:58:18-debug: // ---- build task Query asset bundle ----
2025-4-15 15:58:18-debug: Query asset bundle start, progress: 0%
2025-4-15 15:58:18-debug: Query preload assets/scripts from cc.config.json: 60f7195c-ec2a-45eb-ba94-8955f60e81d0,1c02ae6f-4492-4915-b8f8-7492a3b1e4cd,810e96e4-e456-4468-9b59-f4e8f39732c0,efe8e2a3-eace-427b-b4f1-cb8a937ec77d,e9aa9a3e-5b2b-4ac7-a2c7-073de2b2b24f,8bbdbcdd-5cd4-4100-b6d5-b7c9625b6107,50f4348b-c883-4e2f-8f11-ce233b859fa1,fda095cb-831d-4601-ad94-846013963de8,f92806d7-1768-443f-afe8-12bcde84d0f0,dd3a144d-ab7f-41f0-82b8-2e43a090d496,f0416e68-0200-4b77-a926-4f9d16e494da,970b0598-bcb0-4714-91fb-2e81440dccd8,bcd64cc6-2dd9-43f6-abbe-66318d332032,d930590d-bb92-4cc8-8bd1-23cd027f9edf,a3cd009f-0ab0-420d-9278-b9fdab939bbc,6a2d0734-bd9e-4ddf-946e-caa52498cb75,c27215d8-6835-4b68-bfbb-bdeac6100c04,b5d6115f-0370-4d7c-aad3-c194cc71cf98,871c3b6c-7379-419d-bda3-794b239ab90d,ff9b0199-ce04-4cfe-86cc-6c719f08d6e4,de1c2107-70c8-4021-8459-6399f24d01c6,cbf30902-517f-40dc-af90-a550bac27cf1
2025-4-15 15:58:18-debug:   Number of all scenes: 1
2025-4-15 15:58:18-debug:   Number of other assets: 532
2025-4-15 15:58:18-debug:   Number of all scripts: 10
2025-4-15 15:58:18-debug: // ---- build task Query asset bundle ---- (14ms)
2025-4-15 15:58:18-debug: run build task Query asset bundle success in 14 ms√, progress: 5%
2025-4-15 15:58:18-debug: [Build Memory track]: Query asset bundle start:172.33MB, end 172.63MB, increase: 313.38KB
2025-4-15 15:58:18-debug: // ---- build task Query asset bundle ----
2025-4-15 15:58:18-debug: Query asset bundle start, progress: 5%
2025-4-15 15:58:18-debug: // ---- build task Query asset bundle ---- (4ms)
2025-4-15 15:58:18-debug: run build task Query asset bundle success in 4 ms√, progress: 10%
2025-4-15 15:58:18-debug: [Build Memory track]: Query asset bundle start:172.66MB, end 172.78MB, increase: 123.79KB
2025-4-15 15:58:18-debug: // ---- build task Sort some build options to settings.json ----
2025-4-15 15:58:18-debug: Sort some build options to settings.json start, progress: 10%
2025-4-15 15:58:18-debug: // ---- build task Sort some build options to settings.json ---- (2ms)
2025-4-15 15:58:18-debug: run build task Sort some build options to settings.json success in 2 ms√, progress: 12%
2025-4-15 15:58:18-debug: [Build Memory track]: Sort some build options to settings.json start:172.81MB, end 172.84MB, increase: 25.99KB
2025-4-15 15:58:18-debug: // ---- build task Fill script data to settings ----
2025-4-15 15:58:18-debug: Fill script data to settings start, progress: 12%
2025-4-15 15:58:18-debug: // ---- build task Fill script data to settings ---- (1ms)
2025-4-15 15:58:18-debug: run build task Fill script data to settings success in 1 ms√, progress: 13%
2025-4-15 15:58:18-debug: [Build Memory track]: Fill script data to settings start:172.87MB, end 172.33MB, increase: -555.05KB
2025-4-15 15:58:18-debug: // ---- build task Sort some build options to settings.json ----
2025-4-15 15:58:18-debug: Sort some build options to settings.json start, progress: 13%
2025-4-15 15:58:18-debug: // ---- build task Sort some build options to settings.json ---- (7ms)
2025-4-15 15:58:18-debug: run build task Sort some build options to settings.json success in 7 ms√, progress: 15%
2025-4-15 15:58:18-debug: [Build Memory track]: Sort some build options to settings.json start:172.35MB, end 172.49MB, increase: 136.87KB
2025-4-15 15:58:41-debug: refresh db internal success
2025-4-15 15:58:41-debug: refresh db assets success
2025-4-15 15:58:41-debug: Run asset db hook engine-extends:afterRefresh ...
2025-4-15 15:58:41-debug: Run asset db hook engine-extends:afterRefresh success!
2025-4-15 15:58:41-debug: asset-db:worker-effect-data-processing (1ms)
2025-4-15 15:58:41-debug: asset-db:refresh-all-database (59ms)
2025-4-15 15:58:41-debug: asset-db-hook-engine-extends-afterRefresh (2ms)
2025-4-15 15:58:45-debug: refresh db internal success
2025-4-15 15:58:45-debug: refresh db assets success
2025-4-15 15:58:45-debug: Run asset db hook engine-extends:afterRefresh ...
2025-4-15 15:58:45-debug: Run asset db hook engine-extends:afterRefresh success!
2025-4-15 15:58:45-debug: asset-db:refresh-all-database (62ms)
2025-4-15 15:58:45-debug: asset-db:worker-effect-data-processing (1ms)
2025-4-15 15:58:45-debug: asset-db-hook-engine-extends-afterRefresh (2ms)
2025-4-15 15:59:17-debug: refresh db internal success
2025-4-15 15:59:17-debug: refresh db assets success
2025-4-15 15:59:17-debug: Run asset db hook engine-extends:afterRefresh ...
2025-4-15 15:59:17-debug: Run asset db hook engine-extends:afterRefresh success!
2025-4-15 15:59:17-debug: asset-db:refresh-all-database (62ms)
2025-4-15 15:59:17-debug: asset-db:worker-effect-data-processing (1ms)
2025-4-15 15:59:17-debug: asset-db-hook-engine-extends-afterRefresh (1ms)
2025-4-15 15:59:23-debug: refresh db internal success
2025-4-15 15:59:23-debug: refresh db assets success
2025-4-15 15:59:23-debug: Run asset db hook engine-extends:afterRefresh ...
2025-4-15 15:59:23-debug: Run asset db hook engine-extends:afterRefresh success!
2025-4-15 15:59:23-debug: asset-db:refresh-all-database (62ms)
2025-4-15 15:59:23-debug: asset-db:worker-effect-data-processing (1ms)
2025-4-15 15:59:23-debug: asset-db-hook-engine-extends-afterRefresh (1ms)
2025-4-15 16:02:19-debug: refresh db internal success
2025-4-15 16:02:19-debug: %cImport%c: C:\Users\Administrator\MahjongDenfense\assets\scripts\MahjongTile.tsbackground: #aaff85; color: #000;color: #000;
2025-4-15 16:02:19-debug: refresh db assets success
2025-4-15 16:02:19-debug: Run asset db hook engine-extends:afterRefresh ...
2025-4-15 16:02:19-debug: Run asset db hook engine-extends:afterRefresh success!
2025-4-15 16:02:19-debug: asset-db:refresh-all-database (83ms)
2025-4-15 16:02:19-debug: asset-db:worker-effect-data-processing (1ms)
2025-4-15 16:02:19-debug: asset-db-hook-engine-extends-afterRefresh (1ms)
2025-4-15 16:02:20-debug: Query all assets info in project
2025-4-15 16:02:20-debug: init custom config: keepNodeUuid: false, useCache: true
2025-4-15 16:02:20-debug: Query asset bundle start, progress: 0%
2025-4-15 16:02:20-debug: // ---- build task Query asset bundle ----
2025-4-15 16:02:20-debug: Query preload assets/scripts from cc.config.json: 60f7195c-ec2a-45eb-ba94-8955f60e81d0,1c02ae6f-4492-4915-b8f8-7492a3b1e4cd,810e96e4-e456-4468-9b59-f4e8f39732c0,efe8e2a3-eace-427b-b4f1-cb8a937ec77d,e9aa9a3e-5b2b-4ac7-a2c7-073de2b2b24f,8bbdbcdd-5cd4-4100-b6d5-b7c9625b6107,50f4348b-c883-4e2f-8f11-ce233b859fa1,fda095cb-831d-4601-ad94-846013963de8,f92806d7-1768-443f-afe8-12bcde84d0f0,dd3a144d-ab7f-41f0-82b8-2e43a090d496,f0416e68-0200-4b77-a926-4f9d16e494da,970b0598-bcb0-4714-91fb-2e81440dccd8,bcd64cc6-2dd9-43f6-abbe-66318d332032,d930590d-bb92-4cc8-8bd1-23cd027f9edf,a3cd009f-0ab0-420d-9278-b9fdab939bbc,6a2d0734-bd9e-4ddf-946e-caa52498cb75,c27215d8-6835-4b68-bfbb-bdeac6100c04,b5d6115f-0370-4d7c-aad3-c194cc71cf98,871c3b6c-7379-419d-bda3-794b239ab90d,ff9b0199-ce04-4cfe-86cc-6c719f08d6e4,de1c2107-70c8-4021-8459-6399f24d01c6,cbf30902-517f-40dc-af90-a550bac27cf1
2025-4-15 16:02:20-debug:   Number of other assets: 532
2025-4-15 16:02:20-debug:   Number of all scenes: 1
2025-4-15 16:02:20-debug:   Number of all scripts: 10
2025-4-15 16:02:20-debug: [Build Memory track]: Query asset bundle start:178.25MB, end 178.54MB, increase: 299.48KB
2025-4-15 16:02:20-debug: Query asset bundle start, progress: 5%
2025-4-15 16:02:20-debug: // ---- build task Query asset bundle ---- (8ms)
2025-4-15 16:02:20-debug: run build task Query asset bundle success in 8 ms√, progress: 5%
2025-4-15 16:02:20-debug: // ---- build task Query asset bundle ----
2025-4-15 16:02:20-debug: // ---- build task Query asset bundle ---- (8ms)
2025-4-15 16:02:20-debug: run build task Query asset bundle success in 8 ms√, progress: 10%
2025-4-15 16:02:20-debug: Sort some build options to settings.json start, progress: 10%
2025-4-15 16:02:20-debug: [Build Memory track]: Query asset bundle start:178.57MB, end 178.68MB, increase: 115.59KB
2025-4-15 16:02:20-debug: // ---- build task Sort some build options to settings.json ----
2025-4-15 16:02:20-debug: // ---- build task Sort some build options to settings.json ---- (4ms)
2025-4-15 16:02:20-debug: run build task Sort some build options to settings.json success in 4 ms√, progress: 12%
2025-4-15 16:02:20-debug: [Build Memory track]: Sort some build options to settings.json start:178.71MB, end 178.74MB, increase: 26.70KB
2025-4-15 16:02:20-debug: Fill script data to settings start, progress: 12%
2025-4-15 16:02:20-debug: // ---- build task Fill script data to settings ----
2025-4-15 16:02:20-debug: // ---- build task Fill script data to settings ---- (5ms)
2025-4-15 16:02:20-debug: [Build Memory track]: Fill script data to settings start:178.76MB, end 178.79MB, increase: 26.12KB
2025-4-15 16:02:20-debug: Sort some build options to settings.json start, progress: 13%
2025-4-15 16:02:20-debug: run build task Fill script data to settings success in 5 ms√, progress: 13%
2025-4-15 16:02:20-debug: // ---- build task Sort some build options to settings.json ----
2025-4-15 16:02:20-debug: // ---- build task Sort some build options to settings.json ---- (6ms)
2025-4-15 16:02:20-debug: run build task Sort some build options to settings.json success in 6 ms√, progress: 15%
2025-4-15 16:02:20-debug: [Build Memory track]: Sort some build options to settings.json start:178.81MB, end 178.94MB, increase: 126.91KB
2025-4-15 16:02:23-debug: %cImport%c: C:\Users\Administrator\MahjongDenfense\assets\prefab\MahjongTile.prefabbackground: #aaff85; color: #000;color: #000;
2025-4-15 16:02:23-debug: asset-db:reimport-asset01599341-7186-4f40-9b9e-7ad7085ba29c (29ms)
2025-4-15 16:02:23-debug: refresh db internal success
2025-4-15 16:02:23-debug: Run asset db hook engine-extends:afterRefresh ...
2025-4-15 16:02:23-debug: refresh db assets success
2025-4-15 16:02:23-debug: Run asset db hook engine-extends:afterRefresh success!
2025-4-15 16:02:23-debug: asset-db:refresh-all-database (86ms)
2025-4-15 16:02:23-debug: asset-db-hook-engine-extends-afterRefresh (1ms)
2025-4-15 16:02:53-debug: refresh db internal success
2025-4-15 16:02:53-debug: refresh db assets success
2025-4-15 16:02:53-debug: Run asset db hook engine-extends:afterRefresh ...
2025-4-15 16:02:53-debug: Run asset db hook engine-extends:afterRefresh success!
2025-4-15 16:02:53-debug: asset-db:refresh-all-database (117ms)
2025-4-15 16:02:53-debug: asset-db:worker-effect-data-processing (2ms)
2025-4-15 16:02:53-debug: asset-db-hook-engine-extends-afterRefresh (2ms)
2025-4-15 16:06:00-debug: refresh db internal success
2025-4-15 16:06:00-debug: refresh db assets success
2025-4-15 16:06:00-debug: Run asset db hook engine-extends:afterRefresh ...
2025-4-15 16:06:00-debug: Run asset db hook engine-extends:afterRefresh success!
2025-4-15 16:06:00-debug: asset-db:refresh-all-database (65ms)
2025-4-15 16:06:00-debug: asset-db:worker-effect-data-processing (1ms)
2025-4-15 16:06:00-debug: asset-db-hook-engine-extends-afterRefresh (1ms)
2025-4-15 16:07:53-debug: %cImport%c: C:\Users\Administrator\MahjongDenfense\assets\scene\MainScene.scenebackground: #aaff85; color: #000;color: #000;
2025-4-15 16:07:53-debug: asset-db:reimport-asset7319cee2-ed1c-451c-b7d4-4d1f84c46d5d (22ms)
2025-4-15 16:07:53-debug: Query all assets info in project
2025-4-15 16:07:53-debug: init custom config: keepNodeUuid: false, useCache: true
2025-4-15 16:07:53-debug: Query asset bundle start, progress: 0%
2025-4-15 16:07:53-debug: // ---- build task Query asset bundle ----
2025-4-15 16:07:53-debug: Query preload assets/scripts from cc.config.json: 60f7195c-ec2a-45eb-ba94-8955f60e81d0,1c02ae6f-4492-4915-b8f8-7492a3b1e4cd,810e96e4-e456-4468-9b59-f4e8f39732c0,efe8e2a3-eace-427b-b4f1-cb8a937ec77d,e9aa9a3e-5b2b-4ac7-a2c7-073de2b2b24f,8bbdbcdd-5cd4-4100-b6d5-b7c9625b6107,50f4348b-c883-4e2f-8f11-ce233b859fa1,fda095cb-831d-4601-ad94-846013963de8,f92806d7-1768-443f-afe8-12bcde84d0f0,dd3a144d-ab7f-41f0-82b8-2e43a090d496,f0416e68-0200-4b77-a926-4f9d16e494da,970b0598-bcb0-4714-91fb-2e81440dccd8,bcd64cc6-2dd9-43f6-abbe-66318d332032,d930590d-bb92-4cc8-8bd1-23cd027f9edf,a3cd009f-0ab0-420d-9278-b9fdab939bbc,6a2d0734-bd9e-4ddf-946e-caa52498cb75,c27215d8-6835-4b68-bfbb-bdeac6100c04,b5d6115f-0370-4d7c-aad3-c194cc71cf98,871c3b6c-7379-419d-bda3-794b239ab90d,ff9b0199-ce04-4cfe-86cc-6c719f08d6e4,de1c2107-70c8-4021-8459-6399f24d01c6,cbf30902-517f-40dc-af90-a550bac27cf1
2025-4-15 16:07:53-debug:   Number of other assets: 532
2025-4-15 16:07:53-debug: // ---- build task Query asset bundle ---- (7ms)
2025-4-15 16:07:53-debug:   Number of all scripts: 10
2025-4-15 16:07:53-debug:   Number of all scenes: 1
2025-4-15 16:07:53-debug: [Build Memory track]: Query asset bundle start:182.61MB, end 182.23MB, increase: -381.90KB
2025-4-15 16:07:53-debug: run build task Query asset bundle success in 7 ms√, progress: 5%
2025-4-15 16:07:53-debug: Query asset bundle start, progress: 5%
2025-4-15 16:07:53-debug: // ---- build task Query asset bundle ----
2025-4-15 16:07:53-debug: // ---- build task Query asset bundle ---- (21ms)
2025-4-15 16:07:53-debug: run build task Query asset bundle success in 21 ms√, progress: 10%
2025-4-15 16:07:53-debug: Sort some build options to settings.json start, progress: 10%
2025-4-15 16:07:53-debug: [Build Memory track]: Query asset bundle start:182.60MB, end 182.40MB, increase: -205.67KB
2025-4-15 16:07:53-debug: // ---- build task Sort some build options to settings.json ----
2025-4-15 16:07:53-debug: // ---- build task Sort some build options to settings.json ---- (1ms)
2025-4-15 16:07:53-debug: run build task Sort some build options to settings.json success in 1 ms√, progress: 12%
2025-4-15 16:07:53-debug: [Build Memory track]: Sort some build options to settings.json start:182.43MB, end 182.46MB, increase: 29.92KB
2025-4-15 16:07:53-debug: Fill script data to settings start, progress: 12%
2025-4-15 16:07:53-debug: // ---- build task Fill script data to settings ----
2025-4-15 16:07:53-debug: // ---- build task Fill script data to settings ---- (2ms)
2025-4-15 16:07:53-debug: run build task Fill script data to settings success in 2 ms√, progress: 13%
2025-4-15 16:07:53-debug: [Build Memory track]: Fill script data to settings start:182.48MB, end 182.51MB, increase: 26.03KB
2025-4-15 16:07:53-debug: Sort some build options to settings.json start, progress: 13%
2025-4-15 16:07:53-debug: // ---- build task Sort some build options to settings.json ----
2025-4-15 16:07:53-debug: // ---- build task Sort some build options to settings.json ---- (8ms)
2025-4-15 16:07:53-debug: [Build Memory track]: Sort some build options to settings.json start:182.54MB, end 182.66MB, increase: 132.53KB
2025-4-15 16:07:53-debug: run build task Sort some build options to settings.json success in 8 ms√, progress: 15%
2025-4-15 16:08:31-debug: refresh db internal success
2025-4-15 16:08:31-debug: refresh db assets success
2025-4-15 16:08:31-debug: Run asset db hook engine-extends:afterRefresh ...
2025-4-15 16:08:31-debug: Run asset db hook engine-extends:afterRefresh success!
2025-4-15 16:08:31-debug: asset-db:refresh-all-database (114ms)
2025-4-15 16:08:31-debug: asset-db-hook-engine-extends-afterRefresh (1ms)
2025-4-15 16:10:52-debug: %cImport%c: C:\Users\Administrator\MahjongDenfense\assets\scene\MainScene.scenebackground: #aaff85; color: #000;color: #000;
2025-4-15 16:10:52-debug: asset-db:reimport-asset7319cee2-ed1c-451c-b7d4-4d1f84c46d5d (18ms)
2025-4-15 16:10:53-debug: Query all assets info in project
2025-4-15 16:10:53-debug: init custom config: keepNodeUuid: false, useCache: true
2025-4-15 16:10:53-debug: Query asset bundle start, progress: 0%
2025-4-15 16:10:53-debug: // ---- build task Query asset bundle ----
2025-4-15 16:10:53-debug:   Number of all scenes: 1
2025-4-15 16:10:53-debug: Query preload assets/scripts from cc.config.json: 60f7195c-ec2a-45eb-ba94-8955f60e81d0,1c02ae6f-4492-4915-b8f8-7492a3b1e4cd,810e96e4-e456-4468-9b59-f4e8f39732c0,efe8e2a3-eace-427b-b4f1-cb8a937ec77d,e9aa9a3e-5b2b-4ac7-a2c7-073de2b2b24f,8bbdbcdd-5cd4-4100-b6d5-b7c9625b6107,50f4348b-c883-4e2f-8f11-ce233b859fa1,fda095cb-831d-4601-ad94-846013963de8,f92806d7-1768-443f-afe8-12bcde84d0f0,dd3a144d-ab7f-41f0-82b8-2e43a090d496,f0416e68-0200-4b77-a926-4f9d16e494da,970b0598-bcb0-4714-91fb-2e81440dccd8,bcd64cc6-2dd9-43f6-abbe-66318d332032,d930590d-bb92-4cc8-8bd1-23cd027f9edf,a3cd009f-0ab0-420d-9278-b9fdab939bbc,6a2d0734-bd9e-4ddf-946e-caa52498cb75,c27215d8-6835-4b68-bfbb-bdeac6100c04,b5d6115f-0370-4d7c-aad3-c194cc71cf98,871c3b6c-7379-419d-bda3-794b239ab90d,ff9b0199-ce04-4cfe-86cc-6c719f08d6e4,de1c2107-70c8-4021-8459-6399f24d01c6,cbf30902-517f-40dc-af90-a550bac27cf1
2025-4-15 16:10:53-debug:   Number of all scripts: 10
2025-4-15 16:10:53-debug:   Number of other assets: 532
2025-4-15 16:10:53-debug: // ---- build task Query asset bundle ---- (7ms)
2025-4-15 16:10:53-debug: run build task Query asset bundle success in 7 ms√, progress: 5%
2025-4-15 16:10:53-debug: // ---- build task Query asset bundle ----
2025-4-15 16:10:53-debug: Query asset bundle start, progress: 5%
2025-4-15 16:10:53-debug: [Build Memory track]: Query asset bundle start:168.81MB, end 169.22MB, increase: 421.38KB
2025-4-15 16:10:53-debug: // ---- build task Query asset bundle ---- (2ms)
2025-4-15 16:10:53-debug: run build task Query asset bundle success in 2 ms√, progress: 10%
2025-4-15 16:10:53-debug: [Build Memory track]: Query asset bundle start:169.24MB, end 169.37MB, increase: 124.01KB
2025-4-15 16:10:53-debug: Sort some build options to settings.json start, progress: 10%
2025-4-15 16:10:53-debug: // ---- build task Sort some build options to settings.json ----
2025-4-15 16:10:53-debug: // ---- build task Sort some build options to settings.json ---- (1ms)
2025-4-15 16:10:53-debug: run build task Sort some build options to settings.json success in 1 ms√, progress: 12%
2025-4-15 16:10:53-debug: [Build Memory track]: Sort some build options to settings.json start:169.39MB, end 169.42MB, increase: 25.92KB
2025-4-15 16:10:53-debug: Fill script data to settings start, progress: 12%
2025-4-15 16:10:53-debug: // ---- build task Fill script data to settings ----
2025-4-15 16:10:53-debug: // ---- build task Fill script data to settings ---- (2ms)
2025-4-15 16:10:53-debug: run build task Fill script data to settings success in 2 ms√, progress: 13%
2025-4-15 16:10:53-debug: [Build Memory track]: Fill script data to settings start:169.44MB, end 168.93MB, increase: -526.17KB
2025-4-15 16:10:53-debug: Sort some build options to settings.json start, progress: 13%
2025-4-15 16:10:53-debug: // ---- build task Sort some build options to settings.json ----
2025-4-15 16:10:53-debug: // ---- build task Sort some build options to settings.json ---- (5ms)
2025-4-15 16:10:53-debug: [Build Memory track]: Sort some build options to settings.json start:168.96MB, end 169.10MB, increase: 148.65KB
2025-4-15 16:10:53-debug: run build task Sort some build options to settings.json success in 5 ms√, progress: 15%
2025-4-15 16:11:53-debug: refresh db internal success
2025-4-15 16:11:53-debug: refresh db assets success
2025-4-15 16:11:53-debug: Run asset db hook engine-extends:afterRefresh ...
2025-4-15 16:11:53-debug: Run asset db hook engine-extends:afterRefresh success!
2025-4-15 16:11:53-debug: asset-db:refresh-all-database (104ms)
2025-4-15 16:14:29-debug: %cImport%c: C:\Users\Administrator\MahjongDenfense\assets\scene\MainScene.scenebackground: #aaff85; color: #000;color: #000;
2025-4-15 16:14:29-debug: asset-db:reimport-asset7319cee2-ed1c-451c-b7d4-4d1f84c46d5d (25ms)
2025-4-15 16:14:30-debug: Query all assets info in project
2025-4-15 16:14:30-debug: init custom config: keepNodeUuid: false, useCache: true
2025-4-15 16:14:30-debug: Query asset bundle start, progress: 0%
2025-4-15 16:14:30-debug: // ---- build task Query asset bundle ----
2025-4-15 16:14:30-debug:   Number of all scenes: 1
2025-4-15 16:14:30-debug:   Number of all scripts: 10
2025-4-15 16:14:30-debug: Query preload assets/scripts from cc.config.json: 60f7195c-ec2a-45eb-ba94-8955f60e81d0,1c02ae6f-4492-4915-b8f8-7492a3b1e4cd,810e96e4-e456-4468-9b59-f4e8f39732c0,efe8e2a3-eace-427b-b4f1-cb8a937ec77d,e9aa9a3e-5b2b-4ac7-a2c7-073de2b2b24f,8bbdbcdd-5cd4-4100-b6d5-b7c9625b6107,50f4348b-c883-4e2f-8f11-ce233b859fa1,fda095cb-831d-4601-ad94-846013963de8,f92806d7-1768-443f-afe8-12bcde84d0f0,dd3a144d-ab7f-41f0-82b8-2e43a090d496,f0416e68-0200-4b77-a926-4f9d16e494da,970b0598-bcb0-4714-91fb-2e81440dccd8,bcd64cc6-2dd9-43f6-abbe-66318d332032,d930590d-bb92-4cc8-8bd1-23cd027f9edf,a3cd009f-0ab0-420d-9278-b9fdab939bbc,6a2d0734-bd9e-4ddf-946e-caa52498cb75,c27215d8-6835-4b68-bfbb-bdeac6100c04,b5d6115f-0370-4d7c-aad3-c194cc71cf98,871c3b6c-7379-419d-bda3-794b239ab90d,ff9b0199-ce04-4cfe-86cc-6c719f08d6e4,de1c2107-70c8-4021-8459-6399f24d01c6,cbf30902-517f-40dc-af90-a550bac27cf1
2025-4-15 16:14:30-debug:   Number of other assets: 532
2025-4-15 16:14:30-debug: // ---- build task Query asset bundle ---- (9ms)
2025-4-15 16:14:30-debug: [Build Memory track]: Query asset bundle start:170.71MB, end 171.11MB, increase: 411.00KB
2025-4-15 16:14:30-debug: run build task Query asset bundle success in 9 ms√, progress: 5%
2025-4-15 16:14:30-debug: // ---- build task Query asset bundle ----
2025-4-15 16:14:30-debug: Query asset bundle start, progress: 5%
2025-4-15 16:14:30-debug: // ---- build task Query asset bundle ---- (1ms)
2025-4-15 16:14:30-debug: run build task Query asset bundle success in 1 ms√, progress: 10%
2025-4-15 16:14:30-debug: [Build Memory track]: Query asset bundle start:171.14MB, end 171.26MB, increase: 129.36KB
2025-4-15 16:14:30-debug: Sort some build options to settings.json start, progress: 10%
2025-4-15 16:14:30-debug: // ---- build task Sort some build options to settings.json ----
2025-4-15 16:14:30-debug: run build task Sort some build options to settings.json success in √, progress: 12%
2025-4-15 16:14:30-debug: [Build Memory track]: Sort some build options to settings.json start:171.29MB, end 171.31MB, increase: 17.79KB
2025-4-15 16:14:30-debug: Fill script data to settings start, progress: 12%
2025-4-15 16:14:30-debug: // ---- build task Fill script data to settings ----
2025-4-15 16:14:30-debug: run build task Fill script data to settings success in √, progress: 13%
2025-4-15 16:14:30-debug: [Build Memory track]: Fill script data to settings start:171.33MB, end 171.35MB, increase: 17.90KB
2025-4-15 16:14:30-debug: Sort some build options to settings.json start, progress: 13%
2025-4-15 16:14:30-debug: // ---- build task Sort some build options to settings.json ----
2025-4-15 16:14:30-debug: // ---- build task Sort some build options to settings.json ---- (4ms)
2025-4-15 16:14:30-debug: run build task Sort some build options to settings.json success in 4 ms√, progress: 15%
2025-4-15 16:14:30-debug: [Build Memory track]: Sort some build options to settings.json start:171.38MB, end 171.51MB, increase: 133.71KB
2025-4-15 16:26:15-debug: refresh db internal success
2025-4-15 16:26:15-debug: refresh db assets success
2025-4-15 16:26:15-debug: Run asset db hook engine-extends:afterRefresh ...
2025-4-15 16:26:15-debug: Run asset db hook engine-extends:afterRefresh success!
2025-4-15 16:26:15-debug: asset-db:refresh-all-database (90ms)
2025-4-15 16:26:15-debug: asset-db:worker-effect-data-processing (2ms)
2025-4-15 16:26:15-debug: asset-db-hook-engine-extends-afterRefresh (2ms)
2025-4-15 16:37:12-debug: refresh db internal success
2025-4-15 16:37:12-debug: %cImport%c: C:\Users\Administrator\MahjongDenfense\assets\scripts\MahjongTile.tsbackground: #aaff85; color: #000;color: #000;
2025-4-15 16:37:12-debug: refresh db assets success
2025-4-15 16:37:12-debug: Run asset db hook engine-extends:afterRefresh ...
2025-4-15 16:37:12-debug: Run asset db hook engine-extends:afterRefresh success!
2025-4-15 16:37:12-debug: asset-db:worker-effect-data-processing (1ms)
2025-4-15 16:37:12-debug: asset-db:refresh-all-database (80ms)
2025-4-15 16:37:12-debug: asset-db-hook-engine-extends-afterRefresh (1ms)
2025-4-15 16:37:13-debug: Query all assets info in project
2025-4-15 16:37:13-debug: init custom config: keepNodeUuid: false, useCache: true
2025-4-15 16:37:13-debug: Query asset bundle start, progress: 0%
2025-4-15 16:37:13-debug: // ---- build task Query asset bundle ----
2025-4-15 16:37:13-debug: Query preload assets/scripts from cc.config.json: 60f7195c-ec2a-45eb-ba94-8955f60e81d0,1c02ae6f-4492-4915-b8f8-7492a3b1e4cd,810e96e4-e456-4468-9b59-f4e8f39732c0,efe8e2a3-eace-427b-b4f1-cb8a937ec77d,e9aa9a3e-5b2b-4ac7-a2c7-073de2b2b24f,8bbdbcdd-5cd4-4100-b6d5-b7c9625b6107,50f4348b-c883-4e2f-8f11-ce233b859fa1,fda095cb-831d-4601-ad94-846013963de8,f92806d7-1768-443f-afe8-12bcde84d0f0,dd3a144d-ab7f-41f0-82b8-2e43a090d496,f0416e68-0200-4b77-a926-4f9d16e494da,970b0598-bcb0-4714-91fb-2e81440dccd8,bcd64cc6-2dd9-43f6-abbe-66318d332032,d930590d-bb92-4cc8-8bd1-23cd027f9edf,a3cd009f-0ab0-420d-9278-b9fdab939bbc,6a2d0734-bd9e-4ddf-946e-caa52498cb75,c27215d8-6835-4b68-bfbb-bdeac6100c04,b5d6115f-0370-4d7c-aad3-c194cc71cf98,871c3b6c-7379-419d-bda3-794b239ab90d,ff9b0199-ce04-4cfe-86cc-6c719f08d6e4,de1c2107-70c8-4021-8459-6399f24d01c6,cbf30902-517f-40dc-af90-a550bac27cf1
2025-4-15 16:37:13-debug:   Number of all scenes: 1
2025-4-15 16:37:13-debug:   Number of all scripts: 10
2025-4-15 16:37:13-debug:   Number of other assets: 532
2025-4-15 16:37:13-debug: // ---- build task Query asset bundle ---- (10ms)
2025-4-15 16:37:13-debug: run build task Query asset bundle success in 10 ms√, progress: 5%
2025-4-15 16:37:13-debug: [Build Memory track]: Query asset bundle start:173.89MB, end 174.15MB, increase: 267.59KB
2025-4-15 16:37:13-debug: Query asset bundle start, progress: 5%
2025-4-15 16:37:13-debug: // ---- build task Query asset bundle ----
2025-4-15 16:37:13-debug: // ---- build task Query asset bundle ---- (2ms)
2025-4-15 16:37:13-debug: run build task Query asset bundle success in 2 ms√, progress: 10%
2025-4-15 16:37:13-debug: Sort some build options to settings.json start, progress: 10%
2025-4-15 16:37:13-debug: [Build Memory track]: Query asset bundle start:174.18MB, end 174.29MB, increase: 115.16KB
2025-4-15 16:37:13-debug: // ---- build task Sort some build options to settings.json ----
2025-4-15 16:37:13-debug: // ---- build task Sort some build options to settings.json ---- (3ms)
2025-4-15 16:37:13-debug: run build task Sort some build options to settings.json success in 3 ms√, progress: 12%
2025-4-15 16:37:13-debug: [Build Memory track]: Sort some build options to settings.json start:174.32MB, end 174.34MB, increase: 26.53KB
2025-4-15 16:37:13-debug: Fill script data to settings start, progress: 12%
2025-4-15 16:37:13-debug: // ---- build task Fill script data to settings ----
2025-4-15 16:37:13-debug: // ---- build task Fill script data to settings ---- (2ms)
2025-4-15 16:37:13-debug: Sort some build options to settings.json start, progress: 13%
2025-4-15 16:37:13-debug: run build task Fill script data to settings success in 2 ms√, progress: 13%
2025-4-15 16:37:13-debug: [Build Memory track]: Fill script data to settings start:174.37MB, end 174.39MB, increase: 26.04KB
2025-4-15 16:37:13-debug: // ---- build task Sort some build options to settings.json ----
2025-4-15 16:37:13-debug: // ---- build task Sort some build options to settings.json ---- (5ms)
2025-4-15 16:37:13-debug: run build task Sort some build options to settings.json success in 5 ms√, progress: 15%
2025-4-15 16:37:13-debug: [Build Memory track]: Sort some build options to settings.json start:174.42MB, end 174.55MB, increase: 134.88KB
2025-4-15 16:42:10-debug: refresh db internal success
2025-4-15 16:42:10-debug: refresh db assets success
2025-4-15 16:42:10-debug: Run asset db hook engine-extends:afterRefresh ...
2025-4-15 16:42:10-debug: Run asset db hook engine-extends:afterRefresh success!
2025-4-15 16:42:10-debug: asset-db:refresh-all-database (60ms)
2025-4-15 16:44:14-debug: refresh db internal success
2025-4-15 16:44:14-debug: %cImport%c: C:\Users\Administrator\MahjongDenfense\assets\scripts\MahjongTile.tsbackground: #aaff85; color: #000;color: #000;
2025-4-15 16:44:14-debug: Run asset db hook engine-extends:afterRefresh ...
2025-4-15 16:44:14-debug: refresh db assets success
2025-4-15 16:44:14-debug: Run asset db hook engine-extends:afterRefresh success!
2025-4-15 16:44:14-debug: asset-db:refresh-all-database (84ms)
2025-4-15 16:44:15-debug: Query all assets info in project
2025-4-15 16:44:15-debug: init custom config: keepNodeUuid: false, useCache: true
2025-4-15 16:44:15-debug: Query asset bundle start, progress: 0%
2025-4-15 16:44:15-debug: // ---- build task Query asset bundle ----
2025-4-15 16:44:15-debug: Query preload assets/scripts from cc.config.json: 60f7195c-ec2a-45eb-ba94-8955f60e81d0,1c02ae6f-4492-4915-b8f8-7492a3b1e4cd,810e96e4-e456-4468-9b59-f4e8f39732c0,efe8e2a3-eace-427b-b4f1-cb8a937ec77d,e9aa9a3e-5b2b-4ac7-a2c7-073de2b2b24f,8bbdbcdd-5cd4-4100-b6d5-b7c9625b6107,50f4348b-c883-4e2f-8f11-ce233b859fa1,fda095cb-831d-4601-ad94-846013963de8,f92806d7-1768-443f-afe8-12bcde84d0f0,dd3a144d-ab7f-41f0-82b8-2e43a090d496,f0416e68-0200-4b77-a926-4f9d16e494da,970b0598-bcb0-4714-91fb-2e81440dccd8,bcd64cc6-2dd9-43f6-abbe-66318d332032,d930590d-bb92-4cc8-8bd1-23cd027f9edf,a3cd009f-0ab0-420d-9278-b9fdab939bbc,6a2d0734-bd9e-4ddf-946e-caa52498cb75,c27215d8-6835-4b68-bfbb-bdeac6100c04,b5d6115f-0370-4d7c-aad3-c194cc71cf98,871c3b6c-7379-419d-bda3-794b239ab90d,ff9b0199-ce04-4cfe-86cc-6c719f08d6e4,de1c2107-70c8-4021-8459-6399f24d01c6,cbf30902-517f-40dc-af90-a550bac27cf1
2025-4-15 16:44:15-debug:   Number of all scenes: 1
2025-4-15 16:44:15-debug:   Number of all scripts: 10
2025-4-15 16:44:15-debug:   Number of other assets: 532
2025-4-15 16:44:15-debug: // ---- build task Query asset bundle ---- (11ms)
2025-4-15 16:44:15-debug: run build task Query asset bundle success in 11 ms√, progress: 5%
2025-4-15 16:44:15-debug: [Build Memory track]: Query asset bundle start:176.59MB, end 176.87MB, increase: 287.80KB
2025-4-15 16:44:15-debug: Query asset bundle start, progress: 5%
2025-4-15 16:44:15-debug: // ---- build task Query asset bundle ----
2025-4-15 16:44:15-debug: // ---- build task Query asset bundle ---- (2ms)
2025-4-15 16:44:15-debug: [Build Memory track]: Query asset bundle start:176.90MB, end 177.01MB, increase: 114.88KB
2025-4-15 16:44:15-debug: Sort some build options to settings.json start, progress: 10%
2025-4-15 16:44:15-debug: run build task Query asset bundle success in 2 ms√, progress: 10%
2025-4-15 16:44:15-debug: // ---- build task Sort some build options to settings.json ----
2025-4-15 16:44:15-debug: // ---- build task Sort some build options to settings.json ---- (2ms)
2025-4-15 16:44:15-debug: run build task Sort some build options to settings.json success in 2 ms√, progress: 12%
2025-4-15 16:44:15-debug: [Build Memory track]: Sort some build options to settings.json start:177.04MB, end 177.06MB, increase: 26.46KB
2025-4-15 16:44:15-debug: Fill script data to settings start, progress: 12%
2025-4-15 16:44:15-debug: // ---- build task Fill script data to settings ----
2025-4-15 16:44:15-debug: run build task Fill script data to settings success in 1 ms√, progress: 13%
2025-4-15 16:44:15-debug: // ---- build task Fill script data to settings ---- (1ms)
2025-4-15 16:44:15-debug: Sort some build options to settings.json start, progress: 13%
2025-4-15 16:44:15-debug: [Build Memory track]: Fill script data to settings start:177.09MB, end 177.11MB, increase: 24.69KB
2025-4-15 16:44:15-debug: // ---- build task Sort some build options to settings.json ----
2025-4-15 16:44:15-debug: [Build Memory track]: Sort some build options to settings.json start:177.14MB, end 177.26MB, increase: 128.50KB
2025-4-15 16:44:15-debug: // ---- build task Sort some build options to settings.json ---- (2ms)
2025-4-15 16:44:15-debug: run build task Sort some build options to settings.json success in 2 ms√, progress: 15%
2025-4-15 16:54:21-debug: refresh db internal success
2025-4-15 16:54:21-debug: %cImport%c: C:\Users\Administrator\MahjongDenfense\assets\scripts\MahjongTile.tsbackground: #aaff85; color: #000;color: #000;
2025-4-15 16:54:21-debug: refresh db assets success
2025-4-15 16:54:21-debug: Run asset db hook engine-extends:afterRefresh ...
2025-4-15 16:54:21-debug: Run asset db hook engine-extends:afterRefresh success!
2025-4-15 16:54:21-debug: asset-db:worker-effect-data-processing (1ms)
2025-4-15 16:54:21-debug: asset-db:refresh-all-database (64ms)
2025-4-15 16:54:21-debug: asset-db-hook-engine-extends-afterRefresh (1ms)
2025-4-15 16:54:22-debug: Query all assets info in project
2025-4-15 16:54:22-debug: init custom config: keepNodeUuid: false, useCache: true
2025-4-15 16:54:22-debug: // ---- build task Query asset bundle ----
2025-4-15 16:54:22-debug: Query asset bundle start, progress: 0%
2025-4-15 16:54:22-debug: Query preload assets/scripts from cc.config.json: 60f7195c-ec2a-45eb-ba94-8955f60e81d0,1c02ae6f-4492-4915-b8f8-7492a3b1e4cd,810e96e4-e456-4468-9b59-f4e8f39732c0,efe8e2a3-eace-427b-b4f1-cb8a937ec77d,e9aa9a3e-5b2b-4ac7-a2c7-073de2b2b24f,8bbdbcdd-5cd4-4100-b6d5-b7c9625b6107,50f4348b-c883-4e2f-8f11-ce233b859fa1,fda095cb-831d-4601-ad94-846013963de8,f92806d7-1768-443f-afe8-12bcde84d0f0,dd3a144d-ab7f-41f0-82b8-2e43a090d496,f0416e68-0200-4b77-a926-4f9d16e494da,970b0598-bcb0-4714-91fb-2e81440dccd8,bcd64cc6-2dd9-43f6-abbe-66318d332032,d930590d-bb92-4cc8-8bd1-23cd027f9edf,a3cd009f-0ab0-420d-9278-b9fdab939bbc,6a2d0734-bd9e-4ddf-946e-caa52498cb75,c27215d8-6835-4b68-bfbb-bdeac6100c04,b5d6115f-0370-4d7c-aad3-c194cc71cf98,871c3b6c-7379-419d-bda3-794b239ab90d,ff9b0199-ce04-4cfe-86cc-6c719f08d6e4,de1c2107-70c8-4021-8459-6399f24d01c6,cbf30902-517f-40dc-af90-a550bac27cf1
2025-4-15 16:54:22-debug:   Number of all scenes: 1
2025-4-15 16:54:22-debug:   Number of all scripts: 10
2025-4-15 16:54:22-debug:   Number of other assets: 532
2025-4-15 16:54:22-debug: run build task Query asset bundle success in 9 ms√, progress: 5%
2025-4-15 16:54:22-debug: [Build Memory track]: Query asset bundle start:178.32MB, end 177.98MB, increase: -352.20KB
2025-4-15 16:54:22-debug: Query asset bundle start, progress: 5%
2025-4-15 16:54:22-debug: // ---- build task Query asset bundle ---- (9ms)
2025-4-15 16:54:22-debug: // ---- build task Query asset bundle ----
2025-4-15 16:54:22-debug: // ---- build task Query asset bundle ---- (5ms)
2025-4-15 16:54:22-debug: run build task Query asset bundle success in 5 ms√, progress: 10%
2025-4-15 16:54:22-debug: Sort some build options to settings.json start, progress: 10%
2025-4-15 16:54:22-debug: [Build Memory track]: Query asset bundle start:178.01MB, end 178.13MB, increase: 124.18KB
2025-4-15 16:54:22-debug: // ---- build task Sort some build options to settings.json ----
2025-4-15 16:54:22-debug: // ---- build task Sort some build options to settings.json ---- (1ms)
2025-4-15 16:54:22-debug: [Build Memory track]: Sort some build options to settings.json start:178.15MB, end 178.18MB, increase: 26.54KB
2025-4-15 16:54:22-debug: run build task Sort some build options to settings.json success in 1 ms√, progress: 12%
2025-4-15 16:54:22-debug: Fill script data to settings start, progress: 12%
2025-4-15 16:54:22-debug: // ---- build task Fill script data to settings ----
2025-4-15 16:54:22-debug: run build task Fill script data to settings success in 2 ms√, progress: 13%
2025-4-15 16:54:22-debug: // ---- build task Fill script data to settings ---- (2ms)
2025-4-15 16:54:22-debug: [Build Memory track]: Fill script data to settings start:178.21MB, end 178.23MB, increase: 26.02KB
2025-4-15 16:54:22-debug: Sort some build options to settings.json start, progress: 13%
2025-4-15 16:54:22-debug: // ---- build task Sort some build options to settings.json ----
2025-4-15 16:54:22-debug: // ---- build task Sort some build options to settings.json ---- (6ms)
2025-4-15 16:54:22-debug: run build task Sort some build options to settings.json success in 6 ms√, progress: 15%
2025-4-15 16:54:22-debug: [Build Memory track]: Sort some build options to settings.json start:178.26MB, end 178.39MB, increase: 130.07KB
2025-4-15 17:00:00-debug: refresh db internal success
2025-4-15 17:00:00-debug: %cImport%c: C:\Users\Administrator\MahjongDenfense\assets\scripts\MahjongTile.tsbackground: #aaff85; color: #000;color: #000;
2025-4-15 17:00:00-debug: refresh db assets success
2025-4-15 17:00:00-debug: Run asset db hook engine-extends:afterRefresh ...
2025-4-15 17:00:00-debug: Run asset db hook engine-extends:afterRefresh success!
2025-4-15 17:00:00-debug: asset-db:refresh-all-database (64ms)
2025-4-15 17:00:01-debug: Query all assets info in project
2025-4-15 17:00:01-debug: init custom config: keepNodeUuid: false, useCache: true
2025-4-15 17:00:01-debug: Query asset bundle start, progress: 0%
2025-4-15 17:00:01-debug: // ---- build task Query asset bundle ----
2025-4-15 17:00:01-debug: Query preload assets/scripts from cc.config.json: 60f7195c-ec2a-45eb-ba94-8955f60e81d0,1c02ae6f-4492-4915-b8f8-7492a3b1e4cd,810e96e4-e456-4468-9b59-f4e8f39732c0,efe8e2a3-eace-427b-b4f1-cb8a937ec77d,e9aa9a3e-5b2b-4ac7-a2c7-073de2b2b24f,8bbdbcdd-5cd4-4100-b6d5-b7c9625b6107,50f4348b-c883-4e2f-8f11-ce233b859fa1,fda095cb-831d-4601-ad94-846013963de8,f92806d7-1768-443f-afe8-12bcde84d0f0,dd3a144d-ab7f-41f0-82b8-2e43a090d496,f0416e68-0200-4b77-a926-4f9d16e494da,970b0598-bcb0-4714-91fb-2e81440dccd8,bcd64cc6-2dd9-43f6-abbe-66318d332032,d930590d-bb92-4cc8-8bd1-23cd027f9edf,a3cd009f-0ab0-420d-9278-b9fdab939bbc,6a2d0734-bd9e-4ddf-946e-caa52498cb75,c27215d8-6835-4b68-bfbb-bdeac6100c04,b5d6115f-0370-4d7c-aad3-c194cc71cf98,871c3b6c-7379-419d-bda3-794b239ab90d,ff9b0199-ce04-4cfe-86cc-6c719f08d6e4,de1c2107-70c8-4021-8459-6399f24d01c6,cbf30902-517f-40dc-af90-a550bac27cf1
2025-4-15 17:00:01-debug:   Number of all scenes: 1
2025-4-15 17:00:01-debug:   Number of all scripts: 10
2025-4-15 17:00:01-debug:   Number of other assets: 532
2025-4-15 17:00:01-debug: // ---- build task Query asset bundle ---- (11ms)
2025-4-15 17:00:01-debug: run build task Query asset bundle success in 11 ms√, progress: 5%
2025-4-15 17:00:01-debug: Query asset bundle start, progress: 5%
2025-4-15 17:00:01-debug: [Build Memory track]: Query asset bundle start:179.27MB, end 179.61MB, increase: 343.05KB
2025-4-15 17:00:01-debug: // ---- build task Query asset bundle ----
2025-4-15 17:00:01-debug: // ---- build task Query asset bundle ---- (4ms)
2025-4-15 17:00:01-debug: run build task Query asset bundle success in 4 ms√, progress: 10%
2025-4-15 17:00:01-debug: [Build Memory track]: Query asset bundle start:179.64MB, end 179.75MB, increase: 114.15KB
2025-4-15 17:00:01-debug: Sort some build options to settings.json start, progress: 10%
2025-4-15 17:00:01-debug: // ---- build task Sort some build options to settings.json ----
2025-4-15 17:00:01-debug: run build task Sort some build options to settings.json success in 1 ms√, progress: 12%
2025-4-15 17:00:01-debug: [Build Memory track]: Sort some build options to settings.json start:179.77MB, end 179.80MB, increase: 29.46KB
2025-4-15 17:00:01-debug: Fill script data to settings start, progress: 12%
2025-4-15 17:00:01-debug: // ---- build task Sort some build options to settings.json ---- (1ms)
2025-4-15 17:00:01-debug: // ---- build task Fill script data to settings ----
2025-4-15 17:00:01-debug: // ---- build task Fill script data to settings ---- (1ms)
2025-4-15 17:00:01-debug: run build task Fill script data to settings success in 1 ms√, progress: 13%
2025-4-15 17:00:01-debug: [Build Memory track]: Fill script data to settings start:179.83MB, end 179.85MB, increase: 25.29KB
2025-4-15 17:00:01-debug: Sort some build options to settings.json start, progress: 13%
2025-4-15 17:00:01-debug: // ---- build task Sort some build options to settings.json ----
2025-4-15 17:00:01-debug: // ---- build task Sort some build options to settings.json ---- (7ms)
2025-4-15 17:00:01-debug: run build task Sort some build options to settings.json success in 7 ms√, progress: 15%
2025-4-15 17:00:01-debug: [Build Memory track]: Sort some build options to settings.json start:179.88MB, end 180.00MB, increase: 126.21KB
2025-4-15 17:00:33-debug: refresh db internal success
2025-4-15 17:00:33-debug: refresh db assets success
2025-4-15 17:00:33-debug: Run asset db hook engine-extends:afterRefresh ...
2025-4-15 17:00:33-debug: Run asset db hook engine-extends:afterRefresh success!
2025-4-15 17:00:33-debug: asset-db:refresh-all-database (59ms)
2025-4-15 17:00:33-debug: asset-db:worker-effect-data-processing (2ms)
2025-4-15 17:00:33-debug: asset-db-hook-engine-extends-afterRefresh (2ms)
2025-4-15 17:01:14-debug: refresh db internal success
2025-4-15 17:01:14-debug: Run asset db hook engine-extends:afterRefresh ...
2025-4-15 17:01:14-debug: Run asset db hook engine-extends:afterRefresh success!
2025-4-15 17:01:14-debug: refresh db assets success
2025-4-15 17:01:14-debug: asset-db:refresh-all-database (67ms)
2025-4-15 17:01:14-debug: asset-db:worker-effect-data-processing (2ms)
2025-4-15 17:01:14-debug: asset-db-hook-engine-extends-afterRefresh (3ms)
2025-4-15 17:09:08-debug: refresh db internal success
2025-4-15 17:09:08-debug: Run asset db hook engine-extends:afterRefresh ...
2025-4-15 17:09:08-debug: refresh db assets success
2025-4-15 17:09:08-debug: Run asset db hook engine-extends:afterRefresh success!
2025-4-15 17:09:08-debug: asset-db:refresh-all-database (123ms)
2025-4-15 17:09:08-debug: asset-db:worker-effect-data-processing (1ms)
2025-4-15 17:09:08-debug: asset-db-hook-engine-extends-afterRefresh (2ms)
2025-4-15 17:09:11-warn: Please set the application in {preferences} -> {program} -> {scriptEditor} to better open the script
2025-4-15 17:09:36-debug: refresh db internal success
2025-4-15 17:09:36-debug: refresh db assets success
2025-4-15 17:09:36-debug: Run asset db hook engine-extends:afterRefresh ...
2025-4-15 17:09:36-debug: Run asset db hook engine-extends:afterRefresh success!
2025-4-15 17:09:36-debug: asset-db:refresh-all-database (70ms)
2025-4-15 17:09:36-debug: asset-db-hook-engine-extends-afterRefresh (1ms)
2025-4-15 17:09:36-debug: asset-db:worker-effect-data-processing (1ms)
2025-4-15 17:10:22-debug: refresh db internal success
2025-4-15 17:10:22-debug: refresh db assets success
2025-4-15 17:10:22-debug: Run asset db hook engine-extends:afterRefresh success!
2025-4-15 17:10:22-debug: Run asset db hook engine-extends:afterRefresh ...
2025-4-15 17:10:22-debug: asset-db:worker-effect-data-processing (1ms)
2025-4-15 17:10:22-debug: asset-db:refresh-all-database (57ms)
2025-4-15 17:10:22-debug: asset-db-hook-engine-extends-afterRefresh (1ms)
2025-4-15 17:10:22-warn: Please set the application in {preferences} -> {program} -> {scriptEditor} to better open the script
2025-4-15 17:10:30-debug: refresh db internal success
2025-4-15 17:10:30-debug: refresh db assets success
2025-4-15 17:10:30-debug: Run asset db hook engine-extends:afterRefresh ...
2025-4-15 17:10:30-debug: Run asset db hook engine-extends:afterRefresh success!
2025-4-15 17:10:30-debug: asset-db:refresh-all-database (66ms)
2025-4-15 17:10:30-debug: asset-db:worker-effect-data-processing (1ms)
2025-4-15 17:10:30-debug: asset-db-hook-engine-extends-afterRefresh (1ms)
2025-4-15 17:10:33-warn: Please set the application in {preferences} -> {program} -> {scriptEditor} to better open the script
2025-4-15 17:11:04-debug: refresh db internal success
2025-4-15 17:11:04-debug: Run asset db hook engine-extends:afterRefresh ...
2025-4-15 17:11:04-debug: refresh db assets success
2025-4-15 17:11:04-debug: Run asset db hook engine-extends:afterRefresh success!
2025-4-15 17:11:04-debug: asset-db:refresh-all-database (62ms)
2025-4-15 17:11:04-debug: asset-db:worker-effect-data-processing (1ms)
2025-4-15 17:11:04-debug: asset-db-hook-engine-extends-afterRefresh (1ms)
2025-4-15 17:11:20-debug: refresh db internal success
2025-4-15 17:11:20-debug: refresh db assets success
2025-4-15 17:11:20-debug: Run asset db hook engine-extends:afterRefresh ...
2025-4-15 17:11:20-debug: Run asset db hook engine-extends:afterRefresh success!
2025-4-15 17:11:20-debug: asset-db:refresh-all-database (59ms)
2025-4-15 17:11:20-debug: asset-db:worker-effect-data-processing (1ms)
2025-4-15 17:11:20-debug: asset-db-hook-engine-extends-afterRefresh (1ms)
2025-4-15 17:11:41-debug: refresh db internal success
2025-4-15 17:11:41-debug: refresh db assets success
2025-4-15 17:11:41-debug: Run asset db hook engine-extends:afterRefresh ...
2025-4-15 17:11:41-debug: Run asset db hook engine-extends:afterRefresh success!
2025-4-15 17:11:41-debug: asset-db:refresh-all-database (56ms)
2025-4-15 17:12:01-debug: refresh db internal success
2025-4-15 17:12:01-debug: %cImport%c: C:\Users\Administrator\MahjongDenfense\assets\scripts\GameManager.tsbackground: #aaff85; color: #000;color: #000;
2025-4-15 17:12:01-debug: refresh db assets success
2025-4-15 17:12:01-debug: Run asset db hook engine-extends:afterRefresh ...
2025-4-15 17:12:01-debug: Run asset db hook engine-extends:afterRefresh success!
2025-4-15 17:12:01-debug: asset-db:refresh-all-database (61ms)
2025-4-15 17:12:01-debug: asset-db:worker-effect-data-processing (1ms)
2025-4-15 17:12:01-debug: asset-db-hook-engine-extends-afterRefresh (2ms)
2025-4-15 17:12:02-debug: Query all assets info in project
2025-4-15 17:12:02-debug: init custom config: keepNodeUuid: false, useCache: true
2025-4-15 17:12:02-debug: Query asset bundle start, progress: 0%
2025-4-15 17:12:02-debug: // ---- build task Query asset bundle ----
2025-4-15 17:12:02-debug: Query preload assets/scripts from cc.config.json: 60f7195c-ec2a-45eb-ba94-8955f60e81d0,1c02ae6f-4492-4915-b8f8-7492a3b1e4cd,810e96e4-e456-4468-9b59-f4e8f39732c0,efe8e2a3-eace-427b-b4f1-cb8a937ec77d,e9aa9a3e-5b2b-4ac7-a2c7-073de2b2b24f,8bbdbcdd-5cd4-4100-b6d5-b7c9625b6107,50f4348b-c883-4e2f-8f11-ce233b859fa1,fda095cb-831d-4601-ad94-846013963de8,f92806d7-1768-443f-afe8-12bcde84d0f0,dd3a144d-ab7f-41f0-82b8-2e43a090d496,f0416e68-0200-4b77-a926-4f9d16e494da,970b0598-bcb0-4714-91fb-2e81440dccd8,bcd64cc6-2dd9-43f6-abbe-66318d332032,d930590d-bb92-4cc8-8bd1-23cd027f9edf,a3cd009f-0ab0-420d-9278-b9fdab939bbc,6a2d0734-bd9e-4ddf-946e-caa52498cb75,c27215d8-6835-4b68-bfbb-bdeac6100c04,b5d6115f-0370-4d7c-aad3-c194cc71cf98,871c3b6c-7379-419d-bda3-794b239ab90d,ff9b0199-ce04-4cfe-86cc-6c719f08d6e4,de1c2107-70c8-4021-8459-6399f24d01c6,cbf30902-517f-40dc-af90-a550bac27cf1
2025-4-15 17:12:02-debug:   Number of all scripts: 10
2025-4-15 17:12:02-debug:   Number of other assets: 532
2025-4-15 17:12:02-debug:   Number of all scenes: 1
2025-4-15 17:12:02-debug: // ---- build task Query asset bundle ---- (9ms)
2025-4-15 17:12:02-debug: run build task Query asset bundle success in 9 ms√, progress: 5%
2025-4-15 17:12:02-debug: Query asset bundle start, progress: 5%
2025-4-15 17:12:02-debug: // ---- build task Query asset bundle ----
2025-4-15 17:12:02-debug: [Build Memory track]: Query asset bundle start:174.83MB, end 175.14MB, increase: 314.45KB
2025-4-15 17:12:02-debug: // ---- build task Query asset bundle ---- (1ms)
2025-4-15 17:12:02-debug: run build task Query asset bundle success in 1 ms√, progress: 10%
2025-4-15 17:12:02-debug: [Build Memory track]: Query asset bundle start:175.16MB, end 175.27MB, increase: 112.07KB
2025-4-15 17:12:02-debug: // ---- build task Sort some build options to settings.json ----
2025-4-15 17:12:02-debug: Sort some build options to settings.json start, progress: 10%
2025-4-15 17:12:02-debug: run build task Sort some build options to settings.json success in 1 ms√, progress: 12%
2025-4-15 17:12:02-debug: [Build Memory track]: Sort some build options to settings.json start:175.30MB, end 175.32MB, increase: 24.95KB
2025-4-15 17:12:02-debug: // ---- build task Sort some build options to settings.json ---- (1ms)
2025-4-15 17:12:02-debug: // ---- build task Fill script data to settings ----
2025-4-15 17:12:02-debug: Fill script data to settings start, progress: 12%
2025-4-15 17:12:02-debug: [Build Memory track]: Fill script data to settings start:175.35MB, end 175.36MB, increase: 15.75KB
2025-4-15 17:12:02-debug: run build task Fill script data to settings success in √, progress: 13%
2025-4-15 17:12:02-debug: Sort some build options to settings.json start, progress: 13%
2025-4-15 17:12:02-debug: // ---- build task Sort some build options to settings.json ----
2025-4-15 17:12:02-debug: // ---- build task Sort some build options to settings.json ---- (3ms)
2025-4-15 17:12:02-debug: run build task Sort some build options to settings.json success in 3 ms√, progress: 15%
2025-4-15 17:12:02-debug: [Build Memory track]: Sort some build options to settings.json start:175.39MB, end 175.51MB, increase: 130.32KB
2025-4-15 17:12:13-debug: refresh db internal success
2025-4-15 17:12:13-debug: %cImport%c: C:\Users\Administrator\MahjongDenfense\assets\scripts\GameManager.tsbackground: #aaff85; color: #000;color: #000;
2025-4-15 17:12:13-debug: refresh db assets success
2025-4-15 17:12:13-debug: Run asset db hook engine-extends:afterRefresh ...
2025-4-15 17:12:13-debug: Run asset db hook engine-extends:afterRefresh success!
2025-4-15 17:12:13-debug: asset-db:refresh-all-database (62ms)
2025-4-15 17:12:13-debug: asset-db:worker-effect-data-processing (1ms)
2025-4-15 17:12:13-debug: asset-db-hook-engine-extends-afterRefresh (1ms)
2025-4-15 17:12:14-debug: Query all assets info in project
2025-4-15 17:12:14-debug: init custom config: keepNodeUuid: false, useCache: true
2025-4-15 17:12:14-debug: Query asset bundle start, progress: 0%
2025-4-15 17:12:14-debug: // ---- build task Query asset bundle ----
2025-4-15 17:12:14-debug: Query preload assets/scripts from cc.config.json: 60f7195c-ec2a-45eb-ba94-8955f60e81d0,1c02ae6f-4492-4915-b8f8-7492a3b1e4cd,810e96e4-e456-4468-9b59-f4e8f39732c0,efe8e2a3-eace-427b-b4f1-cb8a937ec77d,e9aa9a3e-5b2b-4ac7-a2c7-073de2b2b24f,8bbdbcdd-5cd4-4100-b6d5-b7c9625b6107,50f4348b-c883-4e2f-8f11-ce233b859fa1,fda095cb-831d-4601-ad94-846013963de8,f92806d7-1768-443f-afe8-12bcde84d0f0,dd3a144d-ab7f-41f0-82b8-2e43a090d496,f0416e68-0200-4b77-a926-4f9d16e494da,970b0598-bcb0-4714-91fb-2e81440dccd8,bcd64cc6-2dd9-43f6-abbe-66318d332032,d930590d-bb92-4cc8-8bd1-23cd027f9edf,a3cd009f-0ab0-420d-9278-b9fdab939bbc,6a2d0734-bd9e-4ddf-946e-caa52498cb75,c27215d8-6835-4b68-bfbb-bdeac6100c04,b5d6115f-0370-4d7c-aad3-c194cc71cf98,871c3b6c-7379-419d-bda3-794b239ab90d,ff9b0199-ce04-4cfe-86cc-6c719f08d6e4,de1c2107-70c8-4021-8459-6399f24d01c6,cbf30902-517f-40dc-af90-a550bac27cf1
2025-4-15 17:12:14-debug:   Number of all scenes: 1
2025-4-15 17:12:14-debug: // ---- build task Query asset bundle ---- (8ms)
2025-4-15 17:12:14-debug:   Number of other assets: 532
2025-4-15 17:12:14-debug: run build task Query asset bundle success in 8 ms√, progress: 5%
2025-4-15 17:12:14-debug: [Build Memory track]: Query asset bundle start:176.43MB, end 176.07MB, increase: -363.92KB
2025-4-15 17:12:14-debug: Query asset bundle start, progress: 5%
2025-4-15 17:12:14-debug:   Number of all scripts: 10
2025-4-15 17:12:14-debug: // ---- build task Query asset bundle ----
2025-4-15 17:12:14-debug: Sort some build options to settings.json start, progress: 10%
2025-4-15 17:12:14-debug: run build task Query asset bundle success in 2 ms√, progress: 10%
2025-4-15 17:12:14-debug: // ---- build task Query asset bundle ---- (2ms)
2025-4-15 17:12:14-debug: // ---- build task Sort some build options to settings.json ----
2025-4-15 17:12:14-debug: [Build Memory track]: Query asset bundle start:176.10MB, end 176.21MB, increase: 114.59KB
2025-4-15 17:12:14-debug: [Build Memory track]: Sort some build options to settings.json start:176.23MB, end 176.25MB, increase: 16.78KB
2025-4-15 17:12:14-debug: run build task Sort some build options to settings.json success in √, progress: 12%
2025-4-15 17:12:14-debug: // ---- build task Fill script data to settings ----
2025-4-15 17:12:14-debug: Fill script data to settings start, progress: 12%
2025-4-15 17:12:14-debug: run build task Fill script data to settings success in 1 ms√, progress: 13%
2025-4-15 17:12:14-debug: [Build Memory track]: Fill script data to settings start:176.27MB, end 176.30MB, increase: 23.92KB
2025-4-15 17:12:14-debug: // ---- build task Fill script data to settings ---- (1ms)
2025-4-15 17:12:14-debug: Sort some build options to settings.json start, progress: 13%
2025-4-15 17:12:14-debug: // ---- build task Sort some build options to settings.json ----
2025-4-15 17:12:14-debug: // ---- build task Sort some build options to settings.json ---- (2ms)
2025-4-15 17:12:14-debug: [Build Memory track]: Sort some build options to settings.json start:176.32MB, end 176.46MB, increase: 142.82KB
2025-4-15 17:12:14-debug: run build task Sort some build options to settings.json success in 2 ms√, progress: 15%
2025-4-15 17:19:53-debug: refresh db internal success
2025-4-15 17:19:53-debug: refresh db assets success
2025-4-15 17:19:53-debug: Run asset db hook engine-extends:afterRefresh ...
2025-4-15 17:19:53-debug: Run asset db hook engine-extends:afterRefresh success!
2025-4-15 17:19:53-debug: asset-db:refresh-all-database (66ms)
2025-4-15 17:19:53-debug: asset-db:worker-effect-data-processing (2ms)
2025-4-15 17:19:53-debug: asset-db-hook-engine-extends-afterRefresh (2ms)
2025-4-15 17:29:18-debug: refresh db internal success
2025-4-15 17:29:18-debug: %cImport%c: C:\Users\Administrator\MahjongDenfense\assets\scripts\GameManager.tsbackground: #aaff85; color: #000;color: #000;
2025-4-15 17:29:18-debug: Run asset db hook engine-extends:afterRefresh ...
2025-4-15 17:29:18-debug: refresh db assets success
2025-4-15 17:29:18-debug: Run asset db hook engine-extends:afterRefresh success!
2025-4-15 17:29:18-debug: asset-db:refresh-all-database (80ms)
2025-4-15 17:29:18-debug: asset-db:worker-effect-data-processing (1ms)
2025-4-15 17:29:18-debug: asset-db-hook-engine-extends-afterRefresh (1ms)
2025-4-15 17:29:19-debug: Query all assets info in project
2025-4-15 17:29:19-debug: init custom config: keepNodeUuid: false, useCache: true
2025-4-15 17:29:19-debug: Query asset bundle start, progress: 0%
2025-4-15 17:29:19-debug: // ---- build task Query asset bundle ----
2025-4-15 17:29:19-debug:   Number of all scenes: 1
2025-4-15 17:29:19-debug:   Number of all scripts: 10
2025-4-15 17:29:19-debug: Query preload assets/scripts from cc.config.json: 60f7195c-ec2a-45eb-ba94-8955f60e81d0,1c02ae6f-4492-4915-b8f8-7492a3b1e4cd,810e96e4-e456-4468-9b59-f4e8f39732c0,efe8e2a3-eace-427b-b4f1-cb8a937ec77d,e9aa9a3e-5b2b-4ac7-a2c7-073de2b2b24f,8bbdbcdd-5cd4-4100-b6d5-b7c9625b6107,50f4348b-c883-4e2f-8f11-ce233b859fa1,fda095cb-831d-4601-ad94-846013963de8,f92806d7-1768-443f-afe8-12bcde84d0f0,dd3a144d-ab7f-41f0-82b8-2e43a090d496,f0416e68-0200-4b77-a926-4f9d16e494da,970b0598-bcb0-4714-91fb-2e81440dccd8,bcd64cc6-2dd9-43f6-abbe-66318d332032,d930590d-bb92-4cc8-8bd1-23cd027f9edf,a3cd009f-0ab0-420d-9278-b9fdab939bbc,6a2d0734-bd9e-4ddf-946e-caa52498cb75,c27215d8-6835-4b68-bfbb-bdeac6100c04,b5d6115f-0370-4d7c-aad3-c194cc71cf98,871c3b6c-7379-419d-bda3-794b239ab90d,ff9b0199-ce04-4cfe-86cc-6c719f08d6e4,de1c2107-70c8-4021-8459-6399f24d01c6,cbf30902-517f-40dc-af90-a550bac27cf1
2025-4-15 17:29:19-debug:   Number of other assets: 532
2025-4-15 17:29:19-debug: // ---- build task Query asset bundle ---- (9ms)
2025-4-15 17:29:19-debug: run build task Query asset bundle success in 9 ms√, progress: 5%
2025-4-15 17:29:19-debug: [Build Memory track]: Query asset bundle start:179.23MB, end 178.84MB, increase: -398.59KB
2025-4-15 17:29:19-debug: Query asset bundle start, progress: 5%
2025-4-15 17:29:19-debug: // ---- build task Query asset bundle ----
2025-4-15 17:29:19-debug: // ---- build task Query asset bundle ---- (3ms)
2025-4-15 17:29:19-debug: run build task Query asset bundle success in 3 ms√, progress: 10%
2025-4-15 17:29:19-debug: [Build Memory track]: Query asset bundle start:178.86MB, end 178.97MB, increase: 112.69KB
2025-4-15 17:29:19-debug: Sort some build options to settings.json start, progress: 10%
2025-4-15 17:29:19-debug: // ---- build task Sort some build options to settings.json ----
2025-4-15 17:29:19-debug: run build task Sort some build options to settings.json success in √, progress: 12%
2025-4-15 17:29:19-debug: [Build Memory track]: Sort some build options to settings.json start:179.00MB, end 179.02MB, increase: 17.01KB
2025-4-15 17:29:19-debug: Fill script data to settings start, progress: 12%
2025-4-15 17:29:19-debug: // ---- build task Fill script data to settings ----
2025-4-15 17:29:19-debug: // ---- build task Fill script data to settings ---- (1ms)
2025-4-15 17:29:19-debug: run build task Fill script data to settings success in 1 ms√, progress: 13%
2025-4-15 17:29:19-debug: [Build Memory track]: Fill script data to settings start:179.04MB, end 179.06MB, increase: 23.54KB
2025-4-15 17:29:19-debug: // ---- build task Sort some build options to settings.json ----
2025-4-15 17:29:19-debug: Sort some build options to settings.json start, progress: 13%
2025-4-15 17:29:19-debug: // ---- build task Sort some build options to settings.json ---- (4ms)
2025-4-15 17:29:19-debug: [Build Memory track]: Sort some build options to settings.json start:179.09MB, end 179.21MB, increase: 125.30KB
2025-4-15 17:29:19-debug: run build task Sort some build options to settings.json success in 4 ms√, progress: 15%
2025-4-15 17:30:12-debug: Query all assets info in project
2025-4-15 17:30:12-debug: init custom config: keepNodeUuid: false, useCache: true
2025-4-15 17:30:12-debug: // ---- build task Query asset bundle ----
2025-4-15 17:30:12-debug: Query asset bundle start, progress: 0%
2025-4-15 17:30:12-debug: Query preload assets/scripts from cc.config.json: 60f7195c-ec2a-45eb-ba94-8955f60e81d0,1c02ae6f-4492-4915-b8f8-7492a3b1e4cd,810e96e4-e456-4468-9b59-f4e8f39732c0,efe8e2a3-eace-427b-b4f1-cb8a937ec77d,e9aa9a3e-5b2b-4ac7-a2c7-073de2b2b24f,8bbdbcdd-5cd4-4100-b6d5-b7c9625b6107,50f4348b-c883-4e2f-8f11-ce233b859fa1,fda095cb-831d-4601-ad94-846013963de8,f92806d7-1768-443f-afe8-12bcde84d0f0,dd3a144d-ab7f-41f0-82b8-2e43a090d496,f0416e68-0200-4b77-a926-4f9d16e494da,970b0598-bcb0-4714-91fb-2e81440dccd8,bcd64cc6-2dd9-43f6-abbe-66318d332032,d930590d-bb92-4cc8-8bd1-23cd027f9edf,a3cd009f-0ab0-420d-9278-b9fdab939bbc,6a2d0734-bd9e-4ddf-946e-caa52498cb75,c27215d8-6835-4b68-bfbb-bdeac6100c04,b5d6115f-0370-4d7c-aad3-c194cc71cf98,871c3b6c-7379-419d-bda3-794b239ab90d,ff9b0199-ce04-4cfe-86cc-6c719f08d6e4,de1c2107-70c8-4021-8459-6399f24d01c6,cbf30902-517f-40dc-af90-a550bac27cf1
2025-4-15 17:30:12-debug:   Number of all scripts: 10
2025-4-15 17:30:12-debug:   Number of other assets: 532
2025-4-15 17:30:12-debug:   Number of all scenes: 1
2025-4-15 17:30:12-debug: // ---- build task Query asset bundle ---- (7ms)
2025-4-15 17:30:12-debug: run build task Query asset bundle success in 7 ms√, progress: 5%
2025-4-15 17:30:12-debug: Query asset bundle start, progress: 5%
2025-4-15 17:30:12-debug: [Build Memory track]: Query asset bundle start:179.30MB, end 179.63MB, increase: 338.69KB
2025-4-15 17:30:12-debug: // ---- build task Query asset bundle ----
2025-4-15 17:30:12-debug: run build task Query asset bundle success in 2 ms√, progress: 10%
2025-4-15 17:30:12-debug: [Build Memory track]: Query asset bundle start:179.65MB, end 179.77MB, increase: 118.73KB
2025-4-15 17:30:12-debug: // ---- build task Query asset bundle ---- (2ms)
2025-4-15 17:30:12-debug: Sort some build options to settings.json start, progress: 10%
2025-4-15 17:30:12-debug: // ---- build task Sort some build options to settings.json ----
2025-4-15 17:30:12-debug: run build task Sort some build options to settings.json success in √, progress: 12%
2025-4-15 17:30:12-debug: [Build Memory track]: Sort some build options to settings.json start:179.79MB, end 179.82MB, increase: 25.22KB
2025-4-15 17:30:12-debug: Fill script data to settings start, progress: 12%
2025-4-15 17:30:12-debug: // ---- build task Fill script data to settings ----
2025-4-15 17:30:12-debug: run build task Fill script data to settings success in √, progress: 13%
2025-4-15 17:30:12-debug: [Build Memory track]: Fill script data to settings start:179.84MB, end 179.86MB, increase: 15.98KB
2025-4-15 17:30:12-debug: Sort some build options to settings.json start, progress: 13%
2025-4-15 17:30:12-debug: // ---- build task Sort some build options to settings.json ----
2025-4-15 17:30:12-debug: // ---- build task Sort some build options to settings.json ---- (3ms)
2025-4-15 17:30:12-debug: [Build Memory track]: Sort some build options to settings.json start:179.88MB, end 180.01MB, increase: 124.68KB
2025-4-15 17:30:12-debug: run build task Sort some build options to settings.json success in 3 ms√, progress: 15%
2025-4-15 17:33:06-debug: refresh db internal success
2025-4-15 17:33:06-debug: refresh db assets success
2025-4-15 17:33:06-debug: Run asset db hook engine-extends:afterRefresh success!
2025-4-15 17:33:06-debug: Run asset db hook engine-extends:afterRefresh ...
2025-4-15 17:33:06-debug: asset-db:refresh-all-database (60ms)
2025-4-15 17:33:06-debug: asset-db:worker-effect-data-processing (1ms)
2025-4-15 17:33:06-debug: asset-db-hook-engine-extends-afterRefresh (1ms)
2025-4-15 17:33:34-debug: refresh db internal success
2025-4-15 17:33:34-debug: refresh db assets success
2025-4-15 17:33:34-debug: Run asset db hook engine-extends:afterRefresh ...
2025-4-15 17:33:34-debug: Run asset db hook engine-extends:afterRefresh success!
2025-4-15 17:33:34-debug: asset-db:refresh-all-database (77ms)
2025-4-15 17:33:34-debug: asset-db:worker-effect-data-processing (1ms)
2025-4-15 17:33:34-debug: asset-db-hook-engine-extends-afterRefresh (1ms)
2025-4-15 17:33:45-debug: %cImport%c: C:\Users\Administrator\MahjongDenfense\assets\prefab\MahjongTile.prefabbackground: #aaff85; color: #000;color: #000;
2025-4-15 17:33:45-debug: asset-db:reimport-asset01599341-7186-4f40-9b9e-7ad7085ba29c (21ms)
2025-4-15 17:34:06-debug: refresh db internal success
2025-4-15 17:34:06-debug: refresh db assets success
2025-4-15 17:34:06-debug: Run asset db hook engine-extends:afterRefresh ...
2025-4-15 17:34:06-debug: Run asset db hook engine-extends:afterRefresh success!
2025-4-15 17:34:06-debug: asset-db:worker-effect-data-processing (2ms)
2025-4-15 17:34:06-debug: asset-db:refresh-all-database (63ms)
2025-4-15 17:34:06-debug: asset-db-hook-engine-extends-afterRefresh (2ms)
2025-4-15 17:34:07-debug: %cImport%c: C:\Users\Administrator\MahjongDenfense\assets\prefab\MahjongTile.prefabbackground: #aaff85; color: #000;color: #000;
2025-4-15 17:34:07-debug: asset-db:reimport-asset01599341-7186-4f40-9b9e-7ad7085ba29c (15ms)
2025-4-15 17:34:15-debug: refresh db internal success
2025-4-15 17:34:15-debug: refresh db assets success
2025-4-15 17:34:15-debug: Run asset db hook engine-extends:afterRefresh ...
2025-4-15 17:34:15-debug: Run asset db hook engine-extends:afterRefresh success!
2025-4-15 17:34:15-debug: asset-db:refresh-all-database (78ms)
2025-4-15 17:34:15-debug: asset-db:worker-effect-data-processing (1ms)
2025-4-15 17:34:15-debug: asset-db-hook-engine-extends-afterRefresh (1ms)
2025-4-15 17:34:32-debug: %cImport%c: C:\Users\Administrator\MahjongDenfense\assets\prefab\MahjongTile.prefabbackground: #aaff85; color: #000;color: #000;
2025-4-15 17:34:32-debug: asset-db:reimport-asset01599341-7186-4f40-9b9e-7ad7085ba29c (22ms)
2025-4-15 17:35:03-debug: refresh db internal success
2025-4-15 17:35:03-debug: refresh db assets success
2025-4-15 17:35:03-debug: Run asset db hook engine-extends:afterRefresh ...
2025-4-15 17:35:03-debug: Run asset db hook engine-extends:afterRefresh success!
2025-4-15 17:35:03-debug: asset-db:worker-effect-data-processing (1ms)
2025-4-15 17:35:03-debug: asset-db:refresh-all-database (75ms)
2025-4-15 17:35:03-debug: asset-db-hook-engine-extends-afterRefresh (2ms)
2025-4-15 17:37:49-debug: refresh db internal success
2025-4-15 17:37:49-debug: refresh db assets success
2025-4-15 17:37:49-debug: Run asset db hook engine-extends:afterRefresh ...
2025-4-15 17:37:49-debug: Run asset db hook engine-extends:afterRefresh success!
2025-4-15 17:37:49-debug: asset-db:refresh-all-database (140ms)
2025-4-15 17:37:49-debug: asset-db:worker-effect-data-processing (1ms)
2025-4-15 17:37:49-debug: asset-db-hook-engine-extends-afterRefresh (1ms)
