2025-4-1 14:50:49-debug: start **** info
2025-4-1 14:50:49-log: Cannot access game frame or container.
2025-4-1 14:50:50-debug: asset-db:require-engine-code (1297ms)
2025-4-1 14:50:50-log: meshopt wasm decoder initialized
2025-4-1 14:50:50-log: [bullet]:bullet wasm lib loaded.
2025-4-1 14:50:50-log: [box2d]:box2d wasm lib loaded.
2025-4-1 14:50:50-log: Cocos Creator v3.8.5
2025-4-1 14:50:50-log: Using legacy pipeline
2025-4-1 14:50:50-debug: [Assets Memory track]: asset-db:worker-init: initEngine start:30.95MB, end 79.65MB, increase: 48.70MB
2025-4-1 14:50:50-debug: [Assets Memory track]: asset-db-plugin-register: programming start:80.51MB, end 83.74MB, increase: 3.23MB
2025-4-1 14:50:50-log: Forward render pipeline initialized.
2025-4-1 14:50:51-debug: [Assets Memory track]: asset-db-plugin-register: engine-extends start:195.84MB, end 198.97MB, increase: 3.13MB
2025-4-1 14:50:51-debug: [Assets Memory track]: asset-db-plugin-register: project start:80.37MB, end 199.04MB, increase: 118.68MB
2025-4-1 14:50:51-debug: [Assets Memory track]: asset-db-plugin-register: builder start:83.77MB, end 195.60MB, increase: 111.83MB
2025-4-1 14:50:51-debug: [Assets Memory track]: asset-db:worker-init: initPlugin start:79.67MB, end 199.07MB, increase: 119.40MB
2025-4-1 14:50:51-debug: asset-db:worker-init: initPlugin (1146ms)
2025-4-1 14:50:51-debug: [Assets Memory track]: asset-db:worker-init start:30.94MB, end 199.17MB, increase: 168.23MB
2025-4-1 14:50:51-debug: Run asset db hook programming:beforePreStart ...
2025-4-1 14:50:51-debug: Run asset db hook programming:beforePreStart success!
2025-4-1 14:50:51-debug: Run asset db hook engine-extends:beforePreStart success!
2025-4-1 14:50:51-debug: Run asset db hook engine-extends:beforePreStart ...
2025-4-1 14:50:53-debug: asset-db:worker-init (4518ms)
2025-4-1 14:50:53-debug: asset-db-hook-programming-beforePreStart (1824ms)
2025-4-1 14:50:53-debug: asset-db-hook-engine-extends-beforePreStart (1824ms)
2025-4-1 14:50:55-debug: Preimport db internal success
2025-4-1 14:50:55-debug: Preimport db assets success
2025-4-1 14:50:55-debug: Run asset db hook programming:afterPreStart ...
2025-4-1 14:50:55-debug: starting packer-driver...
2025-4-1 14:50:56-debug: initialize scripting environment...
2025-4-1 14:50:56-debug: [[Executor]] prepare before lock
2025-4-1 14:50:56-debug: Set detail map pack:///resolution-detail-map.json: {}
2025-4-1 14:50:56-debug: [[Executor]] prepare after unlock
2025-4-1 14:50:56-debug: Run asset db hook programming:afterPreStart success!
2025-4-1 14:50:56-debug: Run asset db hook engine-extends:afterPreStart ...
2025-4-1 14:50:56-debug: Run asset db hook engine-extends:afterPreStart success!
2025-4-1 14:50:56-debug: [Assets Memory track]: asset-db:worker-init: preStart start:199.18MB, end 200.61MB, increase: 1.43MB
2025-4-1 14:50:56-debug: Start up the 'internal' database...
2025-4-1 14:50:57-debug: asset-db-hook-programming-afterPreStart (1791ms)
2025-4-1 14:50:57-debug: asset-db-hook-engine-extends-afterPreStart (1120ms)
2025-4-1 14:50:57-debug: asset-db:worker-effect-data-processing (1119ms)
2025-4-1 14:50:57-debug: Start up the 'assets' database...
2025-4-1 14:50:57-debug: asset-db:worker-startup-database[internal] (5921ms)
2025-4-1 14:50:57-debug: lazy register asset handler *
2025-4-1 14:50:57-debug: lazy register asset handler spine-data
2025-4-1 14:50:57-debug: lazy register asset handler directory
2025-4-1 14:50:57-debug: lazy register asset handler dragonbones
2025-4-1 14:50:57-debug: lazy register asset handler terrain
2025-4-1 14:50:57-debug: lazy register asset handler dragonbones-atlas
2025-4-1 14:50:57-debug: lazy register asset handler text
2025-4-1 14:50:57-debug: lazy register asset handler javascript
2025-4-1 14:50:57-debug: lazy register asset handler typescript
2025-4-1 14:50:57-debug: lazy register asset handler scene
2025-4-1 14:50:57-debug: lazy register asset handler prefab
2025-4-1 14:50:57-debug: lazy register asset handler json
2025-4-1 14:50:57-debug: lazy register asset handler buffer
2025-4-1 14:50:57-debug: lazy register asset handler sprite-frame
2025-4-1 14:50:57-debug: lazy register asset handler image
2025-4-1 14:50:57-debug: lazy register asset handler alpha-image
2025-4-1 14:50:57-debug: lazy register asset handler tiled-map
2025-4-1 14:50:57-debug: lazy register asset handler sign-image
2025-4-1 14:50:57-debug: lazy register asset handler texture-cube
2025-4-1 14:50:57-debug: lazy register asset handler render-texture
2025-4-1 14:50:57-debug: lazy register asset handler erp-texture-cube
2025-4-1 14:50:57-debug: lazy register asset handler texture-cube-face
2025-4-1 14:50:57-debug: lazy register asset handler rt-sprite-frame
2025-4-1 14:50:57-debug: lazy register asset handler texture
2025-4-1 14:50:57-debug: lazy register asset handler gltf-mesh
2025-4-1 14:50:57-debug: lazy register asset handler gltf-animation
2025-4-1 14:50:57-debug: lazy register asset handler gltf-material
2025-4-1 14:50:57-debug: lazy register asset handler gltf-skeleton
2025-4-1 14:50:57-debug: lazy register asset handler gltf-scene
2025-4-1 14:50:57-debug: lazy register asset handler gltf-embeded-image
2025-4-1 14:50:57-debug: lazy register asset handler fbx
2025-4-1 14:50:57-debug: lazy register asset handler gltf
2025-4-1 14:50:57-debug: lazy register asset handler material
2025-4-1 14:50:57-debug: lazy register asset handler physics-material
2025-4-1 14:50:57-debug: lazy register asset handler audio-clip
2025-4-1 14:50:57-debug: lazy register asset handler effect-header
2025-4-1 14:50:57-debug: lazy register asset handler animation-clip
2025-4-1 14:50:57-debug: lazy register asset handler animation-graph
2025-4-1 14:50:57-debug: lazy register asset handler animation-graph-variant
2025-4-1 14:50:57-debug: lazy register asset handler effect
2025-4-1 14:50:57-debug: lazy register asset handler animation-mask
2025-4-1 14:50:57-debug: lazy register asset handler particle
2025-4-1 14:50:57-debug: lazy register asset handler bitmap-font
2025-4-1 14:50:57-debug: lazy register asset handler ttf-font
2025-4-1 14:50:57-debug: lazy register asset handler sprite-atlas
2025-4-1 14:50:57-debug: lazy register asset handler render-pipeline
2025-4-1 14:50:57-debug: lazy register asset handler label-atlas
2025-4-1 14:50:57-debug: lazy register asset handler render-flow
2025-4-1 14:50:57-debug: lazy register asset handler render-stage
2025-4-1 14:50:57-debug: lazy register asset handler auto-atlas
2025-4-1 14:50:57-debug: lazy register asset handler instantiation-mesh
2025-4-1 14:50:57-debug: lazy register asset handler instantiation-skeleton
2025-4-1 14:50:57-debug: lazy register asset handler instantiation-animation
2025-4-1 14:50:57-debug: lazy register asset handler video-clip
2025-4-1 14:50:57-debug: lazy register asset handler instantiation-material
2025-4-1 14:50:57-debug: asset-db:worker-startup-database[assets] (2506ms)
2025-4-1 14:50:57-debug: asset-db:start-database (5983ms)
2025-4-1 14:50:57-debug: asset-db:ready (11663ms)
2025-4-1 14:50:57-debug: init worker message success
2025-4-1 14:50:58-debug: [Build Memory track]: builder:worker-init start:157.14MB, end 171.19MB, increase: 14.04MB
2025-4-1 14:50:57-debug: programming:execute-script (6ms)
2025-4-1 14:50:58-debug: builder:worker-init (400ms)
2025-4-1 15:20:06-debug: refresh db internal success
2025-4-1 15:20:06-debug: refresh db assets success
2025-4-1 15:20:06-debug: Run asset db hook engine-extends:afterRefresh ...
2025-4-1 15:20:06-debug: Run asset db hook engine-extends:afterRefresh success!
2025-4-1 15:20:06-debug: asset-db:refresh-all-database (86ms)
2025-4-1 15:20:06-debug: asset-db:worker-effect-data-processing (2ms)
2025-4-1 15:20:06-debug: asset-db-hook-engine-extends-afterRefresh (2ms)
