2025-4-1 15:21:05-debug: start **** info
2025-4-1 15:21:06-log: Cannot access game frame or container.
2025-4-1 15:21:06-debug: asset-db:require-engine-code (974ms)
2025-4-1 15:21:06-log: meshopt wasm decoder initialized
2025-4-1 15:21:06-log: [bullet]:bullet wasm lib loaded.
2025-4-1 15:21:06-log: [box2d]:box2d wasm lib loaded.
2025-4-1 15:21:06-log: Cocos Creator v3.8.5
2025-4-1 15:21:06-log: Forward render pipeline initialized.
2025-4-1 15:21:06-debug: [Assets Memory track]: asset-db:worker-init: initEngine start:30.86MB, end 79.30MB, increase: 48.44MB
2025-4-1 15:21:06-debug: [Assets Memory track]: asset-db-plugin-register: programming start:80.16MB, end 83.11MB, increase: 2.95MB
2025-4-1 15:21:07-debug: [Assets Memory track]: asset-db-plugin-register: builder start:83.14MB, end 175.01MB, increase: 91.87MB
2025-4-1 15:21:06-log: Using legacy pipeline
2025-4-1 15:21:07-debug: [Assets Memory track]: asset-db:worker-init: initPlugin start:79.32MB, end 178.51MB, increase: 99.19MB
2025-4-1 15:21:07-debug: [Assets Memory track]: asset-db-plugin-register: project start:80.01MB, end 178.48MB, increase: 98.47MB
2025-4-1 15:21:07-debug: [Assets Memory track]: asset-db-plugin-register: engine-extends start:175.25MB, end 178.41MB, increase: 3.16MB
2025-4-1 15:21:07-debug: asset-db:worker-init: initPlugin (1121ms)
2025-4-1 15:21:07-debug: Run asset db hook programming:beforePreStart ...
2025-4-1 15:21:07-debug: Run asset db hook programming:beforePreStart success!
2025-4-1 15:21:07-debug: Run asset db hook engine-extends:beforePreStart success!
2025-4-1 15:21:07-debug: [Assets Memory track]: asset-db:worker-init start:30.85MB, end 178.62MB, increase: 147.77MB
2025-4-1 15:21:07-debug: Run asset db hook engine-extends:beforePreStart ...
2025-4-1 15:21:07-debug: asset-db:worker-init (2235ms)
2025-4-1 15:21:07-debug: asset-db-hook-programming-beforePreStart (64ms)
2025-4-1 15:21:07-debug: asset-db-hook-engine-extends-beforePreStart (63ms)
2025-4-1 15:21:07-debug: Preimport db internal success
2025-4-1 15:21:07-debug: Run asset db hook programming:afterPreStart ...
2025-4-1 15:21:07-debug: Preimport db assets success
2025-4-1 15:21:07-debug: starting packer-driver...
2025-4-1 15:21:08-debug: initialize scripting environment...
2025-4-1 15:21:08-debug: [[Executor]] prepare before lock
2025-4-1 15:21:08-debug: Set detail map pack:///resolution-detail-map.json: {}
2025-4-1 15:21:08-debug: [[Executor]] prepare after unlock
2025-4-1 15:21:08-debug: Run asset db hook programming:afterPreStart success!
2025-4-1 15:21:08-debug: Run asset db hook engine-extends:afterPreStart success!
2025-4-1 15:21:08-debug: Run asset db hook engine-extends:afterPreStart ...
2025-4-1 15:21:08-debug: Start up the 'internal' database...
2025-4-1 15:21:09-debug: asset-db-hook-programming-afterPreStart (1029ms)
2025-4-1 15:21:09-debug: asset-db:worker-effect-data-processing (284ms)
2025-4-1 15:21:09-debug: asset-db-hook-engine-extends-afterPreStart (284ms)
2025-4-1 15:21:09-debug: [Assets Memory track]: asset-db:worker-startup-database[internal] start:178.71MB, end 191.83MB, increase: 13.12MB
2025-4-1 15:21:09-debug: Start up the 'assets' database...
2025-4-1 15:21:09-debug: asset-db:worker-startup-database[internal] (1199ms)
2025-4-1 15:21:09-debug: [Assets Memory track]: asset-db:worker-startup-database[assets] start:177.42MB, end 189.59MB, increase: 12.17MB
2025-4-1 15:21:09-debug: [Assets Memory track]: asset-db:worker-init: startup start:179.21MB, end 189.61MB, increase: 10.39MB
2025-4-1 15:21:09-debug: lazy register asset handler text
2025-4-1 15:21:09-debug: lazy register asset handler *
2025-4-1 15:21:09-debug: lazy register asset handler json
2025-4-1 15:21:09-debug: lazy register asset handler directory
2025-4-1 15:21:09-debug: lazy register asset handler spine-data
2025-4-1 15:21:09-debug: lazy register asset handler dragonbones
2025-4-1 15:21:09-debug: lazy register asset handler dragonbones-atlas
2025-4-1 15:21:09-debug: lazy register asset handler javascript
2025-4-1 15:21:09-debug: lazy register asset handler terrain
2025-4-1 15:21:09-debug: lazy register asset handler typescript
2025-4-1 15:21:09-debug: lazy register asset handler sprite-frame
2025-4-1 15:21:09-debug: lazy register asset handler scene
2025-4-1 15:21:09-debug: lazy register asset handler prefab
2025-4-1 15:21:09-debug: lazy register asset handler tiled-map
2025-4-1 15:21:09-debug: lazy register asset handler buffer
2025-4-1 15:21:09-debug: lazy register asset handler alpha-image
2025-4-1 15:21:09-debug: lazy register asset handler sign-image
2025-4-1 15:21:09-debug: lazy register asset handler texture-cube
2025-4-1 15:21:09-debug: lazy register asset handler erp-texture-cube
2025-4-1 15:21:09-debug: lazy register asset handler render-texture
2025-4-1 15:21:09-debug: lazy register asset handler texture
2025-4-1 15:21:09-debug: lazy register asset handler texture-cube-face
2025-4-1 15:21:09-debug: lazy register asset handler gltf
2025-4-1 15:21:09-debug: lazy register asset handler gltf-mesh
2025-4-1 15:21:09-debug: lazy register asset handler rt-sprite-frame
2025-4-1 15:21:09-debug: lazy register asset handler gltf-skeleton
2025-4-1 15:21:09-debug: lazy register asset handler gltf-animation
2025-4-1 15:21:09-debug: lazy register asset handler gltf-material
2025-4-1 15:21:09-debug: lazy register asset handler gltf-scene
2025-4-1 15:21:09-debug: lazy register asset handler gltf-embeded-image
2025-4-1 15:21:09-debug: lazy register asset handler image
2025-4-1 15:21:09-debug: lazy register asset handler material
2025-4-1 15:21:09-debug: lazy register asset handler physics-material
2025-4-1 15:21:09-debug: lazy register asset handler effect-header
2025-4-1 15:21:09-debug: lazy register asset handler fbx
2025-4-1 15:21:09-debug: lazy register asset handler effect
2025-4-1 15:21:09-debug: lazy register asset handler audio-clip
2025-4-1 15:21:09-debug: lazy register asset handler animation-clip
2025-4-1 15:21:09-debug: lazy register asset handler animation-graph
2025-4-1 15:21:09-debug: lazy register asset handler animation-graph-variant
2025-4-1 15:21:09-debug: lazy register asset handler animation-mask
2025-4-1 15:21:09-debug: lazy register asset handler bitmap-font
2025-4-1 15:21:09-debug: lazy register asset handler particle
2025-4-1 15:21:09-debug: lazy register asset handler ttf-font
2025-4-1 15:21:09-debug: lazy register asset handler sprite-atlas
2025-4-1 15:21:09-debug: lazy register asset handler auto-atlas
2025-4-1 15:21:09-debug: lazy register asset handler label-atlas
2025-4-1 15:21:09-debug: lazy register asset handler render-stage
2025-4-1 15:21:09-debug: lazy register asset handler render-pipeline
2025-4-1 15:21:09-debug: lazy register asset handler instantiation-material
2025-4-1 15:21:09-debug: lazy register asset handler instantiation-mesh
2025-4-1 15:21:09-debug: lazy register asset handler render-flow
2025-4-1 15:21:09-debug: lazy register asset handler instantiation-skeleton
2025-4-1 15:21:09-debug: lazy register asset handler instantiation-animation
2025-4-1 15:21:09-debug: lazy register asset handler video-clip
2025-4-1 15:21:09-debug: asset-db:start-database (1249ms)
2025-4-1 15:21:09-debug: asset-db:worker-startup-database[assets] (1157ms)
2025-4-1 15:21:09-debug: init worker message success
2025-4-1 15:21:09-debug: asset-db:ready (5755ms)
2025-4-1 15:21:09-debug: programming:execute-script (5ms)
2025-4-1 15:21:09-debug: [Build Memory track]: builder:worker-init start:193.73MB, end 201.62MB, increase: 7.90MB
2025-4-1 15:21:09-debug: builder:worker-init (381ms)
2025-4-1 15:27:25-debug: refresh db internal success
2025-4-1 15:27:25-debug: %cImport%c: C:\Users\Administrator\MiaoMiaoMaJiang\assets\scripts\MahjongTile.tsbackground: #aaff85; color: #000;color: #000;
2025-4-1 15:27:25-debug: refresh db assets success
2025-4-1 15:27:25-debug: Run asset db hook engine-extends:afterRefresh ...
2025-4-1 15:27:25-debug: Run asset db hook engine-extends:afterRefresh success!
2025-4-1 15:27:25-debug: asset-db:refresh-all-database (99ms)
2025-4-1 15:27:25-debug: asset-db:worker-effect-data-processing (-1ms)
2025-4-1 15:27:25-debug: asset-db-hook-engine-extends-afterRefresh (-1ms)
2025-4-1 15:27:28-debug: Query all assets info in project
2025-4-1 15:27:28-debug: init custom config: keepNodeUuid: false, useCache: true
2025-4-1 15:27:28-debug: Query asset bundle start, progress: 0%
2025-4-1 15:27:28-debug: // ---- build task Query asset bundle ----
2025-4-1 15:27:28-debug: Query preload assets/scripts from cc.config.json: 60f7195c-ec2a-45eb-ba94-8955f60e81d0,1c02ae6f-4492-4915-b8f8-7492a3b1e4cd,810e96e4-e456-4468-9b59-f4e8f39732c0,efe8e2a3-eace-427b-b4f1-cb8a937ec77d,e9aa9a3e-5b2b-4ac7-a2c7-073de2b2b24f,8bbdbcdd-5cd4-4100-b6d5-b7c9625b6107,50f4348b-c883-4e2f-8f11-ce233b859fa1,fda095cb-831d-4601-ad94-846013963de8,f92806d7-1768-443f-afe8-12bcde84d0f0,dd3a144d-ab7f-41f0-82b8-2e43a090d496,f0416e68-0200-4b77-a926-4f9d16e494da,970b0598-bcb0-4714-91fb-2e81440dccd8,bcd64cc6-2dd9-43f6-abbe-66318d332032,d930590d-bb92-4cc8-8bd1-23cd027f9edf,a3cd009f-0ab0-420d-9278-b9fdab939bbc,6a2d0734-bd9e-4ddf-946e-caa52498cb75,c27215d8-6835-4b68-bfbb-bdeac6100c04,b5d6115f-0370-4d7c-aad3-c194cc71cf98,871c3b6c-7379-419d-bda3-794b239ab90d,ff9b0199-ce04-4cfe-86cc-6c719f08d6e4,de1c2107-70c8-4021-8459-6399f24d01c6,cbf30902-517f-40dc-af90-a550bac27cf1
2025-4-1 15:27:28-debug:   Number of all scripts: 10
2025-4-1 15:27:28-debug:   Number of other assets: 533
2025-4-1 15:27:28-debug:   Number of all scenes: 1
2025-4-1 15:27:28-debug: // ---- build task Query asset bundle ---- (8ms)
2025-4-1 15:27:28-debug: run build task Query asset bundle success in 8 ms√, progress: 5%
2025-4-1 15:27:28-debug: [Build Memory track]: Query asset bundle start:167.08MB, end 167.52MB, increase: 451.57KB
2025-4-1 15:27:28-debug: Query asset bundle start, progress: 5%
2025-4-1 15:27:28-debug: // ---- build task Query asset bundle ----
2025-4-1 15:27:28-debug: [Build Memory track]: Query asset bundle start:167.56MB, end 167.68MB, increase: 122.95KB
2025-4-1 15:27:28-debug: Sort some build options to settings.json start, progress: 10%
2025-4-1 15:27:28-debug: run build task Query asset bundle success in √, progress: 10%
2025-4-1 15:27:28-debug: // ---- build task Sort some build options to settings.json ----
2025-4-1 15:27:28-debug: Fill script data to settings start, progress: 12%
2025-4-1 15:27:28-debug: // ---- build task Sort some build options to settings.json ---- (-1ms)
2025-4-1 15:27:28-debug: // ---- build task Fill script data to settings ----
2025-4-1 15:27:28-debug: run build task Sort some build options to settings.json success in -1 h -1 min -1 s√, progress: 12%
2025-4-1 15:27:28-debug: [Build Memory track]: Sort some build options to settings.json start:167.71MB, end 167.74MB, increase: 30.96KB
2025-4-1 15:27:28-debug: // ---- build task Fill script data to settings ---- (-1ms)
2025-4-1 15:27:28-debug: run build task Fill script data to settings success in -1 h -1 min -1 s√, progress: 13%
2025-4-1 15:27:28-debug: [Build Memory track]: Fill script data to settings start:167.78MB, end 167.81MB, increase: 30.66KB
2025-4-1 15:27:28-debug: // ---- build task Sort some build options to settings.json ----
2025-4-1 15:27:28-debug: Sort some build options to settings.json start, progress: 13%
2025-4-1 15:27:28-debug: // ---- build task Sort some build options to settings.json ---- (2ms)
2025-4-1 15:27:28-debug: run build task Sort some build options to settings.json success in 2 ms√, progress: 15%
2025-4-1 15:27:28-debug: [Build Memory track]: Sort some build options to settings.json start:167.84MB, end 167.22MB, increase: -643.06KB
2025-4-1 15:40:12-debug: refresh db internal success
2025-4-1 15:40:12-debug: refresh db assets success
2025-4-1 15:40:12-debug: Run asset db hook engine-extends:afterRefresh ...
2025-4-1 15:40:12-debug: Run asset db hook engine-extends:afterRefresh success!
2025-4-1 15:40:12-debug: asset-db:refresh-all-database (87ms)
2025-4-1 15:40:12-debug: asset-db:worker-effect-data-processing (2ms)
2025-4-1 15:40:12-debug: asset-db-hook-engine-extends-afterRefresh (2ms)
2025-4-1 15:40:52-debug: refresh db internal success
2025-4-1 15:40:52-debug: refresh db assets success
2025-4-1 15:40:52-debug: Run asset db hook engine-extends:afterRefresh ...
2025-4-1 15:40:52-debug: Run asset db hook engine-extends:afterRefresh success!
2025-4-1 15:40:52-debug: asset-db:refresh-all-database (60ms)
2025-4-1 15:40:52-debug: asset-db:worker-effect-data-processing (2ms)
2025-4-1 15:40:52-debug: asset-db-hook-engine-extends-afterRefresh (2ms)
2025-4-1 15:45:53-debug: refresh db internal success
2025-4-1 15:45:53-debug: refresh db assets success
2025-4-1 15:45:53-debug: Run asset db hook engine-extends:afterRefresh ...
2025-4-1 15:45:53-debug: Run asset db hook engine-extends:afterRefresh success!
2025-4-1 15:45:53-debug: asset-db:refresh-all-database (63ms)
2025-4-1 15:45:53-debug: asset-db:worker-effect-data-processing (1ms)
2025-4-1 15:45:53-debug: asset-db-hook-engine-extends-afterRefresh (2ms)
2025-4-1 17:52:17-debug: refresh db internal success
2025-4-1 17:52:17-debug: %cImport%c: C:\Users\Administrator\MiaoMiaoMaJiang\assets\scripts\MahjongTile.tsbackground: #aaff85; color: #000;color: #000;
2025-4-1 17:52:17-debug: refresh db assets success
2025-4-1 17:52:17-debug: Run asset db hook engine-extends:afterRefresh success!
2025-4-1 17:52:17-debug: Run asset db hook engine-extends:afterRefresh ...
2025-4-1 17:52:17-debug: asset-db:refresh-all-database (158ms)
2025-4-1 17:52:17-debug: asset-db:worker-effect-data-processing (2ms)
2025-4-1 17:52:17-debug: asset-db-hook-engine-extends-afterRefresh (2ms)
2025-4-1 17:52:18-debug: Query all assets info in project
2025-4-1 17:52:18-debug: init custom config: keepNodeUuid: false, useCache: true
2025-4-1 17:52:18-debug: Query asset bundle start, progress: 0%
2025-4-1 17:52:18-debug: // ---- build task Query asset bundle ----
2025-4-1 17:52:18-debug: Query preload assets/scripts from cc.config.json: 60f7195c-ec2a-45eb-ba94-8955f60e81d0,1c02ae6f-4492-4915-b8f8-7492a3b1e4cd,810e96e4-e456-4468-9b59-f4e8f39732c0,efe8e2a3-eace-427b-b4f1-cb8a937ec77d,e9aa9a3e-5b2b-4ac7-a2c7-073de2b2b24f,8bbdbcdd-5cd4-4100-b6d5-b7c9625b6107,50f4348b-c883-4e2f-8f11-ce233b859fa1,fda095cb-831d-4601-ad94-846013963de8,f92806d7-1768-443f-afe8-12bcde84d0f0,dd3a144d-ab7f-41f0-82b8-2e43a090d496,f0416e68-0200-4b77-a926-4f9d16e494da,970b0598-bcb0-4714-91fb-2e81440dccd8,bcd64cc6-2dd9-43f6-abbe-66318d332032,d930590d-bb92-4cc8-8bd1-23cd027f9edf,a3cd009f-0ab0-420d-9278-b9fdab939bbc,6a2d0734-bd9e-4ddf-946e-caa52498cb75,c27215d8-6835-4b68-bfbb-bdeac6100c04,b5d6115f-0370-4d7c-aad3-c194cc71cf98,871c3b6c-7379-419d-bda3-794b239ab90d,ff9b0199-ce04-4cfe-86cc-6c719f08d6e4,de1c2107-70c8-4021-8459-6399f24d01c6,cbf30902-517f-40dc-af90-a550bac27cf1
2025-4-1 17:52:18-debug:   Number of other assets: 533
2025-4-1 17:52:18-debug:   Number of all scripts: 10
2025-4-1 17:52:18-debug:   Number of all scenes: 1
2025-4-1 17:52:18-debug: // ---- build task Query asset bundle ---- (18ms)
2025-4-1 17:52:18-debug: [Build Memory track]: Query asset bundle start:173.16MB, end 173.44MB, increase: 284.89KB
2025-4-1 17:52:18-debug: // ---- build task Query asset bundle ----
2025-4-1 17:52:18-debug: run build task Query asset bundle success in 18 ms√, progress: 5%
2025-4-1 17:52:18-debug: Query asset bundle start, progress: 5%
2025-4-1 17:52:18-debug: // ---- build task Query asset bundle ---- (3ms)
2025-4-1 17:52:18-debug: run build task Query asset bundle success in 3 ms√, progress: 10%
2025-4-1 17:52:18-debug: // ---- build task Sort some build options to settings.json ----
2025-4-1 17:52:18-debug: Sort some build options to settings.json start, progress: 10%
2025-4-1 17:52:18-debug: [Build Memory track]: Query asset bundle start:173.47MB, end 172.83MB, increase: -654.22KB
2025-4-1 17:52:18-debug: run build task Sort some build options to settings.json success in 1 ms√, progress: 12%
2025-4-1 17:52:18-debug: [Build Memory track]: Sort some build options to settings.json start:172.87MB, end 172.90MB, increase: 31.32KB
2025-4-1 17:52:18-debug: // ---- build task Sort some build options to settings.json ---- (1ms)
2025-4-1 17:52:18-debug: Fill script data to settings start, progress: 12%
2025-4-1 17:52:18-debug: // ---- build task Fill script data to settings ----
2025-4-1 17:52:18-debug: // ---- build task Fill script data to settings ---- (1ms)
2025-4-1 17:52:18-debug: [Build Memory track]: Fill script data to settings start:172.95MB, end 172.99MB, increase: 37.79KB
2025-4-1 17:52:18-debug: run build task Fill script data to settings success in 1 ms√, progress: 13%
2025-4-1 17:52:18-debug: Sort some build options to settings.json start, progress: 13%
2025-4-1 17:52:18-debug: // ---- build task Sort some build options to settings.json ----
2025-4-1 17:52:18-debug: run build task Sort some build options to settings.json success in 5 ms√, progress: 15%
2025-4-1 17:52:18-debug: [Build Memory track]: Sort some build options to settings.json start:173.02MB, end 173.20MB, increase: 179.24KB
2025-4-1 17:52:18-debug: // ---- build task Sort some build options to settings.json ---- (5ms)
2025-4-1 17:57:11-debug: refresh db internal success
2025-4-1 17:57:11-debug: refresh db assets success
2025-4-1 17:57:11-debug: Run asset db hook engine-extends:afterRefresh ...
2025-4-1 17:57:11-debug: Run asset db hook engine-extends:afterRefresh success!
2025-4-1 17:57:11-debug: asset-db:refresh-all-database (59ms)
2025-4-1 17:57:11-debug: asset-db:worker-effect-data-processing (1ms)
2025-4-1 17:57:11-debug: asset-db-hook-engine-extends-afterRefresh (1ms)
2025-4-1 17:58:28-debug: refresh db internal success
2025-4-1 17:58:28-debug: refresh db assets success
2025-4-1 17:58:28-debug: Run asset db hook engine-extends:afterRefresh ...
2025-4-1 17:58:28-debug: Run asset db hook engine-extends:afterRefresh success!
2025-4-1 17:58:28-debug: asset-db:refresh-all-database (63ms)
2025-4-1 17:58:28-debug: asset-db:worker-effect-data-processing (1ms)
2025-4-1 17:58:28-debug: asset-db-hook-engine-extends-afterRefresh (2ms)
2025-4-1 17:58:32-debug: refresh db internal success
2025-4-1 17:58:32-debug: refresh db assets success
2025-4-1 17:58:32-debug: Run asset db hook engine-extends:afterRefresh ...
2025-4-1 17:58:32-debug: Run asset db hook engine-extends:afterRefresh success!
2025-4-1 17:58:32-debug: asset-db:refresh-all-database (58ms)
2025-4-1 17:58:32-debug: asset-db:worker-effect-data-processing (2ms)
2025-4-1 17:58:32-debug: asset-db-hook-engine-extends-afterRefresh (2ms)
2025-4-1 18:00:37-debug: refresh db internal success
2025-4-1 18:00:37-debug: refresh db assets success
2025-4-1 18:00:37-debug: Run asset db hook engine-extends:afterRefresh ...
2025-4-1 18:00:37-debug: Run asset db hook engine-extends:afterRefresh success!
2025-4-1 18:00:37-debug: asset-db:worker-effect-data-processing (1ms)
2025-4-1 18:00:37-debug: asset-db:refresh-all-database (58ms)
2025-4-1 18:00:37-debug: asset-db-hook-engine-extends-afterRefresh (1ms)
2025-4-1 18:00:48-debug: refresh db internal success
2025-4-1 18:00:48-debug: refresh db assets success
2025-4-1 18:00:48-debug: Run asset db hook engine-extends:afterRefresh ...
2025-4-1 18:00:48-debug: Run asset db hook engine-extends:afterRefresh success!
2025-4-1 18:00:48-debug: asset-db:refresh-all-database (57ms)
2025-4-1 18:00:48-debug: asset-db:worker-effect-data-processing (1ms)
2025-4-1 18:00:48-debug: asset-db-hook-engine-extends-afterRefresh (1ms)
2025-4-1 18:00:50-debug: refresh db internal success
2025-4-1 18:00:50-debug: refresh db assets success
2025-4-1 18:00:50-debug: Run asset db hook engine-extends:afterRefresh ...
2025-4-1 18:00:50-debug: Run asset db hook engine-extends:afterRefresh success!
2025-4-1 18:00:50-debug: asset-db:refresh-all-database (61ms)
2025-4-1 18:00:50-debug: asset-db:worker-effect-data-processing (1ms)
2025-4-1 18:00:50-debug: asset-db-hook-engine-extends-afterRefresh (1ms)
2025-4-1 18:00:56-debug: refresh db internal success
2025-4-1 18:00:56-debug: refresh db assets success
2025-4-1 18:00:56-debug: Run asset db hook engine-extends:afterRefresh ...
2025-4-1 18:00:56-debug: Run asset db hook engine-extends:afterRefresh success!
2025-4-1 18:00:56-debug: asset-db:refresh-all-database (62ms)
2025-4-1 18:00:56-debug: asset-db:worker-effect-data-processing (1ms)
2025-4-1 18:00:56-debug: asset-db-hook-engine-extends-afterRefresh (2ms)
2025-4-1 20:25:46-debug: refresh db internal success
2025-4-1 20:25:46-debug: refresh db assets success
2025-4-1 20:25:46-debug: Run asset db hook engine-extends:afterRefresh ...
2025-4-1 20:25:46-debug: Run asset db hook engine-extends:afterRefresh success!
2025-4-1 20:25:46-debug: asset-db:refresh-all-database (116ms)
2025-4-1 20:25:46-debug: asset-db:worker-effect-data-processing (2ms)
2025-4-1 20:25:46-debug: asset-db-hook-engine-extends-afterRefresh (2ms)
