2025-4-6 12:36:48-debug: start **** info
2025-4-6 12:36:48-log: Cannot access game frame or container.
2025-4-6 12:36:49-debug: asset-db:require-engine-code (1181ms)
2025-4-6 12:36:49-log: [bullet]:bullet wasm lib loaded.
2025-4-6 12:36:49-log: [box2d]:box2d wasm lib loaded.
2025-4-6 12:36:49-log: meshopt wasm decoder initialized
2025-4-6 12:36:49-log: Cocos Creator v3.8.5
2025-4-6 12:36:49-log: Forward render pipeline initialized.
2025-4-6 12:36:49-log: Using legacy pipeline
2025-4-6 12:36:49-debug: [Assets Memory track]: asset-db:worker-init: initEngine start:30.69MB, end 79.36MB, increase: 48.66MB
2025-4-6 12:36:50-debug: [Assets Memory track]: asset-db-plugin-register: programming start:80.23MB, end 83.65MB, increase: 3.42MB
2025-4-6 12:36:51-debug: [Assets Memory track]: asset-db-plugin-register: engine-extends start:148.19MB, end 151.43MB, increase: 3.25MB
2025-4-6 12:36:51-debug: [Assets Memory track]: asset-db-plugin-register: builder start:83.67MB, end 147.94MB, increase: 64.27MB
2025-4-6 12:36:51-debug: [Assets Memory track]: asset-db-plugin-register: project start:80.08MB, end 151.50MB, increase: 71.42MB
2025-4-6 12:36:51-debug: [Assets Memory track]: asset-db:worker-init: initPlugin start:79.38MB, end 151.53MB, increase: 72.15MB
2025-4-6 12:36:51-debug: asset-db:worker-init: initPlugin (1173ms)
2025-4-6 12:36:51-debug: Run asset db hook programming:beforePreStart ...
2025-4-6 12:36:51-debug: [Assets Memory track]: asset-db:worker-init start:30.68MB, end 151.64MB, increase: 120.95MB
2025-4-6 12:36:51-debug: Run asset db hook engine-extends:beforePreStart ...
2025-4-6 12:36:51-debug: Run asset db hook engine-extends:beforePreStart success!
2025-4-6 12:36:51-debug: Run asset db hook programming:beforePreStart success!
2025-4-6 12:36:52-debug: asset-db-hook-programming-beforePreStart (1846ms)
2025-4-6 12:36:52-debug: asset-db:worker-init (4576ms)
2025-4-6 12:36:52-debug: asset-db-hook-engine-extends-beforePreStart (1845ms)
2025-4-6 12:36:53-debug: Preimport db internal success
2025-4-6 12:36:54-debug: Preimport db assets success
2025-4-6 12:36:54-debug: Run asset db hook programming:afterPreStart ...
2025-4-6 12:36:54-debug: starting packer-driver...
2025-4-6 12:36:54-debug: initialize scripting environment...
2025-4-6 12:36:54-debug: [[Executor]] prepare before lock
2025-4-6 12:36:54-debug: Set detail map pack:///resolution-detail-map.json: {}
2025-4-6 12:36:54-debug: [[Executor]] prepare after unlock
2025-4-6 12:36:54-debug: Run asset db hook programming:afterPreStart success!
2025-4-6 12:36:54-debug: [Assets Memory track]: asset-db:worker-init: preStart start:151.65MB, end 152.66MB, increase: 1.00MB
2025-4-6 12:36:54-debug: Run asset db hook engine-extends:afterPreStart ...
2025-4-6 12:36:54-debug: Start up the 'internal' database...
2025-4-6 12:36:54-debug: Run asset db hook engine-extends:afterPreStart success!
2025-4-6 12:36:56-debug: asset-db-hook-programming-afterPreStart (2050ms)
2025-4-6 12:36:56-debug: asset-db-hook-engine-extends-afterPreStart (1380ms)
2025-4-6 12:36:56-debug: asset-db:worker-effect-data-processing (1380ms)
2025-4-6 12:36:56-debug: [Assets Memory track]: asset-db:worker-startup-database[internal] start:151.73MB, end 158.26MB, increase: 6.52MB
2025-4-6 12:36:56-debug: Start up the 'assets' database...
2025-4-6 12:36:56-debug: asset-db:worker-startup-database[internal] (5613ms)
2025-4-6 12:36:56-debug: [Assets Memory track]: asset-db:worker-startup-database[assets] start:151.12MB, end 160.56MB, increase: 9.44MB
2025-4-6 12:36:56-debug: lazy register asset handler *
2025-4-6 12:36:56-debug: [Assets Memory track]: asset-db:worker-init: startup start:152.67MB, end 160.57MB, increase: 7.91MB
2025-4-6 12:36:56-debug: lazy register asset handler json
2025-4-6 12:36:56-debug: lazy register asset handler spine-data
2025-4-6 12:36:56-debug: lazy register asset handler dragonbones
2025-4-6 12:36:56-debug: lazy register asset handler dragonbones-atlas
2025-4-6 12:36:56-debug: lazy register asset handler text
2025-4-6 12:36:56-debug: lazy register asset handler directory
2025-4-6 12:36:56-debug: lazy register asset handler javascript
2025-4-6 12:36:56-debug: lazy register asset handler terrain
2025-4-6 12:36:56-debug: lazy register asset handler typescript
2025-4-6 12:36:56-debug: lazy register asset handler prefab
2025-4-6 12:36:56-debug: lazy register asset handler sprite-frame
2025-4-6 12:36:56-debug: lazy register asset handler scene
2025-4-6 12:36:56-debug: lazy register asset handler tiled-map
2025-4-6 12:36:56-debug: lazy register asset handler image
2025-4-6 12:36:56-debug: lazy register asset handler sign-image
2025-4-6 12:36:56-debug: lazy register asset handler alpha-image
2025-4-6 12:36:56-debug: lazy register asset handler texture
2025-4-6 12:36:56-debug: lazy register asset handler texture-cube
2025-4-6 12:36:56-debug: lazy register asset handler texture-cube-face
2025-4-6 12:36:56-debug: lazy register asset handler buffer
2025-4-6 12:36:56-debug: lazy register asset handler erp-texture-cube
2025-4-6 12:36:56-debug: lazy register asset handler render-texture
2025-4-6 12:36:56-debug: lazy register asset handler gltf-mesh
2025-4-6 12:36:56-debug: lazy register asset handler rt-sprite-frame
2025-4-6 12:36:56-debug: lazy register asset handler gltf-animation
2025-4-6 12:36:56-debug: lazy register asset handler gltf-skeleton
2025-4-6 12:36:56-debug: lazy register asset handler gltf
2025-4-6 12:36:56-debug: lazy register asset handler gltf-material
2025-4-6 12:36:56-debug: lazy register asset handler gltf-embeded-image
2025-4-6 12:36:56-debug: lazy register asset handler material
2025-4-6 12:36:56-debug: lazy register asset handler gltf-scene
2025-4-6 12:36:56-debug: lazy register asset handler physics-material
2025-4-6 12:36:56-debug: lazy register asset handler effect
2025-4-6 12:36:56-debug: lazy register asset handler effect-header
2025-4-6 12:36:56-debug: lazy register asset handler audio-clip
2025-4-6 12:36:56-debug: lazy register asset handler animation-clip
2025-4-6 12:36:56-debug: lazy register asset handler animation-graph-variant
2025-4-6 12:36:56-debug: lazy register asset handler animation-graph
2025-4-6 12:36:56-debug: lazy register asset handler animation-mask
2025-4-6 12:36:56-debug: lazy register asset handler ttf-font
2025-4-6 12:36:56-debug: lazy register asset handler bitmap-font
2025-4-6 12:36:56-debug: lazy register asset handler sprite-atlas
2025-4-6 12:36:56-debug: lazy register asset handler fbx
2025-4-6 12:36:56-debug: lazy register asset handler auto-atlas
2025-4-6 12:36:56-debug: lazy register asset handler label-atlas
2025-4-6 12:36:56-debug: lazy register asset handler render-pipeline
2025-4-6 12:36:56-debug: lazy register asset handler render-stage
2025-4-6 12:36:56-debug: lazy register asset handler instantiation-mesh
2025-4-6 12:36:56-debug: lazy register asset handler instantiation-skeleton
2025-4-6 12:36:56-debug: lazy register asset handler instantiation-animation
2025-4-6 12:36:56-debug: lazy register asset handler instantiation-material
2025-4-6 12:36:56-debug: lazy register asset handler render-flow
2025-4-6 12:36:56-debug: lazy register asset handler particle
2025-4-6 12:36:56-debug: lazy register asset handler video-clip
2025-4-6 12:36:56-debug: asset-db:worker-startup-database[assets] (2858ms)
2025-4-6 12:36:56-debug: asset-db:ready (12098ms)
2025-4-6 12:36:56-debug: asset-db:start-database (5711ms)
2025-4-6 12:36:56-debug: init worker message success
2025-4-6 12:36:57-debug: [Build Memory track]: builder:worker-init start:160.37MB, end 167.91MB, increase: 7.53MB
2025-4-6 12:36:57-debug: programming:execute-script (14ms)
2025-4-6 12:36:57-debug: builder:worker-init (785ms)
2025-4-6 12:42:45-debug: refresh db internal success
2025-4-6 12:42:45-debug: refresh db assets success
2025-4-6 12:42:45-debug: Run asset db hook engine-extends:afterRefresh ...
2025-4-6 12:42:45-debug: Run asset db hook engine-extends:afterRefresh success!
2025-4-6 12:42:45-debug: asset-db:refresh-all-database (69ms)
2025-4-6 12:42:45-debug: asset-db:worker-effect-data-processing (1ms)
2025-4-6 12:42:45-debug: asset-db-hook-engine-extends-afterRefresh (1ms)
