2025-4-29 10:47:07-debug: start **** info
2025-4-29 10:47:08-log: Cannot access game frame or container.
2025-4-29 10:47:08-debug: asset-db:require-engine-code (358ms)
2025-4-29 10:47:08-log: meshopt wasm decoder initialized
2025-4-29 10:47:08-log: [bullet]:bullet wasm lib loaded.
2025-4-29 10:47:08-log: [box2d]:box2d wasm lib loaded.
2025-4-29 10:47:08-log: Cocos Creator v3.8.5
2025-4-29 10:47:08-debug: [Assets Memory track]: asset-db-plugin-register: programming start:80.06MB, end 81.10MB, increase: 1.04MB
2025-4-29 10:47:09-debug: [Assets Memory track]: asset-db-plugin-register: builder start:81.13MB, end 207.25MB, increase: 126.12MB
2025-4-29 10:47:09-debug: [Assets Memory track]: asset-db-plugin-register: engine-extends start:207.45MB, end 210.23MB, increase: 2.78MB
2025-4-29 10:47:09-debug: [Assets Memory track]: asset-db-plugin-register: project start:79.94MB, end 210.30MB, increase: 130.36MB
2025-4-29 10:47:09-debug: [Assets Memory track]: asset-db:worker-init: initPlugin start:79.44MB, end 210.32MB, increase: 130.88MB
2025-4-29 10:47:08-debug: [Assets Memory track]: asset-db:worker-init: initEngine start:29.24MB, end 79.23MB, increase: 49.99MB
2025-4-29 10:47:08-log: Using legacy pipeline
2025-4-29 10:47:08-log: Forward render pipeline initialized.
2025-4-29 10:47:09-debug: run package(google-play) handler(enable) start
2025-4-29 10:47:09-debug: run package(google-play) handler(enable) success!
2025-4-29 10:47:09-debug: run package(harmonyos-next) handler(enable) start
2025-4-29 10:47:09-debug: run package(huawei-agc) handler(enable) start
2025-4-29 10:47:09-debug: run package(huawei-quick-game) handler(enable) success!
2025-4-29 10:47:09-debug: run package(ios) handler(enable) start
2025-4-29 10:47:09-debug: run package(ios) handler(enable) success!
2025-4-29 10:47:09-debug: run package(linux) handler(enable) start
2025-4-29 10:47:09-debug: run package(linux) handler(enable) success!
2025-4-29 10:47:09-debug: run package(mac) handler(enable) start
2025-4-29 10:47:09-debug: run package(mac) handler(enable) success!
2025-4-29 10:47:09-debug: run package(huawei-agc) handler(enable) success!
2025-4-29 10:47:09-debug: run package(huawei-quick-game) handler(enable) start
2025-4-29 10:47:09-debug: run package(native) handler(enable) start
2025-4-29 10:47:09-debug: run package(harmonyos-next) handler(enable) success!
2025-4-29 10:47:09-debug: run package(ohos) handler(enable) start
2025-4-29 10:47:09-debug: run package(ohos) handler(enable) success!
2025-4-29 10:47:09-debug: run package(oppo-mini-game) handler(enable) start
2025-4-29 10:47:09-debug: run package(oppo-mini-game) handler(enable) success!
2025-4-29 10:47:09-debug: run package(runtime-dev-tools) handler(enable) start
2025-4-29 10:47:09-debug: run package(runtime-dev-tools) handler(enable) success!
2025-4-29 10:47:09-debug: run package(taobao-mini-game) handler(enable) start
2025-4-29 10:47:09-debug: run package(taobao-mini-game) handler(enable) success!
2025-4-29 10:47:09-debug: run package(vivo-mini-game) handler(enable) start
2025-4-29 10:47:09-debug: run package(vivo-mini-game) handler(enable) success!
2025-4-29 10:47:09-debug: run package(web-desktop) handler(enable) start
2025-4-29 10:47:09-debug: run package(migu-mini-game) handler(enable) start
2025-4-29 10:47:09-debug: run package(web-mobile) handler(enable) start
2025-4-29 10:47:09-debug: run package(web-mobile) handler(enable) success!
2025-4-29 10:47:09-debug: run package(native) handler(enable) success!
2025-4-29 10:47:09-debug: run package(wechatgame) handler(enable) start
2025-4-29 10:47:09-debug: run package(wechatprogram) handler(enable) start
2025-4-29 10:47:09-debug: run package(wechatprogram) handler(enable) success!
2025-4-29 10:47:09-debug: run package(windows) handler(enable) start
2025-4-29 10:47:09-debug: run package(windows) handler(enable) success!
2025-4-29 10:47:09-debug: run package(wechatgame) handler(enable) success!
2025-4-29 10:47:09-debug: run package(xiaomi-quick-game) handler(enable) success!
2025-4-29 10:47:09-debug: run package(cocos-service) handler(enable) start
2025-4-29 10:47:09-debug: run package(xiaomi-quick-game) handler(enable) start
2025-4-29 10:47:09-debug: run package(im-plugin) handler(enable) start
2025-4-29 10:47:09-debug: run package(im-plugin) handler(enable) success!
2025-4-29 10:47:09-debug: run package(web-desktop) handler(enable) success!
2025-4-29 10:47:09-debug: run package(cocos-service) handler(enable) success!
2025-4-29 10:47:09-debug: run package(migu-mini-game) handler(enable) success!
2025-4-29 10:47:09-debug: run package(placeholder) handler(enable) start
2025-4-29 10:47:09-debug: run package(placeholder) handler(enable) success!
2025-4-29 10:47:09-debug: asset-db:worker-init: initPlugin (724ms)
2025-4-29 10:47:09-debug: [Assets Memory track]: asset-db:worker-init start:29.23MB, end 208.28MB, increase: 179.05MB
2025-4-29 10:47:09-debug: Run asset db hook engine-extends:beforePreStart success!
2025-4-29 10:47:09-debug: Run asset db hook programming:beforePreStart success!
2025-4-29 10:47:09-debug: Run asset db hook engine-extends:beforePreStart ...
2025-4-29 10:47:09-debug: Run asset db hook programming:beforePreStart ...
2025-4-29 10:47:09-debug: asset-db:worker-init (1166ms)
2025-4-29 10:47:09-debug: asset-db-hook-programming-beforePreStart (42ms)
2025-4-29 10:47:09-debug: asset-db-hook-engine-extends-beforePreStart (42ms)
2025-4-29 10:47:09-debug: Preimport db internal success
2025-4-29 10:47:09-debug: Preimport db assets success
2025-4-29 10:47:09-debug: starting packer-driver...
2025-4-29 10:47:09-debug: Run asset db hook programming:afterPreStart ...
2025-4-29 10:47:09-debug: initialize scripting environment...
2025-4-29 10:47:09-debug: [[Executor]] prepare before lock
2025-4-29 10:47:09-debug: Set detail map pack:///resolution-detail-map.json: {}
2025-4-29 10:47:09-debug: Run asset db hook programming:afterPreStart success!
2025-4-29 10:47:09-debug: [[Executor]] prepare after unlock
2025-4-29 10:47:09-debug: [Assets Memory track]: asset-db:worker-init: preStart start:208.29MB, end 212.96MB, increase: 4.67MB
2025-4-29 10:47:09-debug: Run asset db hook engine-extends:afterPreStart success!
2025-4-29 10:47:09-debug: Start up the 'internal' database...
2025-4-29 10:47:09-debug: Run asset db hook engine-extends:afterPreStart ...
2025-4-29 10:47:09-debug: asset-db-hook-programming-afterPreStart (227ms)
2025-4-29 10:47:09-debug: asset-db:worker-effect-data-processing (139ms)
2025-4-29 10:47:09-debug: asset-db-hook-engine-extends-afterPreStart (139ms)
2025-4-29 10:47:09-debug: Start up the 'assets' database...
2025-4-29 10:47:09-debug: [Assets Memory track]: asset-db:worker-startup-database[internal] start:208.36MB, end 227.83MB, increase: 19.47MB
2025-4-29 10:47:09-debug: asset-db:worker-startup-database[internal] (330ms)
2025-4-29 10:47:09-debug: [Assets Memory track]: asset-db:worker-init: startup start:212.97MB, end 225.51MB, increase: 12.54MB
2025-4-29 10:47:09-debug: [Assets Memory track]: asset-db:worker-startup-database[assets] start:212.26MB, end 225.50MB, increase: 13.23MB
2025-4-29 10:47:09-debug: lazy register asset handler *
2025-4-29 10:47:09-debug: lazy register asset handler directory
2025-4-29 10:47:09-debug: lazy register asset handler text
2025-4-29 10:47:09-debug: lazy register asset handler json
2025-4-29 10:47:09-debug: lazy register asset handler spine-data
2025-4-29 10:47:09-debug: lazy register asset handler dragonbones
2025-4-29 10:47:09-debug: lazy register asset handler dragonbones-atlas
2025-4-29 10:47:09-debug: lazy register asset handler terrain
2025-4-29 10:47:09-debug: lazy register asset handler javascript
2025-4-29 10:47:09-debug: lazy register asset handler typescript
2025-4-29 10:47:09-debug: lazy register asset handler scene
2025-4-29 10:47:09-debug: lazy register asset handler prefab
2025-4-29 10:47:09-debug: lazy register asset handler sprite-frame
2025-4-29 10:47:09-debug: lazy register asset handler tiled-map
2025-4-29 10:47:09-debug: lazy register asset handler buffer
2025-4-29 10:47:09-debug: lazy register asset handler image
2025-4-29 10:47:09-debug: lazy register asset handler alpha-image
2025-4-29 10:47:09-debug: lazy register asset handler texture
2025-4-29 10:47:09-debug: lazy register asset handler erp-texture-cube
2025-4-29 10:47:09-debug: lazy register asset handler texture-cube-face
2025-4-29 10:47:09-debug: lazy register asset handler sign-image
2025-4-29 10:47:09-debug: lazy register asset handler rt-sprite-frame
2025-4-29 10:47:09-debug: lazy register asset handler texture-cube
2025-4-29 10:47:09-debug: lazy register asset handler gltf-animation
2025-4-29 10:47:09-debug: lazy register asset handler gltf-skeleton
2025-4-29 10:47:09-debug: lazy register asset handler gltf-material
2025-4-29 10:47:09-debug: lazy register asset handler gltf-embeded-image
2025-4-29 10:47:09-debug: lazy register asset handler gltf-scene
2025-4-29 10:47:09-debug: lazy register asset handler gltf
2025-4-29 10:47:09-debug: lazy register asset handler material
2025-4-29 10:47:09-debug: lazy register asset handler physics-material
2025-4-29 10:47:09-debug: lazy register asset handler effect
2025-4-29 10:47:09-debug: lazy register asset handler effect-header
2025-4-29 10:47:09-debug: lazy register asset handler audio-clip
2025-4-29 10:47:09-debug: lazy register asset handler fbx
2025-4-29 10:47:09-debug: lazy register asset handler animation-graph
2025-4-29 10:47:09-debug: lazy register asset handler animation-graph-variant
2025-4-29 10:47:09-debug: lazy register asset handler animation-mask
2025-4-29 10:47:09-debug: lazy register asset handler ttf-font
2025-4-29 10:47:09-debug: lazy register asset handler bitmap-font
2025-4-29 10:47:09-debug: lazy register asset handler particle
2025-4-29 10:47:09-debug: lazy register asset handler sprite-atlas
2025-4-29 10:47:09-debug: lazy register asset handler auto-atlas
2025-4-29 10:47:09-debug: lazy register asset handler label-atlas
2025-4-29 10:47:09-debug: lazy register asset handler render-pipeline
2025-4-29 10:47:09-debug: lazy register asset handler render-stage
2025-4-29 10:47:09-debug: lazy register asset handler render-flow
2025-4-29 10:47:09-debug: lazy register asset handler instantiation-material
2025-4-29 10:47:09-debug: lazy register asset handler instantiation-mesh
2025-4-29 10:47:09-debug: lazy register asset handler instantiation-skeleton
2025-4-29 10:47:09-debug: lazy register asset handler instantiation-animation
2025-4-29 10:47:09-debug: lazy register asset handler video-clip
2025-4-29 10:47:09-debug: lazy register asset handler gltf-mesh
2025-4-29 10:47:09-debug: lazy register asset handler render-texture
2025-4-29 10:47:09-debug: lazy register asset handler animation-clip
2025-4-29 10:47:09-debug: asset-db:worker-startup-database[assets] (300ms)
2025-4-29 10:47:09-debug: asset-db:ready (2541ms)
2025-4-29 10:47:09-debug: asset-db:start-database (360ms)
2025-4-29 10:47:09-debug: init worker message success
2025-4-29 10:47:09-debug: programming:execute-script (1ms)
2025-4-29 10:47:09-debug: [Build Memory track]: builder:worker-init start:229.48MB, end 238.27MB, increase: 8.78MB
2025-4-29 10:47:09-debug: builder:worker-init (172ms)
2025-4-29 10:47:16-debug: Query all assets info in project
2025-4-29 10:47:16-debug: init custom config: keepNodeUuid: false, useCache: true
2025-4-29 10:47:16-debug: Query asset bundle start, progress: 0%
2025-4-29 10:47:16-debug: // ---- build task Query asset bundle ----
2025-4-29 10:47:16-debug: Query preload assets/scripts from cc.config.json: 60f7195c-ec2a-45eb-ba94-8955f60e81d0,1c02ae6f-4492-4915-b8f8-7492a3b1e4cd,810e96e4-e456-4468-9b59-f4e8f39732c0,efe8e2a3-eace-427b-b4f1-cb8a937ec77d,e9aa9a3e-5b2b-4ac7-a2c7-073de2b2b24f,8bbdbcdd-5cd4-4100-b6d5-b7c9625b6107,50f4348b-c883-4e2f-8f11-ce233b859fa1,fda095cb-831d-4601-ad94-846013963de8,f92806d7-1768-443f-afe8-12bcde84d0f0,dd3a144d-ab7f-41f0-82b8-2e43a090d496,f0416e68-0200-4b77-a926-4f9d16e494da,970b0598-bcb0-4714-91fb-2e81440dccd8,bcd64cc6-2dd9-43f6-abbe-66318d332032,d930590d-bb92-4cc8-8bd1-23cd027f9edf,a3cd009f-0ab0-420d-9278-b9fdab939bbc,6a2d0734-bd9e-4ddf-946e-caa52498cb75,c27215d8-6835-4b68-bfbb-bdeac6100c04,b5d6115f-0370-4d7c-aad3-c194cc71cf98,871c3b6c-7379-419d-bda3-794b239ab90d,ff9b0199-ce04-4cfe-86cc-6c719f08d6e4,de1c2107-70c8-4021-8459-6399f24d01c6,cbf30902-517f-40dc-af90-a550bac27cf1
2025-4-29 10:47:16-debug:   Number of all scenes: 1
2025-4-29 10:47:16-debug:   Number of all scripts: 9
2025-4-29 10:47:16-debug:   Number of other assets: 532
2025-4-29 10:47:16-debug: // ---- build task Query asset bundle ---- (4ms)
2025-4-29 10:47:16-debug: run build task Query asset bundle success in 4 ms√, progress: 5%
2025-4-29 10:47:16-debug: Query asset bundle start, progress: 5%
2025-4-29 10:47:16-debug: [Build Memory track]: Query asset bundle start:240.69MB, end 242.16MB, increase: 1.47MB
2025-4-29 10:47:16-debug: // ---- build task Query asset bundle ----
2025-4-29 10:47:16-debug: run build task Query asset bundle success in 1 ms√, progress: 10%
2025-4-29 10:47:16-debug: // ---- build task Query asset bundle ---- (1ms)
2025-4-29 10:47:16-debug: Sort some build options to settings.json start, progress: 10%
2025-4-29 10:47:16-debug: [Build Memory track]: Query asset bundle start:242.19MB, end 242.31MB, increase: 130.78KB
2025-4-29 10:47:16-debug: // ---- build task Sort some build options to settings.json ----
2025-4-29 10:47:16-debug: [Build Memory track]: Sort some build options to settings.json start:242.35MB, end 242.36MB, increase: 18.13KB
2025-4-29 10:47:16-debug: run build task Sort some build options to settings.json success in √, progress: 12%
2025-4-29 10:47:16-debug: // ---- build task Fill script data to settings ----
2025-4-29 10:47:16-debug: Fill script data to settings start, progress: 12%
2025-4-29 10:47:16-debug: run build task Fill script data to settings success in √, progress: 13%
2025-4-29 10:47:16-debug: [Build Memory track]: Fill script data to settings start:242.39MB, end 242.43MB, increase: 32.40KB
2025-4-29 10:47:16-debug: Sort some build options to settings.json start, progress: 13%
2025-4-29 10:47:16-debug: // ---- build task Sort some build options to settings.json ----
2025-4-29 10:47:16-debug: run build task Sort some build options to settings.json success in 1 ms√, progress: 15%
2025-4-29 10:47:16-debug: // ---- build task Sort some build options to settings.json ---- (1ms)
2025-4-29 10:47:16-debug: [Build Memory track]: Sort some build options to settings.json start:242.46MB, end 242.60MB, increase: 144.41KB
2025-4-29 10:47:42-debug: refresh db internal success
2025-4-29 10:47:42-debug: refresh db assets success
2025-4-29 10:47:42-debug: Run asset db hook engine-extends:afterRefresh ...
2025-4-29 10:47:42-debug: Run asset db hook engine-extends:afterRefresh success!
2025-4-29 10:47:42-debug: asset-db:refresh-all-database (39ms)
2025-4-29 10:47:42-debug: asset-db:worker-effect-data-processing (1ms)
2025-4-29 10:47:42-debug: asset-db-hook-engine-extends-afterRefresh (1ms)
2025-4-29 10:47:48-warn: Please set the application in {preferences} -> {program} -> {scriptEditor} to better open the script
2025-4-29 10:48:07-debug: refresh db internal success
2025-4-29 10:48:07-debug: refresh db assets success
2025-4-29 10:48:07-debug: Run asset db hook engine-extends:afterRefresh ...
2025-4-29 10:48:07-debug: Run asset db hook engine-extends:afterRefresh success!
2025-4-29 10:48:07-debug: asset-db:refresh-all-database (36ms)
2025-4-29 10:48:07-debug: asset-db:worker-effect-data-processing (1ms)
2025-4-29 10:48:07-debug: asset-db-hook-engine-extends-afterRefresh (1ms)
2025-4-29 10:50:25-debug: refresh db internal success
2025-4-29 10:50:25-debug: refresh db assets success
2025-4-29 10:50:25-debug: Run asset db hook engine-extends:afterRefresh ...
2025-4-29 10:50:25-debug: Run asset db hook engine-extends:afterRefresh success!
2025-4-29 10:50:25-debug: asset-db:refresh-all-database (31ms)
2025-4-29 10:50:25-debug: asset-db:worker-effect-data-processing (1ms)
2025-4-29 10:50:25-debug: asset-db-hook-engine-extends-afterRefresh (1ms)
2025-4-29 11:25:41-debug: refresh db internal success
2025-4-29 11:25:41-debug: refresh db assets success
2025-4-29 11:25:41-debug: Run asset db hook engine-extends:afterRefresh ...
2025-4-29 11:25:41-debug: Run asset db hook engine-extends:afterRefresh success!
2025-4-29 11:25:41-debug: asset-db:refresh-all-database (28ms)
2025-4-29 11:26:49-warn: Please set the application in {preferences} -> {program} -> {scriptEditor} to better open the script
2025-4-29 11:28:19-debug: refresh db internal success
2025-4-29 11:28:19-debug: refresh db assets success
2025-4-29 11:28:19-debug: Run asset db hook engine-extends:afterRefresh ...
2025-4-29 11:28:19-debug: Run asset db hook engine-extends:afterRefresh success!
2025-4-29 11:28:19-debug: asset-db:refresh-all-database (31ms)
2025-4-29 11:28:19-debug: asset-db:worker-effect-data-processing (1ms)
2025-4-29 11:28:19-debug: asset-db-hook-engine-extends-afterRefresh (1ms)
2025-4-29 11:28:20-warn: Please set the application in {preferences} -> {program} -> {scriptEditor} to better open the script
2025-4-29 11:31:23-debug: refresh db internal success
2025-4-29 11:31:23-debug: %cImport%c: /Users/yc/Documents/MahjongDenfense/assets/scripts/MahjongTile.tsbackground: #aaff85; color: #000;color: #000;
2025-4-29 11:31:23-debug: refresh db assets success
2025-4-29 11:31:23-debug: Run asset db hook engine-extends:afterRefresh ...
2025-4-29 11:31:23-debug: Run asset db hook engine-extends:afterRefresh success!
2025-4-29 11:31:23-debug: asset-db:refresh-all-database (35ms)
2025-4-29 11:31:23-debug: asset-db-hook-engine-extends-afterRefresh (1ms)
2025-4-29 11:31:25-debug: Query all assets info in project
2025-4-29 11:31:25-debug: init custom config: keepNodeUuid: false, useCache: true
2025-4-29 11:31:25-debug: Query asset bundle start, progress: 0%
2025-4-29 11:31:25-debug: // ---- build task Query asset bundle ----
2025-4-29 11:31:25-debug: Query preload assets/scripts from cc.config.json: 60f7195c-ec2a-45eb-ba94-8955f60e81d0,1c02ae6f-4492-4915-b8f8-7492a3b1e4cd,810e96e4-e456-4468-9b59-f4e8f39732c0,efe8e2a3-eace-427b-b4f1-cb8a937ec77d,e9aa9a3e-5b2b-4ac7-a2c7-073de2b2b24f,8bbdbcdd-5cd4-4100-b6d5-b7c9625b6107,50f4348b-c883-4e2f-8f11-ce233b859fa1,fda095cb-831d-4601-ad94-846013963de8,f92806d7-1768-443f-afe8-12bcde84d0f0,dd3a144d-ab7f-41f0-82b8-2e43a090d496,f0416e68-0200-4b77-a926-4f9d16e494da,970b0598-bcb0-4714-91fb-2e81440dccd8,bcd64cc6-2dd9-43f6-abbe-66318d332032,d930590d-bb92-4cc8-8bd1-23cd027f9edf,a3cd009f-0ab0-420d-9278-b9fdab939bbc,6a2d0734-bd9e-4ddf-946e-caa52498cb75,c27215d8-6835-4b68-bfbb-bdeac6100c04,b5d6115f-0370-4d7c-aad3-c194cc71cf98,871c3b6c-7379-419d-bda3-794b239ab90d,ff9b0199-ce04-4cfe-86cc-6c719f08d6e4,de1c2107-70c8-4021-8459-6399f24d01c6,cbf30902-517f-40dc-af90-a550bac27cf1
2025-4-29 11:31:25-debug:   Number of other assets: 532
2025-4-29 11:31:25-debug:   Number of all scripts: 9
2025-4-29 11:31:25-debug:   Number of all scenes: 1
2025-4-29 11:31:25-debug: // ---- build task Query asset bundle ---- (5ms)
2025-4-29 11:31:25-debug: run build task Query asset bundle success in 5 ms√, progress: 5%
2025-4-29 11:31:25-debug: [Build Memory track]: Query asset bundle start:172.37MB, end 172.64MB, increase: 269.41KB
2025-4-29 11:31:25-debug: Query asset bundle start, progress: 5%
2025-4-29 11:31:25-debug: // ---- build task Query asset bundle ----
2025-4-29 11:31:25-debug: run build task Query asset bundle success in √, progress: 10%
2025-4-29 11:31:25-debug: [Build Memory track]: Query asset bundle start:172.67MB, end 172.77MB, increase: 109.32KB
2025-4-29 11:31:25-debug: Sort some build options to settings.json start, progress: 10%
2025-4-29 11:31:25-debug: // ---- build task Sort some build options to settings.json ----
2025-4-29 11:31:25-debug: // ---- build task Sort some build options to settings.json ---- (1ms)
2025-4-29 11:31:25-debug: // ---- build task Fill script data to settings ----
2025-4-29 11:31:25-debug: [Build Memory track]: Sort some build options to settings.json start:173.34MB, end 172.84MB, increase: -517.87KB
2025-4-29 11:31:25-debug: Fill script data to settings start, progress: 12%
2025-4-29 11:31:25-debug: run build task Sort some build options to settings.json success in 1 ms√, progress: 12%
2025-4-29 11:31:25-debug: run build task Fill script data to settings success in √, progress: 13%
2025-4-29 11:31:25-debug: [Build Memory track]: Fill script data to settings start:172.87MB, end 173.42MB, increase: 564.09KB
2025-4-29 11:31:25-debug: // ---- build task Sort some build options to settings.json ----
2025-4-29 11:31:25-debug: Sort some build options to settings.json start, progress: 13%
2025-4-29 11:31:25-debug: // ---- build task Sort some build options to settings.json ---- (1ms)
2025-4-29 11:31:25-debug: run build task Sort some build options to settings.json success in 1 ms√, progress: 15%
2025-4-29 11:31:25-debug: [Build Memory track]: Sort some build options to settings.json start:172.92MB, end 173.05MB, increase: 134.13KB
2025-4-29 11:32:13-debug: refresh db internal success
2025-4-29 11:32:13-debug: refresh db assets success
2025-4-29 11:32:13-debug: Run asset db hook engine-extends:afterRefresh ...
2025-4-29 11:32:13-debug: Run asset db hook engine-extends:afterRefresh success!
2025-4-29 11:32:13-debug: asset-db:refresh-all-database (36ms)
2025-4-29 11:32:13-debug: asset-db:worker-effect-data-processing (1ms)
2025-4-29 11:32:13-debug: asset-db-hook-engine-extends-afterRefresh (1ms)
2025-4-29 11:36:22-debug: refresh db internal success
2025-4-29 11:36:22-debug: refresh db assets success
2025-4-29 11:36:22-debug: Run asset db hook engine-extends:afterRefresh ...
2025-4-29 11:36:22-debug: Run asset db hook engine-extends:afterRefresh success!
2025-4-29 11:36:22-debug: asset-db:refresh-all-database (34ms)
2025-4-29 11:36:22-debug: asset-db:worker-effect-data-processing (1ms)
2025-4-29 11:36:22-debug: asset-db-hook-engine-extends-afterRefresh (1ms)
2025-4-29 11:37:08-debug: refresh db internal success
2025-4-29 11:37:08-debug: %cImport%c: /Users/yc/Documents/MahjongDenfense/assets/scripts/MahjongTile.tsbackground: #aaff85; color: #000;color: #000;
2025-4-29 11:37:08-debug: refresh db assets success
2025-4-29 11:37:08-debug: Run asset db hook engine-extends:afterRefresh ...
2025-4-29 11:37:08-debug: Run asset db hook engine-extends:afterRefresh success!
2025-4-29 11:37:08-debug: asset-db:refresh-all-database (34ms)
2025-4-29 11:37:08-debug: asset-db-hook-engine-extends-afterRefresh (1ms)
2025-4-29 11:37:09-debug: Query all assets info in project
2025-4-29 11:37:09-debug: init custom config: keepNodeUuid: false, useCache: true
2025-4-29 11:37:09-debug: Query asset bundle start, progress: 0%
2025-4-29 11:37:09-debug: // ---- build task Query asset bundle ----
2025-4-29 11:37:09-debug: Query preload assets/scripts from cc.config.json: 60f7195c-ec2a-45eb-ba94-8955f60e81d0,1c02ae6f-4492-4915-b8f8-7492a3b1e4cd,810e96e4-e456-4468-9b59-f4e8f39732c0,efe8e2a3-eace-427b-b4f1-cb8a937ec77d,e9aa9a3e-5b2b-4ac7-a2c7-073de2b2b24f,8bbdbcdd-5cd4-4100-b6d5-b7c9625b6107,50f4348b-c883-4e2f-8f11-ce233b859fa1,fda095cb-831d-4601-ad94-846013963de8,f92806d7-1768-443f-afe8-12bcde84d0f0,dd3a144d-ab7f-41f0-82b8-2e43a090d496,f0416e68-0200-4b77-a926-4f9d16e494da,970b0598-bcb0-4714-91fb-2e81440dccd8,bcd64cc6-2dd9-43f6-abbe-66318d332032,d930590d-bb92-4cc8-8bd1-23cd027f9edf,a3cd009f-0ab0-420d-9278-b9fdab939bbc,6a2d0734-bd9e-4ddf-946e-caa52498cb75,c27215d8-6835-4b68-bfbb-bdeac6100c04,b5d6115f-0370-4d7c-aad3-c194cc71cf98,871c3b6c-7379-419d-bda3-794b239ab90d,ff9b0199-ce04-4cfe-86cc-6c719f08d6e4,de1c2107-70c8-4021-8459-6399f24d01c6,cbf30902-517f-40dc-af90-a550bac27cf1
2025-4-29 11:37:09-debug:   Number of all scenes: 1
2025-4-29 11:37:09-debug:   Number of all scripts: 9
2025-4-29 11:37:09-debug:   Number of other assets: 532
2025-4-29 11:37:09-debug: // ---- build task Query asset bundle ---- (8ms)
2025-4-29 11:37:09-debug: // ---- build task Query asset bundle ----
2025-4-29 11:37:09-debug: [Build Memory track]: Query asset bundle start:174.41MB, end 174.65MB, increase: 243.23KB
2025-4-29 11:37:09-debug: Query asset bundle start, progress: 5%
2025-4-29 11:37:09-debug: run build task Query asset bundle success in 8 ms√, progress: 5%
2025-4-29 11:37:09-debug: // ---- build task Query asset bundle ---- (1ms)
2025-4-29 11:37:09-debug: // ---- build task Sort some build options to settings.json ----
2025-4-29 11:37:09-debug: [Build Memory track]: Query asset bundle start:174.68MB, end 174.82MB, increase: 137.79KB
2025-4-29 11:37:09-debug: Sort some build options to settings.json start, progress: 10%
2025-4-29 11:37:09-debug: run build task Query asset bundle success in 1 ms√, progress: 10%
2025-4-29 11:37:09-debug: // ---- build task Sort some build options to settings.json ---- (1ms)
2025-4-29 11:37:09-debug: Fill script data to settings start, progress: 12%
2025-4-29 11:37:09-debug: [Build Memory track]: Sort some build options to settings.json start:174.84MB, end 174.87MB, increase: 28.57KB
2025-4-29 11:37:09-debug: // ---- build task Fill script data to settings ----
2025-4-29 11:37:09-debug: run build task Sort some build options to settings.json success in 1 ms√, progress: 12%
2025-4-29 11:37:09-debug: run build task Fill script data to settings success in √, progress: 13%
2025-4-29 11:37:09-debug: [Build Memory track]: Fill script data to settings start:174.91MB, end 174.92MB, increase: 18.42KB
2025-4-29 11:37:09-debug: Sort some build options to settings.json start, progress: 13%
2025-4-29 11:37:09-debug: // ---- build task Sort some build options to settings.json ----
2025-4-29 11:37:09-debug: // ---- build task Sort some build options to settings.json ---- (2ms)
2025-4-29 11:37:09-debug: run build task Sort some build options to settings.json success in 2 ms√, progress: 15%
2025-4-29 11:37:09-debug: [Build Memory track]: Sort some build options to settings.json start:174.95MB, end 175.08MB, increase: 126.81KB
2025-4-29 11:38:22-debug: refresh db internal success
2025-4-29 11:38:22-debug: refresh db assets success
2025-4-29 11:38:22-debug: Run asset db hook engine-extends:afterRefresh ...
2025-4-29 11:38:22-debug: Run asset db hook engine-extends:afterRefresh success!
2025-4-29 11:38:22-debug: asset-db:refresh-all-database (35ms)
2025-4-29 11:38:22-debug: asset-db:worker-effect-data-processing (1ms)
2025-4-29 11:38:22-debug: asset-db-hook-engine-extends-afterRefresh (1ms)
2025-4-29 11:41:08-debug: refresh db internal success
2025-4-29 11:41:08-debug: refresh db assets success
2025-4-29 11:41:08-debug: Run asset db hook engine-extends:afterRefresh success!
2025-4-29 11:41:08-debug: Run asset db hook engine-extends:afterRefresh ...
2025-4-29 11:41:08-debug: asset-db:refresh-all-database (30ms)
2025-4-29 11:41:08-debug: asset-db-hook-engine-extends-afterRefresh (1ms)
2025-4-29 11:42:43-debug: refresh db internal success
2025-4-29 11:42:43-debug: %cImport%c: /Users/yc/Documents/MahjongDenfense/assets/scripts/MahjongTile.tsbackground: #aaff85; color: #000;color: #000;
2025-4-29 11:42:43-debug: Run asset db hook engine-extends:afterRefresh ...
2025-4-29 11:42:43-debug: refresh db assets success
2025-4-29 11:42:43-debug: Run asset db hook engine-extends:afterRefresh success!
2025-4-29 11:42:43-debug: asset-db:refresh-all-database (33ms)
2025-4-29 11:42:43-debug: asset-db:worker-effect-data-processing (1ms)
2025-4-29 11:42:43-debug: asset-db-hook-engine-extends-afterRefresh (1ms)
2025-4-29 11:42:43-debug: Query all assets info in project
2025-4-29 11:42:43-debug: init custom config: keepNodeUuid: false, useCache: true
2025-4-29 11:42:43-debug: Query asset bundle start, progress: 0%
2025-4-29 11:42:43-debug: // ---- build task Query asset bundle ----
2025-4-29 11:42:43-debug: Query preload assets/scripts from cc.config.json: 60f7195c-ec2a-45eb-ba94-8955f60e81d0,1c02ae6f-4492-4915-b8f8-7492a3b1e4cd,810e96e4-e456-4468-9b59-f4e8f39732c0,efe8e2a3-eace-427b-b4f1-cb8a937ec77d,e9aa9a3e-5b2b-4ac7-a2c7-073de2b2b24f,8bbdbcdd-5cd4-4100-b6d5-b7c9625b6107,50f4348b-c883-4e2f-8f11-ce233b859fa1,fda095cb-831d-4601-ad94-846013963de8,f92806d7-1768-443f-afe8-12bcde84d0f0,dd3a144d-ab7f-41f0-82b8-2e43a090d496,f0416e68-0200-4b77-a926-4f9d16e494da,970b0598-bcb0-4714-91fb-2e81440dccd8,bcd64cc6-2dd9-43f6-abbe-66318d332032,d930590d-bb92-4cc8-8bd1-23cd027f9edf,a3cd009f-0ab0-420d-9278-b9fdab939bbc,6a2d0734-bd9e-4ddf-946e-caa52498cb75,c27215d8-6835-4b68-bfbb-bdeac6100c04,b5d6115f-0370-4d7c-aad3-c194cc71cf98,871c3b6c-7379-419d-bda3-794b239ab90d,ff9b0199-ce04-4cfe-86cc-6c719f08d6e4,de1c2107-70c8-4021-8459-6399f24d01c6,cbf30902-517f-40dc-af90-a550bac27cf1
2025-4-29 11:42:43-debug:   Number of all scenes: 1
2025-4-29 11:42:43-debug:   Number of other assets: 532
2025-4-29 11:42:43-debug:   Number of all scripts: 9
2025-4-29 11:42:43-debug: // ---- build task Query asset bundle ---- (8ms)
2025-4-29 11:42:43-debug: run build task Query asset bundle success in 8 ms√, progress: 5%
2025-4-29 11:42:43-debug: [Build Memory track]: Query asset bundle start:176.06MB, end 176.29MB, increase: 231.68KB
2025-4-29 11:42:43-debug: Query asset bundle start, progress: 5%
2025-4-29 11:42:43-debug: // ---- build task Query asset bundle ----
2025-4-29 11:42:43-debug: // ---- build task Query asset bundle ---- (1ms)
2025-4-29 11:42:43-debug: // ---- build task Sort some build options to settings.json ----
2025-4-29 11:42:43-debug: [Build Memory track]: Query asset bundle start:176.31MB, end 176.43MB, increase: 116.24KB
2025-4-29 11:42:43-debug: Sort some build options to settings.json start, progress: 10%
2025-4-29 11:42:43-debug: run build task Query asset bundle success in 1 ms√, progress: 10%
2025-4-29 11:42:43-debug: // ---- build task Sort some build options to settings.json ---- (1ms)
2025-4-29 11:42:43-debug: run build task Sort some build options to settings.json success in 1 ms√, progress: 12%
2025-4-29 11:42:43-debug: Fill script data to settings start, progress: 12%
2025-4-29 11:42:43-debug: [Build Memory track]: Sort some build options to settings.json start:176.46MB, end 176.49MB, increase: 35.11KB
2025-4-29 11:42:43-debug: // ---- build task Fill script data to settings ----
2025-4-29 11:42:43-debug: run build task Fill script data to settings success in √, progress: 13%
2025-4-29 11:42:43-debug: [Build Memory track]: Fill script data to settings start:176.52MB, end 176.54MB, increase: 19.19KB
2025-4-29 11:42:43-debug: Sort some build options to settings.json start, progress: 13%
2025-4-29 11:42:43-debug: // ---- build task Sort some build options to settings.json ----
2025-4-29 11:42:43-debug: // ---- build task Sort some build options to settings.json ---- (2ms)
2025-4-29 11:42:43-debug: run build task Sort some build options to settings.json success in 2 ms√, progress: 15%
2025-4-29 11:42:43-debug: [Build Memory track]: Sort some build options to settings.json start:176.57MB, end 176.70MB, increase: 129.27KB
