2025-4-23 12:52:39-debug: start **** info
2025-4-23 12:52:40-log: Cannot access game frame or container.
2025-4-23 12:52:41-debug: asset-db:require-engine-code (1289ms)
2025-4-23 12:52:41-log: meshopt wasm decoder initialized
2025-4-23 12:52:41-log: [bullet]:bullet wasm lib loaded.
2025-4-23 12:52:41-log: [box2d]:box2d wasm lib loaded.
2025-4-23 12:52:41-log: Cocos Creator v3.8.5
2025-4-23 12:52:41-log: Using legacy pipeline
2025-4-23 12:52:41-debug: [Assets Memory track]: asset-db-plugin-register: programming start:80.50MB, end 83.85MB, increase: 3.35MB
2025-4-23 12:52:41-debug: [Assets Memory track]: asset-db:worker-init: initEngine start:31.05MB, end 79.64MB, increase: 48.59MB
2025-4-23 12:52:42-debug: [Assets Memory track]: asset-db-plugin-register: builder start:83.88MB, end 195.54MB, increase: 111.66MB
2025-4-23 12:52:41-log: Forward render pipeline initialized.
2025-4-23 12:52:42-debug: [Assets Memory track]: asset-db-plugin-register: project start:80.35MB, end 199.02MB, increase: 118.66MB
2025-4-23 12:52:42-debug: [Assets Memory track]: asset-db-plugin-register: engine-extends start:195.78MB, end 198.94MB, increase: 3.16MB
2025-4-23 12:52:42-debug: [Assets Memory track]: asset-db:worker-init: initPlugin start:79.66MB, end 199.04MB, increase: 119.39MB
2025-4-23 12:52:42-debug: asset-db:worker-init: initPlugin (1170ms)
2025-4-23 12:52:42-debug: [Assets Memory track]: asset-db:worker-init start:31.04MB, end 199.14MB, increase: 168.11MB
2025-4-23 12:52:42-debug: Run asset db hook programming:beforePreStart ...
2025-4-23 12:52:42-debug: Run asset db hook programming:beforePreStart success!
2025-4-23 12:52:42-debug: Run asset db hook engine-extends:beforePreStart ...
2025-4-23 12:52:42-debug: Run asset db hook engine-extends:beforePreStart success!
2025-4-23 12:52:45-debug: asset-db:worker-init (5317ms)
2025-4-23 12:52:45-debug: asset-db-hook-programming-beforePreStart (2592ms)
2025-4-23 12:52:45-debug: asset-db-hook-engine-extends-beforePreStart (2592ms)
2025-4-23 12:52:46-debug: Preimport db internal success
2025-4-23 12:52:47-debug: Preimport db assets success
2025-4-23 12:52:47-debug: Run asset db hook programming:afterPreStart ...
2025-4-23 12:52:47-debug: starting packer-driver...
2025-4-23 12:52:47-debug: initialize scripting environment...
2025-4-23 12:52:47-debug: [[Executor]] prepare before lock
2025-4-23 12:52:47-debug: Set detail map pack:///resolution-detail-map.json: {}
2025-4-23 12:52:47-debug: [[Executor]] prepare after unlock
2025-4-23 12:52:47-debug: Run asset db hook programming:afterPreStart success!
2025-4-23 12:52:47-debug: Run asset db hook engine-extends:afterPreStart ...
2025-4-23 12:52:47-debug: Run asset db hook engine-extends:afterPreStart success!
2025-4-23 12:52:47-debug: Start up the 'internal' database...
2025-4-23 12:52:48-debug: asset-db-hook-programming-afterPreStart (1867ms)
2025-4-23 12:52:48-debug: asset-db:worker-effect-data-processing (1185ms)
2025-4-23 12:52:48-debug: asset-db-hook-engine-extends-afterPreStart (1185ms)
2025-4-23 12:52:48-debug: Start up the 'assets' database...
2025-4-23 12:52:49-debug: asset-db:worker-startup-database[internal] (6774ms)
2025-4-23 12:52:49-debug: [Assets Memory track]: asset-db:worker-init: startup start:143.31MB, end 161.59MB, increase: 18.28MB
2025-4-23 12:52:49-debug: lazy register asset handler directory
2025-4-23 12:52:49-debug: lazy register asset handler json
2025-4-23 12:52:49-debug: lazy register asset handler spine-data
2025-4-23 12:52:49-debug: lazy register asset handler text
2025-4-23 12:52:49-debug: lazy register asset handler dragonbones
2025-4-23 12:52:49-debug: lazy register asset handler terrain
2025-4-23 12:52:49-debug: lazy register asset handler dragonbones-atlas
2025-4-23 12:52:49-debug: lazy register asset handler typescript
2025-4-23 12:52:49-debug: lazy register asset handler javascript
2025-4-23 12:52:49-debug: lazy register asset handler *
2025-4-23 12:52:49-debug: lazy register asset handler scene
2025-4-23 12:52:49-debug: lazy register asset handler prefab
2025-4-23 12:52:49-debug: lazy register asset handler sprite-frame
2025-4-23 12:52:49-debug: lazy register asset handler tiled-map
2025-4-23 12:52:49-debug: lazy register asset handler image
2025-4-23 12:52:49-debug: lazy register asset handler buffer
2025-4-23 12:52:49-debug: lazy register asset handler alpha-image
2025-4-23 12:52:49-debug: lazy register asset handler sign-image
2025-4-23 12:52:49-debug: lazy register asset handler texture-cube
2025-4-23 12:52:49-debug: lazy register asset handler texture
2025-4-23 12:52:49-debug: lazy register asset handler erp-texture-cube
2025-4-23 12:52:49-debug: lazy register asset handler render-texture
2025-4-23 12:52:49-debug: lazy register asset handler texture-cube-face
2025-4-23 12:52:49-debug: lazy register asset handler gltf
2025-4-23 12:52:49-debug: lazy register asset handler gltf-animation
2025-4-23 12:52:49-debug: lazy register asset handler gltf-mesh
2025-4-23 12:52:49-debug: lazy register asset handler gltf-skeleton
2025-4-23 12:52:49-debug: lazy register asset handler gltf-material
2025-4-23 12:52:49-debug: lazy register asset handler gltf-scene
2025-4-23 12:52:49-debug: lazy register asset handler gltf-embeded-image
2025-4-23 12:52:49-debug: lazy register asset handler material
2025-4-23 12:52:49-debug: lazy register asset handler rt-sprite-frame
2025-4-23 12:52:49-debug: lazy register asset handler physics-material
2025-4-23 12:52:49-debug: lazy register asset handler fbx
2025-4-23 12:52:49-debug: lazy register asset handler effect
2025-4-23 12:52:49-debug: lazy register asset handler effect-header
2025-4-23 12:52:49-debug: lazy register asset handler animation-graph
2025-4-23 12:52:49-debug: lazy register asset handler animation-graph-variant
2025-4-23 12:52:49-debug: lazy register asset handler animation-clip
2025-4-23 12:52:49-debug: lazy register asset handler animation-mask
2025-4-23 12:52:49-debug: lazy register asset handler ttf-font
2025-4-23 12:52:49-debug: lazy register asset handler audio-clip
2025-4-23 12:52:49-debug: lazy register asset handler sprite-atlas
2025-4-23 12:52:49-debug: lazy register asset handler particle
2025-4-23 12:52:49-debug: lazy register asset handler bitmap-font
2025-4-23 12:52:49-debug: lazy register asset handler label-atlas
2025-4-23 12:52:49-debug: lazy register asset handler render-pipeline
2025-4-23 12:52:49-debug: lazy register asset handler auto-atlas
2025-4-23 12:52:49-debug: lazy register asset handler instantiation-material
2025-4-23 12:52:49-debug: lazy register asset handler render-stage
2025-4-23 12:52:49-debug: lazy register asset handler instantiation-animation
2025-4-23 12:52:49-debug: lazy register asset handler instantiation-mesh
2025-4-23 12:52:49-debug: lazy register asset handler instantiation-skeleton
2025-4-23 12:52:49-debug: lazy register asset handler video-clip
2025-4-23 12:52:49-debug: lazy register asset handler render-flow
2025-4-23 12:52:49-debug: asset-db:worker-startup-database[assets] (2611ms)
2025-4-23 12:52:49-debug: asset-db:start-database (6863ms)
2025-4-23 12:52:49-debug: asset-db:ready (12484ms)
2025-4-23 12:52:49-debug: init worker message success
2025-4-23 12:52:49-debug: programming:execute-script (1ms)
2025-4-23 12:52:49-debug: [Build Memory track]: builder:worker-init start:159.34MB, end 172.95MB, increase: 13.61MB
2025-4-23 12:52:49-debug: builder:worker-init (385ms)
2025-4-23 12:53:34-debug: refresh db internal success
2025-4-23 12:53:34-debug: refresh db assets success
2025-4-23 12:53:34-debug: Run asset db hook engine-extends:afterRefresh ...
2025-4-23 12:53:34-debug: Run asset db hook engine-extends:afterRefresh success!
2025-4-23 12:53:34-debug: asset-db:refresh-all-database (75ms)
2025-4-23 12:53:34-debug: asset-db-hook-engine-extends-afterRefresh (1ms)
2025-4-23 12:53:34-debug: asset-db:worker-effect-data-processing (1ms)
2025-4-23 12:53:44-debug: refresh db internal success
2025-4-23 12:53:45-debug: refresh db assets success
2025-4-23 12:53:45-debug: Run asset db hook engine-extends:afterRefresh ...
2025-4-23 12:53:45-debug: Run asset db hook engine-extends:afterRefresh success!
2025-4-23 12:53:45-debug: asset-db:refresh-all-database (77ms)
2025-4-23 12:53:45-debug: asset-db:worker-effect-data-processing (-1ms)
2025-4-23 12:53:47-debug: Query all assets info in project
2025-4-23 12:53:47-debug: init custom config: keepNodeUuid: false, useCache: true
2025-4-23 12:53:47-debug: 查询 Asset Bundle start, progress: 0%
2025-4-23 12:53:47-debug: // ---- build task 查询 Asset Bundle ----
2025-4-23 12:53:47-debug: Query preload assets/scripts from cc.config.json: 60f7195c-ec2a-45eb-ba94-8955f60e81d0,1c02ae6f-4492-4915-b8f8-7492a3b1e4cd,810e96e4-e456-4468-9b59-f4e8f39732c0,efe8e2a3-eace-427b-b4f1-cb8a937ec77d,e9aa9a3e-5b2b-4ac7-a2c7-073de2b2b24f,8bbdbcdd-5cd4-4100-b6d5-b7c9625b6107,50f4348b-c883-4e2f-8f11-ce233b859fa1,fda095cb-831d-4601-ad94-846013963de8,f92806d7-1768-443f-afe8-12bcde84d0f0,dd3a144d-ab7f-41f0-82b8-2e43a090d496,f0416e68-0200-4b77-a926-4f9d16e494da,970b0598-bcb0-4714-91fb-2e81440dccd8,bcd64cc6-2dd9-43f6-abbe-66318d332032,d930590d-bb92-4cc8-8bd1-23cd027f9edf,a3cd009f-0ab0-420d-9278-b9fdab939bbc,6a2d0734-bd9e-4ddf-946e-caa52498cb75,c27215d8-6835-4b68-bfbb-bdeac6100c04,b5d6115f-0370-4d7c-aad3-c194cc71cf98,871c3b6c-7379-419d-bda3-794b239ab90d,ff9b0199-ce04-4cfe-86cc-6c719f08d6e4,de1c2107-70c8-4021-8459-6399f24d01c6,cbf30902-517f-40dc-af90-a550bac27cf1
2025-4-23 12:53:47-debug:   Number of all scripts: 9
2025-4-23 12:53:47-debug:   Number of other assets: 532
2025-4-23 12:53:47-debug:   Number of all scenes: 1
2025-4-23 12:53:47-debug: // ---- build task 查询 Asset Bundle ---- (9ms)
2025-4-23 12:53:47-debug: run build task 查询 Asset Bundle success in 9 ms√, progress: 5%
2025-4-23 12:53:47-debug: [Build Memory track]: 查询 Asset Bundle start:168.74MB, end 169.17MB, increase: 446.72KB
2025-4-23 12:53:47-debug: 查询 Asset Bundle start, progress: 5%
2025-4-23 12:53:47-debug: // ---- build task 查询 Asset Bundle ----
2025-4-23 12:53:47-debug: run build task 查询 Asset Bundle success in √, progress: 10%
2025-4-23 12:53:47-debug: [Build Memory track]: 查询 Asset Bundle start:169.21MB, end 169.33MB, increase: 124.00KB
2025-4-23 12:53:47-debug: 整理部分构建选项内数据到 settings.json start, progress: 10%
2025-4-23 12:53:47-debug: // ---- build task 整理部分构建选项内数据到 settings.json ----
2025-4-23 12:53:47-debug: run build task 整理部分构建选项内数据到 settings.json success in -1 h -1 min -1 s√, progress: 12%
2025-4-23 12:53:47-debug: [Build Memory track]: 整理部分构建选项内数据到 settings.json start:169.37MB, end 169.40MB, increase: 31.11KB
2025-4-23 12:53:47-debug: // ---- build task 整理部分构建选项内数据到 settings.json ---- (-1ms)
2025-4-23 12:53:47-debug: 填充脚本数据到 settings.json start, progress: 12%
2025-4-23 12:53:47-debug: // ---- build task 填充脚本数据到 settings.json ----
2025-4-23 12:53:47-debug: // ---- build task 填充脚本数据到 settings.json ---- (-1ms)
2025-4-23 12:53:47-debug: run build task 填充脚本数据到 settings.json success in -1 h -1 min -1 s√, progress: 13%
2025-4-23 12:53:47-debug: 整理部分构建选项内数据到 settings.json start, progress: 13%
2025-4-23 12:53:47-debug: [Build Memory track]: 填充脚本数据到 settings.json start:169.43MB, end 168.73MB, increase: -721.61KB
2025-4-23 12:53:47-debug: // ---- build task 整理部分构建选项内数据到 settings.json ----
2025-4-23 12:53:47-debug: // ---- build task 整理部分构建选项内数据到 settings.json ---- (4ms)
2025-4-23 12:53:47-debug: run build task 整理部分构建选项内数据到 settings.json success in 4 ms√, progress: 15%
2025-4-23 12:53:47-debug: [Build Memory track]: 整理部分构建选项内数据到 settings.json start:168.77MB, end 168.92MB, increase: 145.57KB
2025-4-23 12:54:51-debug: refresh db internal success
2025-4-23 12:54:51-debug: refresh db assets success
2025-4-23 12:54:51-debug: Run asset db hook engine-extends:afterRefresh ...
2025-4-23 12:54:51-debug: Run asset db hook engine-extends:afterRefresh success!
2025-4-23 12:54:51-debug: asset-db:refresh-all-database (66ms)
2025-4-23 12:54:51-debug: asset-db-hook-engine-extends-afterRefresh (2ms)
2025-4-23 12:54:52-warn: 为更好地打开脚本，请在 {preferences} -> {program} -> {scriptEditor} 里配置打开脚本的应用程序
2025-4-23 15:20:48-debug: refresh db internal success
2025-4-23 15:20:48-debug: refresh db assets success
2025-4-23 15:20:48-debug: Run asset db hook engine-extends:afterRefresh success!
2025-4-23 15:20:48-debug: Run asset db hook engine-extends:afterRefresh ...
2025-4-23 15:20:48-debug: asset-db:worker-effect-data-processing (9ms)
2025-4-23 15:20:48-debug: asset-db:refresh-all-database (300ms)
2025-4-23 15:20:48-debug: asset-db-hook-engine-extends-afterRefresh (11ms)
