2025-4-22 16:07:16-debug: start **** info
2025-4-22 16:07:16-log: Cannot access game frame or container.
2025-4-22 16:07:17-debug: asset-db:require-engine-code (575ms)
2025-4-22 16:07:17-log: meshopt wasm decoder initialized
2025-4-22 16:07:17-log: [box2d]:box2d wasm lib loaded.
2025-4-22 16:07:17-log: [bullet]:bullet wasm lib loaded.
2025-4-22 16:07:17-log: Cocos Creator v3.8.5
2025-4-22 16:07:17-log: Using legacy pipeline
2025-4-22 16:07:17-debug: [Assets Memory track]: asset-db:worker-init: initEngine start:30.56MB, end 79.33MB, increase: 48.76MB
2025-4-22 16:07:18-debug: [Assets Memory track]: asset-db-plugin-register: builder start:83.37MB, end 205.37MB, increase: 122.00MB
2025-4-22 16:07:17-debug: [Assets Memory track]: asset-db-plugin-register: programming start:80.19MB, end 83.34MB, increase: 3.15MB
2025-4-22 16:07:17-log: Forward render pipeline initialized.
2025-4-22 16:07:18-debug: [Assets Memory track]: asset-db-plugin-register: project start:80.04MB, end 208.87MB, increase: 128.83MB
2025-4-22 16:07:18-debug: [Assets Memory track]: asset-db:worker-init: initPlugin start:79.35MB, end 208.90MB, increase: 129.55MB
2025-4-22 16:07:18-debug: [Assets Memory track]: asset-db-plugin-register: engine-extends start:205.62MB, end 208.80MB, increase: 3.19MB
2025-4-22 16:07:18-debug: run package(runtime-dev-tools) handler(enable) start
2025-4-22 16:07:18-debug: run package(taobao-mini-game) handler(enable) start
2025-4-22 16:07:18-debug: run package(taobao-mini-game) handler(enable) success!
2025-4-22 16:07:18-debug: run package(runtime-dev-tools) handler(enable) success!
2025-4-22 16:07:18-debug: run package(vivo-mini-game) handler(enable) start
2025-4-22 16:07:18-debug: run package(web-desktop) handler(enable) start
2025-4-22 16:07:18-debug: run package(vivo-mini-game) handler(enable) success!
2025-4-22 16:07:18-debug: run package(web-desktop) handler(enable) success!
2025-4-22 16:07:18-debug: run package(wechatgame) handler(enable) start
2025-4-22 16:07:18-debug: run package(web-mobile) handler(enable) success!
2025-4-22 16:07:18-debug: run package(wechatgame) handler(enable) success!
2025-4-22 16:07:18-debug: run package(wechatprogram) handler(enable) start
2025-4-22 16:07:18-debug: run package(wechatprogram) handler(enable) success!
2025-4-22 16:07:18-debug: run package(web-mobile) handler(enable) start
2025-4-22 16:07:18-debug: run package(windows) handler(enable) start
2025-4-22 16:07:18-debug: run package(xiaomi-quick-game) handler(enable) start
2025-4-22 16:07:18-debug: run package(xiaomi-quick-game) handler(enable) success!
2025-4-22 16:07:18-debug: run package(cocos-service) handler(enable) start
2025-4-22 16:07:18-debug: run package(cocos-service) handler(enable) success!
2025-4-22 16:07:18-debug: run package(windows) handler(enable) success!
2025-4-22 16:07:18-debug: run package(im-plugin) handler(enable) success!
2025-4-22 16:07:18-debug: run package(placeholder) handler(enable) start
2025-4-22 16:07:18-debug: run package(placeholder) handler(enable) success!
2025-4-22 16:07:18-debug: run package(im-plugin) handler(enable) start
2025-4-22 16:07:18-debug: asset-db:worker-init: initPlugin (1269ms)
2025-4-22 16:07:18-debug: [Assets Memory track]: asset-db:worker-init start:30.56MB, end 210.09MB, increase: 179.54MB
2025-4-22 16:07:18-debug: Run asset db hook engine-extends:beforePreStart ...
2025-4-22 16:07:18-debug: Run asset db hook engine-extends:beforePreStart success!
2025-4-22 16:07:18-debug: Run asset db hook programming:beforePreStart ...
2025-4-22 16:07:18-debug: Run asset db hook programming:beforePreStart success!
2025-4-22 16:07:18-debug: asset-db:worker-init (1992ms)
2025-4-22 16:07:18-debug: asset-db-hook-programming-beforePreStart (72ms)
2025-4-22 16:07:18-debug: asset-db-hook-engine-extends-beforePreStart (72ms)
2025-4-22 16:07:18-debug: Preimport db internal success
2025-4-22 16:07:18-debug: Run asset db hook programming:afterPreStart ...
2025-4-22 16:07:18-debug: Preimport db assets success
2025-4-22 16:07:18-debug: starting packer-driver...
2025-4-22 16:07:20-debug: initialize scripting environment...
2025-4-22 16:07:20-debug: [[Executor]] prepare before lock
2025-4-22 16:07:20-debug: Set detail map pack:///resolution-detail-map.json: {}
2025-4-22 16:07:20-debug: [[Executor]] prepare after unlock
2025-4-22 16:07:20-debug: Run asset db hook programming:afterPreStart success!
2025-4-22 16:07:20-debug: Run asset db hook engine-extends:afterPreStart success!
2025-4-22 16:07:20-debug: Start up the 'internal' database...
2025-4-22 16:07:20-debug: Run asset db hook engine-extends:afterPreStart ...
2025-4-22 16:07:21-debug: asset-db-hook-programming-afterPreStart (2659ms)
2025-4-22 16:07:21-debug: asset-db:worker-effect-data-processing (244ms)
2025-4-22 16:07:21-debug: asset-db-hook-engine-extends-afterPreStart (244ms)
2025-4-22 16:07:21-debug: [Assets Memory track]: asset-db:worker-startup-database[internal] start:210.19MB, end 223.17MB, increase: 12.98MB
2025-4-22 16:07:21-debug: Start up the 'assets' database...
2025-4-22 16:07:21-debug: asset-db:worker-startup-database[internal] (2839ms)
2025-4-22 16:07:21-debug: [Assets Memory track]: asset-db:worker-startup-database[assets] start:212.24MB, end 225.80MB, increase: 13.55MB
2025-4-22 16:07:21-debug: [Assets Memory track]: asset-db:worker-init: startup start:208.94MB, end 225.81MB, increase: 16.88MB
2025-4-22 16:07:21-debug: lazy register asset handler text
2025-4-22 16:07:21-debug: lazy register asset handler json
2025-4-22 16:07:21-debug: lazy register asset handler directory
2025-4-22 16:07:21-debug: lazy register asset handler dragonbones
2025-4-22 16:07:21-debug: lazy register asset handler dragonbones-atlas
2025-4-22 16:07:21-debug: lazy register asset handler javascript
2025-4-22 16:07:21-debug: lazy register asset handler typescript
2025-4-22 16:07:21-debug: lazy register asset handler scene
2025-4-22 16:07:21-debug: lazy register asset handler prefab
2025-4-22 16:07:21-debug: lazy register asset handler sprite-frame
2025-4-22 16:07:21-debug: lazy register asset handler tiled-map
2025-4-22 16:07:21-debug: lazy register asset handler buffer
2025-4-22 16:07:21-debug: lazy register asset handler image
2025-4-22 16:07:21-debug: lazy register asset handler sign-image
2025-4-22 16:07:21-debug: lazy register asset handler alpha-image
2025-4-22 16:07:21-debug: lazy register asset handler texture
2025-4-22 16:07:21-debug: lazy register asset handler texture-cube
2025-4-22 16:07:21-debug: lazy register asset handler terrain
2025-4-22 16:07:21-debug: lazy register asset handler erp-texture-cube
2025-4-22 16:07:21-debug: lazy register asset handler *
2025-4-22 16:07:21-debug: lazy register asset handler spine-data
2025-4-22 16:07:21-debug: lazy register asset handler rt-sprite-frame
2025-4-22 16:07:21-debug: lazy register asset handler texture-cube-face
2025-4-22 16:07:21-debug: lazy register asset handler render-texture
2025-4-22 16:07:21-debug: lazy register asset handler gltf-animation
2025-4-22 16:07:21-debug: lazy register asset handler gltf-mesh
2025-4-22 16:07:21-debug: lazy register asset handler gltf-skeleton
2025-4-22 16:07:21-debug: lazy register asset handler gltf-embeded-image
2025-4-22 16:07:21-debug: lazy register asset handler gltf-scene
2025-4-22 16:07:21-debug: lazy register asset handler gltf-material
2025-4-22 16:07:21-debug: lazy register asset handler fbx
2025-4-22 16:07:21-debug: lazy register asset handler material
2025-4-22 16:07:21-debug: lazy register asset handler physics-material
2025-4-22 16:07:21-debug: lazy register asset handler effect
2025-4-22 16:07:21-debug: lazy register asset handler effect-header
2025-4-22 16:07:21-debug: lazy register asset handler gltf
2025-4-22 16:07:21-debug: lazy register asset handler animation-clip
2025-4-22 16:07:21-debug: lazy register asset handler audio-clip
2025-4-22 16:07:21-debug: lazy register asset handler animation-graph
2025-4-22 16:07:21-debug: lazy register asset handler ttf-font
2025-4-22 16:07:21-debug: lazy register asset handler animation-graph-variant
2025-4-22 16:07:21-debug: lazy register asset handler bitmap-font
2025-4-22 16:07:21-debug: lazy register asset handler animation-mask
2025-4-22 16:07:21-debug: lazy register asset handler sprite-atlas
2025-4-22 16:07:21-debug: lazy register asset handler particle
2025-4-22 16:07:21-debug: lazy register asset handler auto-atlas
2025-4-22 16:07:21-debug: lazy register asset handler label-atlas
2025-4-22 16:07:21-debug: lazy register asset handler render-flow
2025-4-22 16:07:21-debug: lazy register asset handler instantiation-material
2025-4-22 16:07:21-debug: lazy register asset handler render-stage
2025-4-22 16:07:21-debug: lazy register asset handler instantiation-mesh
2025-4-22 16:07:21-debug: lazy register asset handler instantiation-skeleton
2025-4-22 16:07:21-debug: lazy register asset handler instantiation-animation
2025-4-22 16:07:21-debug: lazy register asset handler video-clip
2025-4-22 16:07:21-debug: lazy register asset handler render-pipeline
2025-4-22 16:07:21-debug: asset-db:worker-startup-database[assets] (2790ms)
2025-4-22 16:07:21-debug: asset-db:ready (6785ms)
2025-4-22 16:07:21-debug: asset-db:start-database (2892ms)
2025-4-22 16:07:21-debug: init worker message success
2025-4-22 16:07:21-debug: programming:execute-script (4ms)
2025-4-22 16:07:21-debug: [Build Memory track]: builder:worker-init start:225.37MB, end 240.53MB, increase: 15.17MB
2025-4-22 16:07:21-debug: builder:worker-init (326ms)
2025-4-22 16:08:25-debug: %cImport%c: C:\Users\Administrator\MahjongDenfense\assets\scene\MainScene.scenebackground: #aaff85; color: #000;color: #000;
2025-4-22 16:08:25-debug: asset-db:reimport-asset7319cee2-ed1c-451c-b7d4-4d1f84c46d5d (26ms)
2025-4-22 16:08:32-debug: Query all assets info in project
2025-4-22 16:08:32-debug: init custom config: keepNodeUuid: false, useCache: true
2025-4-22 16:08:32-debug: 查询 Asset Bundle start, progress: 0%
2025-4-22 16:08:32-debug: // ---- build task 查询 Asset Bundle ----
2025-4-22 16:08:32-debug: Query preload assets/scripts from cc.config.json: 60f7195c-ec2a-45eb-ba94-8955f60e81d0,1c02ae6f-4492-4915-b8f8-7492a3b1e4cd,810e96e4-e456-4468-9b59-f4e8f39732c0,efe8e2a3-eace-427b-b4f1-cb8a937ec77d,e9aa9a3e-5b2b-4ac7-a2c7-073de2b2b24f,8bbdbcdd-5cd4-4100-b6d5-b7c9625b6107,50f4348b-c883-4e2f-8f11-ce233b859fa1,fda095cb-831d-4601-ad94-846013963de8,f92806d7-1768-443f-afe8-12bcde84d0f0,dd3a144d-ab7f-41f0-82b8-2e43a090d496,f0416e68-0200-4b77-a926-4f9d16e494da,970b0598-bcb0-4714-91fb-2e81440dccd8,bcd64cc6-2dd9-43f6-abbe-66318d332032,d930590d-bb92-4cc8-8bd1-23cd027f9edf,a3cd009f-0ab0-420d-9278-b9fdab939bbc,6a2d0734-bd9e-4ddf-946e-caa52498cb75,c27215d8-6835-4b68-bfbb-bdeac6100c04,b5d6115f-0370-4d7c-aad3-c194cc71cf98,871c3b6c-7379-419d-bda3-794b239ab90d,ff9b0199-ce04-4cfe-86cc-6c719f08d6e4,de1c2107-70c8-4021-8459-6399f24d01c6,cbf30902-517f-40dc-af90-a550bac27cf1
2025-4-22 16:08:32-debug:   Number of all scenes: 1
2025-4-22 16:08:32-debug:   Number of other assets: 532
2025-4-22 16:08:32-debug:   Number of all scripts: 9
2025-4-22 16:08:32-debug: // ---- build task 查询 Asset Bundle ---- (8ms)
2025-4-22 16:08:32-debug: run build task 查询 Asset Bundle success in 8 ms√, progress: 5%
2025-4-22 16:08:32-debug: [Build Memory track]: 查询 Asset Bundle start:166.05MB, end 166.49MB, increase: 445.98KB
2025-4-22 16:08:32-debug: 查询 Asset Bundle start, progress: 5%
2025-4-22 16:08:32-debug: // ---- build task 查询 Asset Bundle ----
2025-4-22 16:08:32-debug: // ---- build task 查询 Asset Bundle ---- (2ms)
2025-4-22 16:08:32-debug: [Build Memory track]: 查询 Asset Bundle start:166.53MB, end 166.66MB, increase: 136.74KB
2025-4-22 16:08:32-debug: 整理部分构建选项内数据到 settings.json start, progress: 10%
2025-4-22 16:08:32-debug: run build task 查询 Asset Bundle success in 2 ms√, progress: 10%
2025-4-22 16:08:32-debug: // ---- build task 整理部分构建选项内数据到 settings.json ----
2025-4-22 16:08:32-debug: run build task 整理部分构建选项内数据到 settings.json success in √, progress: 12%
2025-4-22 16:08:32-debug: [Build Memory track]: 整理部分构建选项内数据到 settings.json start:166.70MB, end 166.72MB, increase: 18.33KB
2025-4-22 16:08:32-debug: 填充脚本数据到 settings.json start, progress: 12%
2025-4-22 16:08:32-debug: // ---- build task 填充脚本数据到 settings.json ----
2025-4-22 16:08:32-debug: // ---- build task 填充脚本数据到 settings.json ---- (1ms)
2025-4-22 16:08:32-debug: run build task 填充脚本数据到 settings.json success in 1 ms√, progress: 13%
2025-4-22 16:08:32-debug: 整理部分构建选项内数据到 settings.json start, progress: 13%
2025-4-22 16:08:32-debug: [Build Memory track]: 填充脚本数据到 settings.json start:166.75MB, end 166.78MB, increase: 31.39KB
2025-4-22 16:08:32-debug: // ---- build task 整理部分构建选项内数据到 settings.json ----
2025-4-22 16:08:32-debug: // ---- build task 整理部分构建选项内数据到 settings.json ---- (4ms)
2025-4-22 16:08:32-debug: [Build Memory track]: 整理部分构建选项内数据到 settings.json start:166.83MB, end 166.97MB, increase: 147.61KB
2025-4-22 16:08:32-debug: run build task 整理部分构建选项内数据到 settings.json success in 4 ms√, progress: 15%
2025-4-22 16:09:24-debug: refresh db internal success
2025-4-22 16:09:24-debug: %cImport%c: C:\Users\Administrator\MahjongDenfense\assets\scripts\MahjongTile.tsbackground: #aaff85; color: #000;color: #000;
2025-4-22 16:09:24-debug: refresh db assets success
2025-4-22 16:09:24-debug: Run asset db hook engine-extends:afterRefresh success!
2025-4-22 16:09:24-debug: Run asset db hook engine-extends:afterRefresh ...
2025-4-22 16:09:24-debug: asset-db:refresh-all-database (148ms)
2025-4-22 16:09:24-debug: asset-db:worker-effect-data-processing (1ms)
2025-4-22 16:09:24-debug: asset-db-hook-engine-extends-afterRefresh (2ms)
2025-4-22 16:09:25-debug: Query all assets info in project
2025-4-22 16:09:25-debug: init custom config: keepNodeUuid: false, useCache: true
2025-4-22 16:09:25-debug: 查询 Asset Bundle start, progress: 0%
2025-4-22 16:09:25-debug: // ---- build task 查询 Asset Bundle ----
2025-4-22 16:09:25-debug: Query preload assets/scripts from cc.config.json: 60f7195c-ec2a-45eb-ba94-8955f60e81d0,1c02ae6f-4492-4915-b8f8-7492a3b1e4cd,810e96e4-e456-4468-9b59-f4e8f39732c0,efe8e2a3-eace-427b-b4f1-cb8a937ec77d,e9aa9a3e-5b2b-4ac7-a2c7-073de2b2b24f,8bbdbcdd-5cd4-4100-b6d5-b7c9625b6107,50f4348b-c883-4e2f-8f11-ce233b859fa1,fda095cb-831d-4601-ad94-846013963de8,f92806d7-1768-443f-afe8-12bcde84d0f0,dd3a144d-ab7f-41f0-82b8-2e43a090d496,f0416e68-0200-4b77-a926-4f9d16e494da,970b0598-bcb0-4714-91fb-2e81440dccd8,bcd64cc6-2dd9-43f6-abbe-66318d332032,d930590d-bb92-4cc8-8bd1-23cd027f9edf,a3cd009f-0ab0-420d-9278-b9fdab939bbc,6a2d0734-bd9e-4ddf-946e-caa52498cb75,c27215d8-6835-4b68-bfbb-bdeac6100c04,b5d6115f-0370-4d7c-aad3-c194cc71cf98,871c3b6c-7379-419d-bda3-794b239ab90d,ff9b0199-ce04-4cfe-86cc-6c719f08d6e4,de1c2107-70c8-4021-8459-6399f24d01c6,cbf30902-517f-40dc-af90-a550bac27cf1
2025-4-22 16:09:25-debug:   Number of all scripts: 9
2025-4-22 16:09:25-debug:   Number of other assets: 532
2025-4-22 16:09:25-debug:   Number of all scenes: 1
2025-4-22 16:09:25-debug: run build task 查询 Asset Bundle success in 14 ms√, progress: 5%
2025-4-22 16:09:25-debug: [Build Memory track]: 查询 Asset Bundle start:167.88MB, end 168.17MB, increase: 295.30KB
2025-4-22 16:09:25-debug: 查询 Asset Bundle start, progress: 5%
2025-4-22 16:09:25-debug: // ---- build task 查询 Asset Bundle ---- (14ms)
2025-4-22 16:09:25-debug: // ---- build task 查询 Asset Bundle ----
2025-4-22 16:09:25-debug: // ---- build task 查询 Asset Bundle ---- (2ms)
2025-4-22 16:09:25-debug: run build task 查询 Asset Bundle success in 2 ms√, progress: 10%
2025-4-22 16:09:25-debug: 整理部分构建选项内数据到 settings.json start, progress: 10%
2025-4-22 16:09:25-debug: [Build Memory track]: 查询 Asset Bundle start:168.21MB, end 168.33MB, increase: 122.25KB
2025-4-22 16:09:25-debug: // ---- build task 整理部分构建选项内数据到 settings.json ----
2025-4-22 16:09:25-debug: // ---- build task 整理部分构建选项内数据到 settings.json ---- (2ms)
2025-4-22 16:09:25-debug: [Build Memory track]: 整理部分构建选项内数据到 settings.json start:168.38MB, end 168.42MB, increase: 45.93KB
2025-4-22 16:09:25-debug: 填充脚本数据到 settings.json start, progress: 12%
2025-4-22 16:09:25-debug: run build task 整理部分构建选项内数据到 settings.json success in 2 ms√, progress: 12%
2025-4-22 16:09:25-debug: // ---- build task 填充脚本数据到 settings.json ----
2025-4-22 16:09:25-debug: // ---- build task 填充脚本数据到 settings.json ---- (1ms)
2025-4-22 16:09:25-debug: [Build Memory track]: 填充脚本数据到 settings.json start:168.46MB, end 168.50MB, increase: 37.32KB
2025-4-22 16:09:25-debug: run build task 填充脚本数据到 settings.json success in 1 ms√, progress: 13%
2025-4-22 16:09:25-debug: 整理部分构建选项内数据到 settings.json start, progress: 13%
2025-4-22 16:09:25-debug: // ---- build task 整理部分构建选项内数据到 settings.json ----
2025-4-22 16:09:25-debug: run build task 整理部分构建选项内数据到 settings.json success in 5 ms√, progress: 15%
2025-4-22 16:09:25-debug: [Build Memory track]: 整理部分构建选项内数据到 settings.json start:168.54MB, end 168.67MB, increase: 135.58KB
2025-4-22 16:09:25-debug: // ---- build task 整理部分构建选项内数据到 settings.json ---- (5ms)
2025-4-22 16:09:43-debug: refresh db internal success
2025-4-22 16:09:43-debug: Run asset db hook engine-extends:afterRefresh ...
2025-4-22 16:09:43-debug: Run asset db hook engine-extends:afterRefresh success!
2025-4-22 16:09:43-debug: refresh db assets success
2025-4-22 16:09:43-debug: asset-db:refresh-all-database (64ms)
2025-4-22 16:09:43-debug: asset-db:worker-effect-data-processing (1ms)
2025-4-22 16:09:43-debug: asset-db-hook-engine-extends-afterRefresh (1ms)
2025-4-22 16:20:23-debug: refresh db internal success
2025-4-22 16:20:23-debug: refresh db assets success
2025-4-22 16:20:23-debug: Run asset db hook engine-extends:afterRefresh ...
2025-4-22 16:20:23-debug: Run asset db hook engine-extends:afterRefresh success!
2025-4-22 16:20:23-debug: asset-db:refresh-all-database (78ms)
2025-4-22 17:23:02-debug: refresh db internal success
2025-4-22 17:23:02-debug: %cImport%c: C:\Users\Administrator\MahjongDenfense\assets\scripts\GameManager.tsbackground: #aaff85; color: #000;color: #000;
2025-4-22 17:23:02-debug: %cImport%c: C:\Users\Administrator\MahjongDenfense\assets\scripts\MahjongTile.tsbackground: #aaff85; color: #000;color: #000;
2025-4-22 17:23:02-debug: refresh db assets success
2025-4-22 17:23:02-debug: Run asset db hook engine-extends:afterRefresh ...
2025-4-22 17:23:02-debug: Run asset db hook engine-extends:afterRefresh success!
2025-4-22 17:23:02-debug: asset-db:refresh-all-database (123ms)
2025-4-22 17:23:02-debug: asset-db:worker-effect-data-processing (3ms)
2025-4-22 17:23:02-debug: asset-db-hook-engine-extends-afterRefresh (4ms)
2025-4-22 17:23:03-debug: Query all assets info in project
2025-4-22 17:23:03-debug: init custom config: keepNodeUuid: false, useCache: true
2025-4-22 17:23:03-debug: 查询 Asset Bundle start, progress: 0%
2025-4-22 17:23:03-debug: // ---- build task 查询 Asset Bundle ----
2025-4-22 17:23:03-debug: Query preload assets/scripts from cc.config.json: 60f7195c-ec2a-45eb-ba94-8955f60e81d0,1c02ae6f-4492-4915-b8f8-7492a3b1e4cd,810e96e4-e456-4468-9b59-f4e8f39732c0,efe8e2a3-eace-427b-b4f1-cb8a937ec77d,e9aa9a3e-5b2b-4ac7-a2c7-073de2b2b24f,8bbdbcdd-5cd4-4100-b6d5-b7c9625b6107,50f4348b-c883-4e2f-8f11-ce233b859fa1,fda095cb-831d-4601-ad94-846013963de8,f92806d7-1768-443f-afe8-12bcde84d0f0,dd3a144d-ab7f-41f0-82b8-2e43a090d496,f0416e68-0200-4b77-a926-4f9d16e494da,970b0598-bcb0-4714-91fb-2e81440dccd8,bcd64cc6-2dd9-43f6-abbe-66318d332032,d930590d-bb92-4cc8-8bd1-23cd027f9edf,a3cd009f-0ab0-420d-9278-b9fdab939bbc,6a2d0734-bd9e-4ddf-946e-caa52498cb75,c27215d8-6835-4b68-bfbb-bdeac6100c04,b5d6115f-0370-4d7c-aad3-c194cc71cf98,871c3b6c-7379-419d-bda3-794b239ab90d,ff9b0199-ce04-4cfe-86cc-6c719f08d6e4,de1c2107-70c8-4021-8459-6399f24d01c6,cbf30902-517f-40dc-af90-a550bac27cf1
2025-4-22 17:23:03-debug:   Number of all scenes: 1
2025-4-22 17:23:03-debug:   Number of other assets: 532
2025-4-22 17:23:03-debug:   Number of all scripts: 9
2025-4-22 17:23:03-debug: // ---- build task 查询 Asset Bundle ---- (17ms)
2025-4-22 17:23:03-debug: 查询 Asset Bundle start, progress: 5%
2025-4-22 17:23:03-debug: // ---- build task 查询 Asset Bundle ----
2025-4-22 17:23:03-debug: [Build Memory track]: 查询 Asset Bundle start:172.86MB, end 173.12MB, increase: 262.22KB
2025-4-22 17:23:03-debug: run build task 查询 Asset Bundle success in 17 ms√, progress: 5%
2025-4-22 17:23:03-debug: // ---- build task 查询 Asset Bundle ---- (3ms)
2025-4-22 17:23:03-debug: run build task 查询 Asset Bundle success in 3 ms√, progress: 10%
2025-4-22 17:23:03-debug: [Build Memory track]: 查询 Asset Bundle start:173.15MB, end 172.52MB, increase: -650.55KB
2025-4-22 17:23:03-debug: // ---- build task 整理部分构建选项内数据到 settings.json ----
2025-4-22 17:23:03-debug: 整理部分构建选项内数据到 settings.json start, progress: 10%
2025-4-22 17:23:03-debug: run build task 整理部分构建选项内数据到 settings.json success in √, progress: 12%
2025-4-22 17:23:03-debug: [Build Memory track]: 整理部分构建选项内数据到 settings.json start:172.56MB, end 172.57MB, increase: 19.27KB
2025-4-22 17:23:03-debug: 填充脚本数据到 settings.json start, progress: 12%
2025-4-22 17:23:03-debug: // ---- build task 填充脚本数据到 settings.json ----
2025-4-22 17:23:03-debug: // ---- build task 填充脚本数据到 settings.json ---- (1ms)
2025-4-22 17:23:03-debug: run build task 填充脚本数据到 settings.json success in 1 ms√, progress: 13%
2025-4-22 17:23:03-debug: 整理部分构建选项内数据到 settings.json start, progress: 13%
2025-4-22 17:23:03-debug: [Build Memory track]: 填充脚本数据到 settings.json start:172.61MB, end 172.64MB, increase: 31.30KB
2025-4-22 17:23:03-debug: // ---- build task 整理部分构建选项内数据到 settings.json ----
2025-4-22 17:23:03-debug: // ---- build task 整理部分构建选项内数据到 settings.json ---- (6ms)
2025-4-22 17:23:03-debug: [Build Memory track]: 整理部分构建选项内数据到 settings.json start:172.68MB, end 172.81MB, increase: 135.37KB
2025-4-22 17:23:03-debug: run build task 整理部分构建选项内数据到 settings.json success in 6 ms√, progress: 15%
2025-4-22 17:23:21-debug: refresh db internal success
2025-4-22 17:23:21-debug: refresh db assets success
2025-4-22 17:23:21-debug: Run asset db hook engine-extends:afterRefresh ...
2025-4-22 17:23:21-debug: Run asset db hook engine-extends:afterRefresh success!
2025-4-22 17:23:21-debug: asset-db:refresh-all-database (111ms)
2025-4-22 17:23:21-debug: asset-db-hook-engine-extends-afterRefresh (1ms)
2025-4-22 17:30:12-debug: refresh db internal success
2025-4-22 17:30:12-debug: %cImport%c: C:\Users\Administrator\MahjongDenfense\assets\scripts\MahjongTile.tsbackground: #aaff85; color: #000;color: #000;
2025-4-22 17:30:12-debug: %cImport%c: C:\Users\Administrator\MahjongDenfense\assets\scripts\GameManager.tsbackground: #aaff85; color: #000;color: #000;
2025-4-22 17:30:12-debug: refresh db assets success
2025-4-22 17:30:12-debug: Run asset db hook engine-extends:afterRefresh ...
2025-4-22 17:30:12-debug: Run asset db hook engine-extends:afterRefresh success!
2025-4-22 17:30:12-debug: asset-db:refresh-all-database (136ms)
2025-4-22 17:30:12-debug: asset-db:worker-effect-data-processing (1ms)
2025-4-22 17:30:12-debug: asset-db-hook-engine-extends-afterRefresh (1ms)
2025-4-22 17:30:13-debug: Query all assets info in project
2025-4-22 17:30:13-debug: init custom config: keepNodeUuid: false, useCache: true
2025-4-22 17:30:13-debug: 查询 Asset Bundle start, progress: 0%
2025-4-22 17:30:13-debug: // ---- build task 查询 Asset Bundle ----
2025-4-22 17:30:13-debug: Query preload assets/scripts from cc.config.json: 60f7195c-ec2a-45eb-ba94-8955f60e81d0,1c02ae6f-4492-4915-b8f8-7492a3b1e4cd,810e96e4-e456-4468-9b59-f4e8f39732c0,efe8e2a3-eace-427b-b4f1-cb8a937ec77d,e9aa9a3e-5b2b-4ac7-a2c7-073de2b2b24f,8bbdbcdd-5cd4-4100-b6d5-b7c9625b6107,50f4348b-c883-4e2f-8f11-ce233b859fa1,fda095cb-831d-4601-ad94-846013963de8,f92806d7-1768-443f-afe8-12bcde84d0f0,dd3a144d-ab7f-41f0-82b8-2e43a090d496,f0416e68-0200-4b77-a926-4f9d16e494da,970b0598-bcb0-4714-91fb-2e81440dccd8,bcd64cc6-2dd9-43f6-abbe-66318d332032,d930590d-bb92-4cc8-8bd1-23cd027f9edf,a3cd009f-0ab0-420d-9278-b9fdab939bbc,6a2d0734-bd9e-4ddf-946e-caa52498cb75,c27215d8-6835-4b68-bfbb-bdeac6100c04,b5d6115f-0370-4d7c-aad3-c194cc71cf98,871c3b6c-7379-419d-bda3-794b239ab90d,ff9b0199-ce04-4cfe-86cc-6c719f08d6e4,de1c2107-70c8-4021-8459-6399f24d01c6,cbf30902-517f-40dc-af90-a550bac27cf1
2025-4-22 17:30:13-debug:   Number of all scenes: 1
2025-4-22 17:30:13-debug:   Number of all scripts: 9
2025-4-22 17:30:13-debug:   Number of other assets: 532
2025-4-22 17:30:13-debug: // ---- build task 查询 Asset Bundle ---- (12ms)
2025-4-22 17:30:13-debug: [Build Memory track]: 查询 Asset Bundle start:175.41MB, end 175.63MB, increase: 227.52KB
2025-4-22 17:30:13-debug: // ---- build task 查询 Asset Bundle ----
2025-4-22 17:30:13-debug: run build task 查询 Asset Bundle success in 12 ms√, progress: 5%
2025-4-22 17:30:13-debug: 查询 Asset Bundle start, progress: 5%
2025-4-22 17:30:13-debug: // ---- build task 查询 Asset Bundle ---- (6ms)
2025-4-22 17:30:13-debug: [Build Memory track]: 查询 Asset Bundle start:175.66MB, end 175.08MB, increase: -600.73KB
2025-4-22 17:30:13-debug: // ---- build task 整理部分构建选项内数据到 settings.json ----
2025-4-22 17:30:13-debug: 整理部分构建选项内数据到 settings.json start, progress: 10%
2025-4-22 17:30:13-debug: run build task 查询 Asset Bundle success in 6 ms√, progress: 10%
2025-4-22 17:30:13-debug: 填充脚本数据到 settings.json start, progress: 12%
2025-4-22 17:30:13-debug: // ---- build task 整理部分构建选项内数据到 settings.json ---- (1ms)
2025-4-22 17:30:13-debug: run build task 整理部分构建选项内数据到 settings.json success in 1 ms√, progress: 12%
2025-4-22 17:30:13-debug: [Build Memory track]: 整理部分构建选项内数据到 settings.json start:175.11MB, end 175.15MB, increase: 38.02KB
2025-4-22 17:30:13-debug: // ---- build task 填充脚本数据到 settings.json ----
2025-4-22 17:30:13-debug: // ---- build task 填充脚本数据到 settings.json ---- (1ms)
2025-4-22 17:30:13-debug: run build task 填充脚本数据到 settings.json success in 1 ms√, progress: 13%
2025-4-22 17:30:13-debug: [Build Memory track]: 填充脚本数据到 settings.json start:175.19MB, end 175.22MB, increase: 34.44KB
2025-4-22 17:30:13-debug: 整理部分构建选项内数据到 settings.json start, progress: 13%
2025-4-22 17:30:13-debug: // ---- build task 整理部分构建选项内数据到 settings.json ----
2025-4-22 17:30:13-debug: // ---- build task 整理部分构建选项内数据到 settings.json ---- (8ms)
2025-4-22 17:30:13-debug: run build task 整理部分构建选项内数据到 settings.json success in 8 ms√, progress: 15%
2025-4-22 17:30:13-debug: [Build Memory track]: 整理部分构建选项内数据到 settings.json start:175.26MB, end 175.39MB, increase: 133.05KB
2025-4-22 17:30:33-debug: refresh db internal success
2025-4-22 17:30:33-debug: refresh db assets success
2025-4-22 17:30:33-debug: Run asset db hook engine-extends:afterRefresh ...
2025-4-22 17:30:33-debug: Run asset db hook engine-extends:afterRefresh success!
2025-4-22 17:30:33-debug: asset-db:refresh-all-database (68ms)
2025-4-22 17:30:33-debug: asset-db:worker-effect-data-processing (1ms)
2025-4-22 17:30:33-debug: asset-db-hook-engine-extends-afterRefresh (1ms)
