2025-4-22 15:30:26-debug: start **** info
2025-4-22 15:30:27-log: Cannot access game frame or container.
2025-4-22 15:30:27-debug: asset-db:require-engine-code (606ms)
2025-4-22 15:30:27-log: meshopt wasm decoder initialized
2025-4-22 15:30:27-log: [bullet]:bullet wasm lib loaded.
2025-4-22 15:30:27-log: [box2d]:box2d wasm lib loaded.
2025-4-22 15:30:27-log: Cocos Creator v3.8.5
2025-4-22 15:30:27-log: Using legacy pipeline
2025-4-22 15:30:27-log: Forward render pipeline initialized.
2025-4-22 15:30:27-debug: [Assets Memory track]: asset-db-plugin-register: programming start:80.19MB, end 83.51MB, increase: 3.31MB
2025-4-22 15:30:27-debug: [Assets Memory track]: asset-db:worker-init: initEngine start:30.58MB, end 79.33MB, increase: 48.76MB
2025-4-22 15:30:28-debug: [Assets Memory track]: asset-db-plugin-register: project start:80.05MB, end 208.35MB, increase: 128.30MB
2025-4-22 15:30:28-debug: [Assets Memory track]: asset-db-plugin-register: builder start:83.53MB, end 204.80MB, increase: 121.26MB
2025-4-22 15:30:28-debug: [Assets Memory track]: asset-db-plugin-register: engine-extends start:205.04MB, end 208.28MB, increase: 3.24MB
2025-4-22 15:30:28-debug: [Assets Memory track]: asset-db:worker-init: initPlugin start:79.35MB, end 208.38MB, increase: 129.02MB
2025-4-22 15:30:28-debug: run package(web-mobile) handler(enable) start
2025-4-22 15:30:28-debug: run package(web-mobile) handler(enable) success!
2025-4-22 15:30:28-debug: run package(wechatgame) handler(enable) start
2025-4-22 15:30:28-debug: run package(wechatprogram) handler(enable) start
2025-4-22 15:30:28-debug: run package(wechatgame) handler(enable) success!
2025-4-22 15:30:28-debug: run package(wechatprogram) handler(enable) success!
2025-4-22 15:30:28-debug: run package(windows) handler(enable) start
2025-4-22 15:30:28-debug: run package(windows) handler(enable) success!
2025-4-22 15:30:28-debug: run package(xiaomi-quick-game) handler(enable) start
2025-4-22 15:30:28-debug: run package(xiaomi-quick-game) handler(enable) success!
2025-4-22 15:30:28-debug: run package(cocos-service) handler(enable) start
2025-4-22 15:30:28-debug: run package(cocos-service) handler(enable) success!
2025-4-22 15:30:28-debug: run package(im-plugin) handler(enable) start
2025-4-22 15:30:28-debug: run package(im-plugin) handler(enable) success!
2025-4-22 15:30:28-debug: run package(placeholder) handler(enable) start
2025-4-22 15:30:28-debug: run package(placeholder) handler(enable) success!
2025-4-22 15:30:28-debug: asset-db:worker-init: initPlugin (1223ms)
2025-4-22 15:30:28-debug: [Assets Memory track]: asset-db:worker-init start:30.57MB, end 209.28MB, increase: 178.72MB
2025-4-22 15:30:28-debug: Run asset db hook programming:beforePreStart success!
2025-4-22 15:30:28-debug: Run asset db hook engine-extends:beforePreStart success!
2025-4-22 15:30:28-debug: Run asset db hook engine-extends:beforePreStart ...
2025-4-22 15:30:28-debug: Run asset db hook programming:beforePreStart ...
2025-4-22 15:30:28-debug: asset-db:worker-init (1994ms)
2025-4-22 15:30:28-debug: asset-db-hook-programming-beforePreStart (87ms)
2025-4-22 15:30:28-debug: asset-db-hook-engine-extends-beforePreStart (86ms)
2025-4-22 15:30:28-debug: Preimport db internal success
2025-4-22 15:30:29-debug: Preimport db assets success
2025-4-22 15:30:29-debug: Run asset db hook programming:afterPreStart ...
2025-4-22 15:30:29-debug: starting packer-driver...
2025-4-22 15:30:30-debug: initialize scripting environment...
2025-4-22 15:30:30-debug: [[Executor]] prepare before lock
2025-4-22 15:30:30-debug: Set detail map pack:///resolution-detail-map.json: {}
2025-4-22 15:30:30-debug: [[Executor]] prepare after unlock
2025-4-22 15:30:30-debug: Run asset db hook programming:afterPreStart success!
2025-4-22 15:30:30-debug: Run asset db hook engine-extends:afterPreStart success!
2025-4-22 15:30:30-debug: [Assets Memory track]: asset-db:worker-init: preStart start:209.30MB, end 211.77MB, increase: 2.47MB
2025-4-22 15:30:30-debug: Start up the 'internal' database...
2025-4-22 15:30:30-debug: Run asset db hook engine-extends:afterPreStart ...
2025-4-22 15:30:31-debug: asset-db-hook-programming-afterPreStart (2066ms)
2025-4-22 15:30:31-debug: asset-db:worker-effect-data-processing (258ms)
2025-4-22 15:30:31-debug: asset-db-hook-engine-extends-afterPreStart (258ms)
2025-4-22 15:30:31-debug: [Assets Memory track]: asset-db:worker-startup-database[internal] start:209.39MB, end 223.07MB, increase: 13.68MB
2025-4-22 15:30:31-debug: Start up the 'assets' database...
2025-4-22 15:30:31-debug: [Assets Memory track]: asset-db:worker-startup-database[assets] start:209.95MB, end 225.69MB, increase: 15.73MB
2025-4-22 15:30:31-debug: [Assets Memory track]: asset-db:worker-init: startup start:211.79MB, end 225.70MB, increase: 13.92MB
2025-4-22 15:30:31-debug: lazy register asset handler *
2025-4-22 15:30:31-debug: lazy register asset handler json
2025-4-22 15:30:31-debug: lazy register asset handler spine-data
2025-4-22 15:30:31-debug: lazy register asset handler directory
2025-4-22 15:30:31-debug: lazy register asset handler dragonbones-atlas
2025-4-22 15:30:31-debug: lazy register asset handler text
2025-4-22 15:30:31-debug: lazy register asset handler dragonbones
2025-4-22 15:30:31-debug: lazy register asset handler javascript
2025-4-22 15:30:31-debug: lazy register asset handler typescript
2025-4-22 15:30:31-debug: lazy register asset handler prefab
2025-4-22 15:30:31-debug: lazy register asset handler terrain
2025-4-22 15:30:31-debug: lazy register asset handler sprite-frame
2025-4-22 15:30:31-debug: lazy register asset handler buffer
2025-4-22 15:30:31-debug: lazy register asset handler tiled-map
2025-4-22 15:30:31-debug: lazy register asset handler sign-image
2025-4-22 15:30:31-debug: lazy register asset handler alpha-image
2025-4-22 15:30:31-debug: lazy register asset handler scene
2025-4-22 15:30:31-debug: lazy register asset handler texture-cube
2025-4-22 15:30:31-debug: lazy register asset handler image
2025-4-22 15:30:31-debug: lazy register asset handler erp-texture-cube
2025-4-22 15:30:31-debug: lazy register asset handler texture-cube-face
2025-4-22 15:30:31-debug: lazy register asset handler texture
2025-4-22 15:30:31-debug: lazy register asset handler rt-sprite-frame
2025-4-22 15:30:31-debug: lazy register asset handler render-texture
2025-4-22 15:30:31-debug: lazy register asset handler gltf
2025-4-22 15:30:31-debug: lazy register asset handler gltf-animation
2025-4-22 15:30:31-debug: lazy register asset handler gltf-material
2025-4-22 15:30:31-debug: lazy register asset handler gltf-scene
2025-4-22 15:30:31-debug: lazy register asset handler gltf-mesh
2025-4-22 15:30:31-debug: lazy register asset handler gltf-skeleton
2025-4-22 15:30:31-debug: lazy register asset handler gltf-embeded-image
2025-4-22 15:30:31-debug: lazy register asset handler physics-material
2025-4-22 15:30:31-debug: lazy register asset handler material
2025-4-22 15:30:31-debug: lazy register asset handler effect-header
2025-4-22 15:30:31-debug: lazy register asset handler effect
2025-4-22 15:30:31-debug: lazy register asset handler audio-clip
2025-4-22 15:30:31-debug: lazy register asset handler fbx
2025-4-22 15:30:31-debug: lazy register asset handler animation-graph
2025-4-22 15:30:31-debug: lazy register asset handler animation-graph-variant
2025-4-22 15:30:31-debug: lazy register asset handler animation-mask
2025-4-22 15:30:31-debug: lazy register asset handler animation-clip
2025-4-22 15:30:31-debug: lazy register asset handler ttf-font
2025-4-22 15:30:31-debug: lazy register asset handler bitmap-font
2025-4-22 15:30:31-debug: lazy register asset handler particle
2025-4-22 15:30:31-debug: lazy register asset handler sprite-atlas
2025-4-22 15:30:31-debug: lazy register asset handler render-pipeline
2025-4-22 15:30:31-debug: lazy register asset handler auto-atlas
2025-4-22 15:30:31-debug: lazy register asset handler render-flow
2025-4-22 15:30:31-debug: lazy register asset handler render-stage
2025-4-22 15:30:31-debug: lazy register asset handler instantiation-material
2025-4-22 15:30:31-debug: lazy register asset handler instantiation-mesh
2025-4-22 15:30:31-debug: lazy register asset handler instantiation-skeleton
2025-4-22 15:30:31-debug: lazy register asset handler instantiation-animation
2025-4-22 15:30:31-debug: lazy register asset handler video-clip
2025-4-22 15:30:31-debug: lazy register asset handler label-atlas
2025-4-22 15:30:32-debug: asset-db:worker-startup-database[internal] (3373ms)
2025-4-22 15:30:32-debug: asset-db:worker-startup-database[assets] (3250ms)
2025-4-22 15:30:32-debug: asset-db:start-database (3377ms)
2025-4-22 15:30:32-debug: asset-db:ready (7302ms)
2025-4-22 15:30:32-debug: init worker message success
2025-4-22 15:30:32-debug: [Build Memory track]: builder:worker-init start:225.27MB, end 240.56MB, increase: 15.29MB
2025-4-22 15:30:32-debug: programming:execute-script (1ms)
2025-4-22 15:30:32-debug: builder:worker-init (381ms)
2025-4-22 15:30:32-debug: Query all assets info in project
2025-4-22 15:30:32-debug: init custom config: keepNodeUuid: false, useCache: true
2025-4-22 15:30:32-debug: 查询 Asset Bundle start, progress: 0%
2025-4-22 15:30:32-debug: // ---- build task 查询 Asset Bundle ----
2025-4-22 15:30:32-debug:   Number of all scenes: 1
2025-4-22 15:30:32-debug:   Number of other assets: 532
2025-4-22 15:30:32-debug: Query preload assets/scripts from cc.config.json: 60f7195c-ec2a-45eb-ba94-8955f60e81d0,1c02ae6f-4492-4915-b8f8-7492a3b1e4cd,810e96e4-e456-4468-9b59-f4e8f39732c0,efe8e2a3-eace-427b-b4f1-cb8a937ec77d,e9aa9a3e-5b2b-4ac7-a2c7-073de2b2b24f,8bbdbcdd-5cd4-4100-b6d5-b7c9625b6107,50f4348b-c883-4e2f-8f11-ce233b859fa1,fda095cb-831d-4601-ad94-846013963de8,f92806d7-1768-443f-afe8-12bcde84d0f0,dd3a144d-ab7f-41f0-82b8-2e43a090d496,f0416e68-0200-4b77-a926-4f9d16e494da,970b0598-bcb0-4714-91fb-2e81440dccd8,bcd64cc6-2dd9-43f6-abbe-66318d332032,d930590d-bb92-4cc8-8bd1-23cd027f9edf,a3cd009f-0ab0-420d-9278-b9fdab939bbc,6a2d0734-bd9e-4ddf-946e-caa52498cb75,c27215d8-6835-4b68-bfbb-bdeac6100c04,b5d6115f-0370-4d7c-aad3-c194cc71cf98,871c3b6c-7379-419d-bda3-794b239ab90d,ff9b0199-ce04-4cfe-86cc-6c719f08d6e4,de1c2107-70c8-4021-8459-6399f24d01c6,cbf30902-517f-40dc-af90-a550bac27cf1
2025-4-22 15:30:32-debug:   Number of all scripts: 9
2025-4-22 15:30:32-debug: // ---- build task 查询 Asset Bundle ---- (10ms)
2025-4-22 15:30:32-debug: run build task 查询 Asset Bundle success in 10 ms√, progress: 5%
2025-4-22 15:30:32-debug: 查询 Asset Bundle start, progress: 5%
2025-4-22 15:30:32-debug: [Build Memory track]: 查询 Asset Bundle start:236.87MB, end 239.12MB, increase: 2.25MB
2025-4-22 15:30:32-debug: // ---- build task 查询 Asset Bundle ----
2025-4-22 15:30:32-debug: run build task 查询 Asset Bundle success in 3 ms√, progress: 10%
2025-4-22 15:30:32-debug: [Build Memory track]: 查询 Asset Bundle start:239.16MB, end 239.31MB, increase: 146.59KB
2025-4-22 15:30:32-debug: // ---- build task 查询 Asset Bundle ---- (3ms)
2025-4-22 15:30:32-debug: 整理部分构建选项内数据到 settings.json start, progress: 10%
2025-4-22 15:30:32-debug: // ---- build task 整理部分构建选项内数据到 settings.json ----
2025-4-22 15:30:32-debug: // ---- build task 整理部分构建选项内数据到 settings.json ---- (1ms)
2025-4-22 15:30:32-debug: [Build Memory track]: 整理部分构建选项内数据到 settings.json start:239.34MB, end 239.38MB, increase: 33.47KB
2025-4-22 15:30:32-debug: run build task 整理部分构建选项内数据到 settings.json success in 1 ms√, progress: 12%
2025-4-22 15:30:32-debug: 填充脚本数据到 settings.json start, progress: 12%
2025-4-22 15:30:32-debug: // ---- build task 填充脚本数据到 settings.json ----
2025-4-22 15:30:32-debug: run build task 填充脚本数据到 settings.json success in 1 ms√, progress: 13%
2025-4-22 15:30:32-debug: [Build Memory track]: 填充脚本数据到 settings.json start:239.42MB, end 239.45MB, increase: 31.84KB
2025-4-22 15:30:32-debug: 整理部分构建选项内数据到 settings.json start, progress: 13%
2025-4-22 15:30:32-debug: // ---- build task 填充脚本数据到 settings.json ---- (1ms)
2025-4-22 15:30:32-debug: // ---- build task 整理部分构建选项内数据到 settings.json ----
2025-4-22 15:30:32-debug: // ---- build task 整理部分构建选项内数据到 settings.json ---- (4ms)
2025-4-22 15:30:32-debug: run build task 整理部分构建选项内数据到 settings.json success in 4 ms√, progress: 15%
2025-4-22 15:30:32-debug: [Build Memory track]: 整理部分构建选项内数据到 settings.json start:239.49MB, end 239.63MB, increase: 145.03KB
2025-4-22 15:30:43-debug: refresh db internal success
2025-4-22 15:30:43-debug: refresh db assets success
2025-4-22 15:30:43-debug: Run asset db hook engine-extends:afterRefresh ...
2025-4-22 15:30:43-debug: Run asset db hook engine-extends:afterRefresh success!
2025-4-22 15:30:43-debug: asset-db:refresh-all-database (97ms)
2025-4-22 15:30:43-debug: asset-db:worker-effect-data-processing (2ms)
2025-4-22 15:30:43-debug: asset-db-hook-engine-extends-afterRefresh (2ms)
2025-4-22 15:30:44-debug: Query all assets info in project
2025-4-22 15:30:44-debug: init custom config: keepNodeUuid: false, useCache: true
2025-4-22 15:30:44-debug: 查询 Asset Bundle start, progress: 0%
2025-4-22 15:30:44-debug: // ---- build task 查询 Asset Bundle ----
2025-4-22 15:30:44-debug: Query preload assets/scripts from cc.config.json: 60f7195c-ec2a-45eb-ba94-8955f60e81d0,1c02ae6f-4492-4915-b8f8-7492a3b1e4cd,810e96e4-e456-4468-9b59-f4e8f39732c0,efe8e2a3-eace-427b-b4f1-cb8a937ec77d,e9aa9a3e-5b2b-4ac7-a2c7-073de2b2b24f,8bbdbcdd-5cd4-4100-b6d5-b7c9625b6107,50f4348b-c883-4e2f-8f11-ce233b859fa1,fda095cb-831d-4601-ad94-846013963de8,f92806d7-1768-443f-afe8-12bcde84d0f0,dd3a144d-ab7f-41f0-82b8-2e43a090d496,f0416e68-0200-4b77-a926-4f9d16e494da,970b0598-bcb0-4714-91fb-2e81440dccd8,bcd64cc6-2dd9-43f6-abbe-66318d332032,d930590d-bb92-4cc8-8bd1-23cd027f9edf,a3cd009f-0ab0-420d-9278-b9fdab939bbc,6a2d0734-bd9e-4ddf-946e-caa52498cb75,c27215d8-6835-4b68-bfbb-bdeac6100c04,b5d6115f-0370-4d7c-aad3-c194cc71cf98,871c3b6c-7379-419d-bda3-794b239ab90d,ff9b0199-ce04-4cfe-86cc-6c719f08d6e4,de1c2107-70c8-4021-8459-6399f24d01c6,cbf30902-517f-40dc-af90-a550bac27cf1
2025-4-22 15:30:44-debug:   Number of all scenes: 1
2025-4-22 15:30:44-debug:   Number of all scripts: 9
2025-4-22 15:30:44-debug:   Number of other assets: 532
2025-4-22 15:30:44-debug: // ---- build task 查询 Asset Bundle ---- (9ms)
2025-4-22 15:30:44-debug: run build task 查询 Asset Bundle success in 9 ms√, progress: 5%
2025-4-22 15:30:44-debug: // ---- build task 查询 Asset Bundle ----
2025-4-22 15:30:44-debug: [Build Memory track]: 查询 Asset Bundle start:167.47MB, end 169.59MB, increase: 2.12MB
2025-4-22 15:30:44-debug: 查询 Asset Bundle start, progress: 5%
2025-4-22 15:30:44-debug: run build task 查询 Asset Bundle success in 5 ms√, progress: 10%
2025-4-22 15:30:44-debug: [Build Memory track]: 查询 Asset Bundle start:169.62MB, end 169.76MB, increase: 137.46KB
2025-4-22 15:30:44-debug: // ---- build task 整理部分构建选项内数据到 settings.json ----
2025-4-22 15:30:44-debug: // ---- build task 查询 Asset Bundle ---- (5ms)
2025-4-22 15:30:44-debug: 整理部分构建选项内数据到 settings.json start, progress: 10%
2025-4-22 15:30:44-debug: run build task 整理部分构建选项内数据到 settings.json success in 2 ms√, progress: 12%
2025-4-22 15:30:44-debug: [Build Memory track]: 整理部分构建选项内数据到 settings.json start:169.80MB, end 169.83MB, increase: 32.56KB
2025-4-22 15:30:44-debug: // ---- build task 整理部分构建选项内数据到 settings.json ---- (2ms)
2025-4-22 15:30:44-debug: 填充脚本数据到 settings.json start, progress: 12%
2025-4-22 15:30:44-debug: // ---- build task 填充脚本数据到 settings.json ----
2025-4-22 15:30:44-debug: // ---- build task 填充脚本数据到 settings.json ---- (2ms)
2025-4-22 15:30:44-debug: [Build Memory track]: 填充脚本数据到 settings.json start:169.87MB, end 169.91MB, increase: 36.62KB
2025-4-22 15:30:44-debug: run build task 填充脚本数据到 settings.json success in 2 ms√, progress: 13%
2025-4-22 15:30:44-debug: // ---- build task 整理部分构建选项内数据到 settings.json ----
2025-4-22 15:30:44-debug: 整理部分构建选项内数据到 settings.json start, progress: 13%
2025-4-22 15:30:44-debug: [Build Memory track]: 整理部分构建选项内数据到 settings.json start:169.95MB, end 170.10MB, increase: 155.49KB
2025-4-22 15:30:44-debug: run build task 整理部分构建选项内数据到 settings.json success in 6 ms√, progress: 15%
2025-4-22 15:30:44-debug: // ---- build task 整理部分构建选项内数据到 settings.json ---- (6ms)
2025-4-22 15:30:55-debug: refresh db internal success
2025-4-22 15:30:55-debug: refresh db assets success
2025-4-22 15:30:55-debug: Run asset db hook engine-extends:afterRefresh ...
2025-4-22 15:30:55-debug: Run asset db hook engine-extends:afterRefresh success!
2025-4-22 15:30:55-debug: asset-db:refresh-all-database (69ms)
2025-4-22 15:30:55-debug: asset-db:worker-effect-data-processing (1ms)
2025-4-22 15:30:55-debug: asset-db-hook-engine-extends-afterRefresh (1ms)
2025-4-22 15:31:33-debug: refresh db internal success
2025-4-22 15:31:33-debug: refresh db assets success
2025-4-22 15:31:33-debug: Run asset db hook engine-extends:afterRefresh success!
2025-4-22 15:31:33-debug: Run asset db hook engine-extends:afterRefresh ...
2025-4-22 15:31:33-debug: asset-db:refresh-all-database (73ms)
2025-4-22 15:31:33-debug: asset-db:worker-effect-data-processing (3ms)
2025-4-22 15:31:33-debug: asset-db-hook-engine-extends-afterRefresh (4ms)
2025-4-22 15:31:41-debug: refresh db internal success
2025-4-22 15:31:41-debug: refresh db assets success
2025-4-22 15:31:41-debug: Run asset db hook engine-extends:afterRefresh ...
2025-4-22 15:31:41-debug: Run asset db hook engine-extends:afterRefresh success!
2025-4-22 15:31:41-debug: asset-db:refresh-all-database (65ms)
2025-4-22 15:31:41-debug: asset-db:worker-effect-data-processing (1ms)
2025-4-22 15:31:41-debug: asset-db-hook-engine-extends-afterRefresh (1ms)
2025-4-22 15:34:30-debug: refresh db internal success
2025-4-22 15:34:30-debug: refresh db assets success
2025-4-22 15:34:30-debug: Run asset db hook engine-extends:afterRefresh success!
2025-4-22 15:34:30-debug: Run asset db hook engine-extends:afterRefresh ...
2025-4-22 15:34:30-debug: asset-db:worker-effect-data-processing (3ms)
2025-4-22 15:34:30-debug: asset-db:refresh-all-database (99ms)
2025-4-22 15:34:30-debug: asset-db-hook-engine-extends-afterRefresh (4ms)
2025-4-22 15:34:32-debug: refresh db internal success
2025-4-22 15:34:32-debug: refresh db assets success
2025-4-22 15:34:32-debug: Run asset db hook engine-extends:afterRefresh ...
2025-4-22 15:34:32-debug: Run asset db hook engine-extends:afterRefresh success!
2025-4-22 15:34:32-debug: asset-db:refresh-all-database (94ms)
2025-4-22 15:34:32-debug: asset-db:worker-effect-data-processing (1ms)
2025-4-22 15:34:32-debug: asset-db-hook-engine-extends-afterRefresh (1ms)
